Performing C++ SOURCE FILE Test ADDRESS_SANITIZER_AVAILABLE failed with the following compile output:
Change Dir: C:/Users/Owner/Documents/GitHub/spacex-api-wrapper/build/CMakeFiles/CMakeTmp

Run Build Command(s):C:/Program Files (x86)/Microsoft Visual Studio/2022/BuildTools/MSBuild/Current/Bin/amd64/MSBuild.exe cmTC_91c84.vcxproj /p:Configuration=Debug /p:Platform=x64 /p:VisualStudioVersion=17.0 /v:m && Microsoft (R) Build Engine version 17.2.1+52cd2da31 for .NET Framework
Copyright (C) Microsoft Corporation. All rights reserved.

  Microsoft (R) C/C++ Optimizing Compiler Version 19.32.31332 for x64
  src.cxx
  Copyright (C) Microsoft Corporation.  All rights reserved.
  cl /c /I"C:\Users\Owner\vcpkg\installed\x64-windows\include" /Zi /W1 /WX- /diagnostics:column /Od /Ob0 /D _MBCS /D WIN32 /D _WINDOWS /D ADDRESS_SANITIZER_AVAILABLE /D "CMAKE_INTDIR=\"Debug\"" /Gm- /EHsc /RTC1 /MDd /GS /fp:precise /Zc:wchar_t /Zc:forScope /Zc:inline /Fo"cmTC_91c84.dir\Debug\\" /Fd"cmTC_91c84.dir\Debug\vc143.pdb" /external:W1 /Gd /TP /errorReport:queue  -fsanitize=address "C:\Users\Owner\Documents\GitHub\spacex-api-wrapper\build\CMakeFiles\CMakeTmp\src.cxx"
  cmTC_91c84.vcxproj -> C:\Users\Owner\Documents\GitHub\spacex-api-wrapper\build\CMakeFiles\CMakeTmp\Debug\cmTC_91c84.exe


...and run output:
Exit code 0xc0000135

Return value: FAILED_TO_RUN
Source file was:
int main() { return 0; }
Performing C++ SOURCE FILE Test LEAK_SANITIZER_AVAILABLE failed with the following output:
Change Dir: C:/Users/Owner/Documents/GitHub/spacex-api-wrapper/build/CMakeFiles/CMakeTmp

Run Build Command(s):C:/Program Files (x86)/Microsoft Visual Studio/2022/BuildTools/MSBuild/Current/Bin/amd64/MSBuild.exe cmTC_fb930.vcxproj /p:Configuration=Debug /p:Platform=x64 /p:VisualStudioVersion=17.0 /v:m && Microsoft (R) Build Engine version 17.2.1+52cd2da31 for .NET Framework
Copyright (C) Microsoft Corporation. All rights reserved.

  Microsoft (R) C/C++ Optimizing Compiler Version 19.32.31332 for x64
  src.cxx
  Copyright (C) Microsoft Corporation.  All rights reserved.
  cl /c /I"C:\Users\Owner\vcpkg\installed\x64-windows\include" /Zi /W1 /WX- /diagnostics:column /Od /Ob0 /D _MBCS /D WIN32 /D _WINDOWS /D LEAK_SANITIZER_AVAILABLE /D "CMAKE_INTDIR=\"Debug\"" /Gm- /EHsc /RTC1 /MDd /GS /fp:precise /Zc:wchar_t /Zc:forScope /Zc:inline /Fo"cmTC_fb930.dir\Debug\\" /Fd"cmTC_fb930.dir\Debug\vc143.pdb" /external:W1 /Gd /TP /errorReport:queue  -fsanitize=leak "C:\Users\Owner\Documents\GitHub\spacex-api-wrapper\build\CMakeFiles\CMakeTmp\src.cxx"
cl : command line warning D9002: ignoring unknown option '-fsanitize=leak' [C:\Users\Owner\Documents\GitHub\spacex-api-wrapper\build\CMakeFiles\CMakeTmp\cmTC_fb930.vcxproj]
  cmTC_fb930.vcxproj -> C:\Users\Owner\Documents\GitHub\spacex-api-wrapper\build\CMakeFiles\CMakeTmp\Debug\cmTC_fb930.exe


Source file was:
int main() { return 0; }
Performing C++ SOURCE FILE Test UNDEFINED_BEHAVIOUR_SANITIZER_AVAILABLE failed with the following output:
Change Dir: C:/Users/Owner/Documents/GitHub/spacex-api-wrapper/build/CMakeFiles/CMakeTmp

Run Build Command(s):C:/Program Files (x86)/Microsoft Visual Studio/2022/BuildTools/MSBuild/Current/Bin/amd64/MSBuild.exe cmTC_4727d.vcxproj /p:Configuration=Debug /p:Platform=x64 /p:VisualStudioVersion=17.0 /v:m && Microsoft (R) Build Engine version 17.2.1+52cd2da31 for .NET Framework
Copyright (C) Microsoft Corporation. All rights reserved.

  Microsoft (R) C/C++ Optimizing Compiler Version 19.32.31332 for x64
  src.cxx
  Copyright (C) Microsoft Corporation.  All rights reserved.
  cl /c /I"C:\Users\Owner\vcpkg\installed\x64-windows\include" /Zi /W1 /WX- /diagnostics:column /Od /Ob0 /D _MBCS /D WIN32 /D _WINDOWS /D UNDEFINED_BEHAVIOUR_SANITIZER_AVAILABLE /D "CMAKE_INTDIR=\"Debug\"" /Gm- /EHsc /RTC1 /MDd /GS /fp:precise /Zc:wchar_t /Zc:forScope /Zc:inline /Fo"cmTC_4727d.dir\Debug\\" /Fd"cmTC_4727d.dir\Debug\vc143.pdb" /external:W1 /Gd /TP /errorReport:queue  -fsanitize=undefined "C:\Users\Owner\Documents\GitHub\spacex-api-wrapper\build\CMakeFiles\CMakeTmp\src.cxx"
cl : command line warning D9002: ignoring unknown option '-fsanitize=undefined' [C:\Users\Owner\Documents\GitHub\spacex-api-wrapper\build\CMakeFiles\CMakeTmp\cmTC_4727d.vcxproj]
  cmTC_4727d.vcxproj -> C:\Users\Owner\Documents\GitHub\spacex-api-wrapper\build\CMakeFiles\CMakeTmp\Debug\cmTC_4727d.exe


Source file was:
int main() { return 0; }
Determining if the include file sys/sdt.h exists failed with the following output:
Change Dir: C:/Users/Owner/Documents/GitHub/spacex-api-wrapper/build/CMakeFiles/CMakeTmp

Run Build Command(s):C:/Program Files (x86)/Microsoft Visual Studio/2022/BuildTools/MSBuild/Current/Bin/amd64/MSBuild.exe cmTC_8df34.vcxproj /p:Configuration=Debug /p:Platform=x64 /p:VisualStudioVersion=17.0 /v:m && Microsoft (R) Build Engine version 17.2.1+52cd2da31 for .NET Framework
Copyright (C) Microsoft Corporation. All rights reserved.

  Microsoft (R) C/C++ Optimizing Compiler Version 19.32.31332 for x64
  CheckIncludeFile.c
C:\Users\Owner\Documents\GitHub\spacex-api-wrapper\build\CMakeFiles\CMakeTmp\CheckIncludeFile.c(1,10): fatal error C1083: Cannot open include file: 'sys/sdt.h': No such file or directory [C:\Users\Owner\Documents\GitHub\spacex-api-wrapper\build\CMakeFiles\CMakeTmp\cmTC_8df34.vcxproj]
  Copyright (C) Microsoft Corporation.  All rights reserved.
  cl /c /I"C:\Users\Owner\vcpkg\installed\x64-windows\include" /Zi /W3 /WX- /diagnostics:column /Od /Ob0 /D _MBCS /D WIN32 /D _WINDOWS /D "CMAKE_INTDIR=\"Debug\"" /Gm- /RTC1 /MDd /GS /fp:precise /Zc:wchar_t /Zc:forScope /Zc:inline /Fo"cmTC_8df34.dir\Debug\\" /Fd"cmTC_8df34.dir\Debug\vc143.pdb" /external:W3 /Gd /TC /errorReport:queue "C:\Users\Owner\Documents\GitHub\spacex-api-wrapper\build\CMakeFiles\CMakeTmp\CheckIncludeFile.c"



Determining if the include file unistd.h exists failed with the following output:
Change Dir: C:/Users/Owner/Documents/GitHub/spacex-api-wrapper/build/CMakeFiles/CMakeTmp

Run Build Command(s):C:/Program Files (x86)/Microsoft Visual Studio/2022/BuildTools/MSBuild/Current/Bin/amd64/MSBuild.exe cmTC_984df.vcxproj /p:Configuration=Debug /p:Platform=x64 /p:VisualStudioVersion=17.0 /v:m && Microsoft (R) Build Engine version 17.2.1+52cd2da31 for .NET Framework
Copyright (C) Microsoft Corporation. All rights reserved.

  Microsoft (R) C/C++ Optimizing Compiler Version 19.32.31332 for x64
  CheckIncludeFile.c
  Copyright (C) Microsoft Corporation.  All rights reserved.
  cl /c /I"C:\Users\Owner\vcpkg\installed\x64-windows\include" /Zi /W3 /WX- /diagnostics:column /Od /Ob0 /D _MBCS /D WIN32 /D _WINDOWS /D "CMAKE_INTDIR=\"Debug\"" /Gm- /RTC1 /MDd /GS /fp:precise /Zc:wchar_t /Zc:forScope /Zc:inline /Fo"cmTC_984df.dir\Debug\\" /Fd"cmTC_984df.dir\Debug\vc143.pdb" /external:W3 /Gd /TC /errorReport:queue "C:\Users\Owner\Documents\GitHub\spacex-api-wrapper\build\CMakeFiles\CMakeTmp\CheckIncludeFile.c"
C:\Users\Owner\Documents\GitHub\spacex-api-wrapper\build\CMakeFiles\CMakeTmp\CheckIncludeFile.c(1,10): fatal error C1083: Cannot open include file: 'unistd.h': No such file or directory [C:\Users\Owner\Documents\GitHub\spacex-api-wrapper\build\CMakeFiles\CMakeTmp\cmTC_984df.vcxproj]



Determining size of off64_t failed with the following output:
Change Dir: C:/Users/Owner/Documents/GitHub/spacex-api-wrapper/build/CMakeFiles/CMakeTmp

Run Build Command(s):C:/Program Files (x86)/Microsoft Visual Studio/2022/BuildTools/MSBuild/Current/Bin/amd64/MSBuild.exe cmTC_f287a.vcxproj /p:Configuration=Debug /p:Platform=x64 /p:VisualStudioVersion=17.0 /v:m && Microsoft (R) Build Engine version 17.2.1+52cd2da31 for .NET Framework
Copyright (C) Microsoft Corporation. All rights reserved.

  Microsoft (R) C/C++ Optimizing Compiler Version 19.32.31332 for x64
  OFF64_T.c
  Copyright (C) Microsoft Corporation.  All rights reserved.
  cl /c /I"C:\Users\Owner\vcpkg\installed\x64-windows\include" /Zi /W3 /WX- /diagnostics:column /Od /Ob0 /D _MBCS /D WIN32 /D _WINDOWS /D _LARGEFILE64_SOURCE=1 /D __USE_LARGEFILE64 /D "CMAKE_INTDIR=\"Debug\"" /Gm- /RTC1 /MDd /GS /fp:precise /Zc:wchar_t /Zc:forScope /Zc:inline /Fo"cmTC_f287a.dir\Debug\\" /Fd"cmTC_f287a.dir\Debug\vc143.pdb" /external:W3 /Gd /TC /errorReport:queue "C:\Users\Owner\Documents\GitHub\spacex-api-wrapper\build\CMakeFiles\CheckTypeSize\OFF64_T.c"
C:\Users\Owner\Documents\GitHub\spacex-api-wrapper\build\CMakeFiles\CheckTypeSize\OFF64_T.c(29,12): error C2065: 'off64_t': undeclared identifier [C:\Users\Owner\Documents\GitHub\spacex-api-wrapper\build\CMakeFiles\CMakeTmp\cmTC_f287a.vcxproj]
C:\Users\Owner\Documents\GitHub\spacex-api-wrapper\build\CMakeFiles\CheckTypeSize\OFF64_T.c(30,12): error C2065: 'off64_t': undeclared identifier [C:\Users\Owner\Documents\GitHub\spacex-api-wrapper\build\CMakeFiles\CMakeTmp\cmTC_f287a.vcxproj]
C:\Users\Owner\Documents\GitHub\spacex-api-wrapper\build\CMakeFiles\CheckTypeSize\OFF64_T.c(31,12): error C2065: 'off64_t': undeclared identifier [C:\Users\Owner\Documents\GitHub\spacex-api-wrapper\build\CMakeFiles\CMakeTmp\cmTC_f287a.vcxproj]
C:\Users\Owner\Documents\GitHub\spacex-api-wrapper\build\CMakeFiles\CheckTypeSize\OFF64_T.c(32,12): error C2065: 'off64_t': undeclared identifier [C:\Users\Owner\Documents\GitHub\spacex-api-wrapper\build\CMakeFiles\CMakeTmp\cmTC_f287a.vcxproj]
C:\Users\Owner\Documents\GitHub\spacex-api-wrapper\build\CMakeFiles\CheckTypeSize\OFF64_T.c(33,12): error C2065: 'off64_t': undeclared identifier [C:\Users\Owner\Documents\GitHub\spacex-api-wrapper\build\CMakeFiles\CMakeTmp\cmTC_f287a.vcxproj]


C:/Users/Owner/Documents/GitHub/spacex-api-wrapper/build/CMakeFiles/CheckTypeSize/OFF64_T.c:
#include <sys/types.h>
#include <stdint.h>
#include <stddef.h>


#undef KEY
#if defined(__i386)
# define KEY '_','_','i','3','8','6'
#elif defined(__x86_64)
# define KEY '_','_','x','8','6','_','6','4'
#elif defined(__PPC64__)
# define KEY '_','_','P','P','C','6','4','_','_'
#elif defined(__ppc64__)
# define KEY '_','_','p','p','c','6','4','_','_'
#elif defined(__PPC__)
# define KEY '_','_','P','P','C','_','_'
#elif defined(__ppc__)
# define KEY '_','_','p','p','c','_','_'
#elif defined(__aarch64__)
# define KEY '_','_','a','a','r','c','h','6','4','_','_'
#elif defined(__ARM_ARCH_7A__)
# define KEY '_','_','A','R','M','_','A','R','C','H','_','7','A','_','_'
#elif defined(__ARM_ARCH_7S__)
# define KEY '_','_','A','R','M','_','A','R','C','H','_','7','S','_','_'
#endif

#define SIZE (sizeof(off64_t))
static char info_size[] =  {'I', 'N', 'F', 'O', ':', 's','i','z','e','[',
  ('0' + ((SIZE / 10000)%10)),
  ('0' + ((SIZE / 1000)%10)),
  ('0' + ((SIZE / 100)%10)),
  ('0' + ((SIZE / 10)%10)),
  ('0' +  (SIZE    % 10)),
  ']',
#ifdef KEY
  ' ','k','e','y','[', KEY, ']',
#endif
  '\0'};

#ifdef __CLASSIC_C__
int main(argc, argv) int argc; char *argv[];
#else
int main(int argc, char *argv[])
#endif
{
  int require = 0;
  require += info_size[argc];
  (void)argv;
  return require;
}


Determining size of _off64_t failed with the following output:
Change Dir: C:/Users/Owner/Documents/GitHub/spacex-api-wrapper/build/CMakeFiles/CMakeTmp

Run Build Command(s):C:/Program Files (x86)/Microsoft Visual Studio/2022/BuildTools/MSBuild/Current/Bin/amd64/MSBuild.exe cmTC_ae3d7.vcxproj /p:Configuration=Debug /p:Platform=x64 /p:VisualStudioVersion=17.0 /v:m && Microsoft (R) Build Engine version 17.2.1+52cd2da31 for .NET Framework
Copyright (C) Microsoft Corporation. All rights reserved.

  Microsoft (R) C/C++ Optimizing Compiler Version 19.32.31332 for x64
  _OFF64_T.c
C:\Users\Owner\Documents\GitHub\spacex-api-wrapper\build\CMakeFiles\CheckTypeSize\_OFF64_T.c(29,12): error C2065: '_off64_t': undeclared identifier [C:\Users\Owner\Documents\GitHub\spacex-api-wrapper\build\CMakeFiles\CMakeTmp\cmTC_ae3d7.vcxproj]
C:\Users\Owner\Documents\GitHub\spacex-api-wrapper\build\CMakeFiles\CheckTypeSize\_OFF64_T.c(30,12): error C2065: '_off64_t': undeclared identifier [C:\Users\Owner\Documents\GitHub\spacex-api-wrapper\build\CMakeFiles\CMakeTmp\cmTC_ae3d7.vcxproj]
C:\Users\Owner\Documents\GitHub\spacex-api-wrapper\build\CMakeFiles\CheckTypeSize\_OFF64_T.c(31,12): error C2065: '_off64_t': undeclared identifier [C:\Users\Owner\Documents\GitHub\spacex-api-wrapper\build\CMakeFiles\CMakeTmp\cmTC_ae3d7.vcxproj]
C:\Users\Owner\Documents\GitHub\spacex-api-wrapper\build\CMakeFiles\CheckTypeSize\_OFF64_T.c(32,12): error C2065: '_off64_t': undeclared identifier [C:\Users\Owner\Documents\GitHub\spacex-api-wrapper\build\CMakeFiles\CMakeTmp\cmTC_ae3d7.vcxproj]
C:\Users\Owner\Documents\GitHub\spacex-api-wrapper\build\CMakeFiles\CheckTypeSize\_OFF64_T.c(33,12): error C2065: '_off64_t': undeclared identifier [C:\Users\Owner\Documents\GitHub\spacex-api-wrapper\build\CMakeFiles\CMakeTmp\cmTC_ae3d7.vcxproj]
  Copyright (C) Microsoft Corporation.  All rights reserved.
  cl /c /I"C:\Users\Owner\vcpkg\installed\x64-windows\include" /Zi /W3 /WX- /diagnostics:column /Od /Ob0 /D _MBCS /D WIN32 /D _WINDOWS /D _LARGEFILE64_SOURCE=1 /D __USE_LARGEFILE64 /D "CMAKE_INTDIR=\"Debug\"" /Gm- /RTC1 /MDd /GS /fp:precise /Zc:wchar_t /Zc:forScope /Zc:inline /Fo"cmTC_ae3d7.dir\Debug\\" /Fd"cmTC_ae3d7.dir\Debug\vc143.pdb" /external:W3 /Gd /TC /errorReport:queue "C:\Users\Owner\Documents\GitHub\spacex-api-wrapper\build\CMakeFiles\CheckTypeSize\_OFF64_T.c"


C:/Users/Owner/Documents/GitHub/spacex-api-wrapper/build/CMakeFiles/CheckTypeSize/_OFF64_T.c:
#include <sys/types.h>
#include <stdint.h>
#include <stddef.h>


#undef KEY
#if defined(__i386)
# define KEY '_','_','i','3','8','6'
#elif defined(__x86_64)
# define KEY '_','_','x','8','6','_','6','4'
#elif defined(__PPC64__)
# define KEY '_','_','P','P','C','6','4','_','_'
#elif defined(__ppc64__)
# define KEY '_','_','p','p','c','6','4','_','_'
#elif defined(__PPC__)
# define KEY '_','_','P','P','C','_','_'
#elif defined(__ppc__)
# define KEY '_','_','p','p','c','_','_'
#elif defined(__aarch64__)
# define KEY '_','_','a','a','r','c','h','6','4','_','_'
#elif defined(__ARM_ARCH_7A__)
# define KEY '_','_','A','R','M','_','A','R','C','H','_','7','A','_','_'
#elif defined(__ARM_ARCH_7S__)
# define KEY '_','_','A','R','M','_','A','R','C','H','_','7','S','_','_'
#endif

#define SIZE (sizeof(_off64_t))
static char info_size[] =  {'I', 'N', 'F', 'O', ':', 's','i','z','e','[',
  ('0' + ((SIZE / 10000)%10)),
  ('0' + ((SIZE / 1000)%10)),
  ('0' + ((SIZE / 100)%10)),
  ('0' + ((SIZE / 10)%10)),
  ('0' +  (SIZE    % 10)),
  ']',
#ifdef KEY
  ' ','k','e','y','[', KEY, ']',
#endif
  '\0'};

#ifdef __CLASSIC_C__
int main(argc, argv) int argc; char *argv[];
#else
int main(int argc, char *argv[])
#endif
{
  int require = 0;
  require += info_size[argc];
  (void)argv;
  return require;
}


Determining size of __off64_t failed with the following output:
Change Dir: C:/Users/Owner/Documents/GitHub/spacex-api-wrapper/build/CMakeFiles/CMakeTmp

Run Build Command(s):C:/Program Files (x86)/Microsoft Visual Studio/2022/BuildTools/MSBuild/Current/Bin/amd64/MSBuild.exe cmTC_1b6c6.vcxproj /p:Configuration=Debug /p:Platform=x64 /p:VisualStudioVersion=17.0 /v:m && Microsoft (R) Build Engine version 17.2.1+52cd2da31 for .NET Framework
Copyright (C) Microsoft Corporation. All rights reserved.

  Microsoft (R) C/C++ Optimizing Compiler Version 19.32.31332 for x64
  Copyright (C) Microsoft Corporation.  All rights reserved.
  __OFF64_T.c
C:\Users\Owner\Documents\GitHub\spacex-api-wrapper\build\CMakeFiles\CheckTypeSize\__OFF64_T.c(29,12): error C2065: '__off64_t': undeclared identifier [C:\Users\Owner\Documents\GitHub\spacex-api-wrapper\build\CMakeFiles\CMakeTmp\cmTC_1b6c6.vcxproj]
C:\Users\Owner\Documents\GitHub\spacex-api-wrapper\build\CMakeFiles\CheckTypeSize\__OFF64_T.c(30,12): error C2065: '__off64_t': undeclared identifier [C:\Users\Owner\Documents\GitHub\spacex-api-wrapper\build\CMakeFiles\CMakeTmp\cmTC_1b6c6.vcxproj]
C:\Users\Owner\Documents\GitHub\spacex-api-wrapper\build\CMakeFiles\CheckTypeSize\__OFF64_T.c(31,12): error C2065: '__off64_t': undeclared identifier [C:\Users\Owner\Documents\GitHub\spacex-api-wrapper\build\CMakeFiles\CMakeTmp\cmTC_1b6c6.vcxproj]
C:\Users\Owner\Documents\GitHub\spacex-api-wrapper\build\CMakeFiles\CheckTypeSize\__OFF64_T.c(32,12): error C2065: '__off64_t': undeclared identifier [C:\Users\Owner\Documents\GitHub\spacex-api-wrapper\build\CMakeFiles\CMakeTmp\cmTC_1b6c6.vcxproj]
C:\Users\Owner\Documents\GitHub\spacex-api-wrapper\build\CMakeFiles\CheckTypeSize\__OFF64_T.c(33,12): error C2065: '__off64_t': undeclared identifier [C:\Users\Owner\Documents\GitHub\spacex-api-wrapper\build\CMakeFiles\CMakeTmp\cmTC_1b6c6.vcxproj]
  cl /c /I"C:\Users\Owner\vcpkg\installed\x64-windows\include" /Zi /W3 /WX- /diagnostics:column /Od /Ob0 /D _MBCS /D WIN32 /D _WINDOWS /D _LARGEFILE64_SOURCE=1 /D __USE_LARGEFILE64 /D "CMAKE_INTDIR=\"Debug\"" /Gm- /RTC1 /MDd /GS /fp:precise /Zc:wchar_t /Zc:forScope /Zc:inline /Fo"cmTC_1b6c6.dir\Debug\\" /Fd"cmTC_1b6c6.dir\Debug\vc143.pdb" /external:W3 /Gd /TC /errorReport:queue "C:\Users\Owner\Documents\GitHub\spacex-api-wrapper\build\CMakeFiles\CheckTypeSize\__OFF64_T.c"


C:/Users/Owner/Documents/GitHub/spacex-api-wrapper/build/CMakeFiles/CheckTypeSize/__OFF64_T.c:
#include <sys/types.h>
#include <stdint.h>
#include <stddef.h>


#undef KEY
#if defined(__i386)
# define KEY '_','_','i','3','8','6'
#elif defined(__x86_64)
# define KEY '_','_','x','8','6','_','6','4'
#elif defined(__PPC64__)
# define KEY '_','_','P','P','C','6','4','_','_'
#elif defined(__ppc64__)
# define KEY '_','_','p','p','c','6','4','_','_'
#elif defined(__PPC__)
# define KEY '_','_','P','P','C','_','_'
#elif defined(__ppc__)
# define KEY '_','_','p','p','c','_','_'
#elif defined(__aarch64__)
# define KEY '_','_','a','a','r','c','h','6','4','_','_'
#elif defined(__ARM_ARCH_7A__)
# define KEY '_','_','A','R','M','_','A','R','C','H','_','7','A','_','_'
#elif defined(__ARM_ARCH_7S__)
# define KEY '_','_','A','R','M','_','A','R','C','H','_','7','S','_','_'
#endif

#define SIZE (sizeof(__off64_t))
static char info_size[] =  {'I', 'N', 'F', 'O', ':', 's','i','z','e','[',
  ('0' + ((SIZE / 10000)%10)),
  ('0' + ((SIZE / 1000)%10)),
  ('0' + ((SIZE / 100)%10)),
  ('0' + ((SIZE / 10)%10)),
  ('0' +  (SIZE    % 10)),
  ']',
#ifdef KEY
  ' ','k','e','y','[', KEY, ']',
#endif
  '\0'};

#ifdef __CLASSIC_C__
int main(argc, argv) int argc; char *argv[];
#else
int main(int argc, char *argv[])
#endif
{
  int require = 0;
  require += info_size[argc];
  (void)argv;
  return require;
}


Determining if the function fseeko exists failed with the following output:
Change Dir: C:/Users/Owner/Documents/GitHub/spacex-api-wrapper/build/CMakeFiles/CMakeTmp

Run Build Command(s):C:/Program Files (x86)/Microsoft Visual Studio/2022/BuildTools/MSBuild/Current/Bin/amd64/MSBuild.exe cmTC_d189e.vcxproj /p:Configuration=Debug /p:Platform=x64 /p:VisualStudioVersion=17.0 /v:m && Microsoft (R) Build Engine version 17.2.1+52cd2da31 for .NET Framework
Copyright (C) Microsoft Corporation. All rights reserved.

  Microsoft (R) C/C++ Optimizing Compiler Version 19.32.31332 for x64
  CheckFunctionExists.c
  Copyright (C) Microsoft Corporation.  All rights reserved.
  cl /c /I"C:\Users\Owner\vcpkg\installed\x64-windows\include" /Zi /W3 /WX- /diagnostics:column /Od /Ob0 /D _MBCS /D WIN32 /D _WINDOWS /D CHECK_FUNCTION_EXISTS=fseeko /D "CMAKE_INTDIR=\"Debug\"" /Gm- /RTC1 /MDd /GS /fp:precise /Zc:wchar_t /Zc:forScope /Zc:inline /Fo"cmTC_d189e.dir\Debug\\" /Fd"cmTC_d189e.dir\Debug\vc143.pdb" /external:W3 /Gd /TC /errorReport:queue "C:\Program Files\CMake\share\cmake-3.24\Modules\CheckFunctionExists.c"
CheckFunctionExists.obj : error LNK2019: unresolved external symbol fseeko referenced in function main [C:\Users\Owner\Documents\GitHub\spacex-api-wrapper\build\CMakeFiles\CMakeTmp\cmTC_d189e.vcxproj]
C:\Users\Owner\Documents\GitHub\spacex-api-wrapper\build\CMakeFiles\CMakeTmp\Debug\cmTC_d189e.exe : fatal error LNK1120: 1 unresolved externals [C:\Users\Owner\Documents\GitHub\spacex-api-wrapper\build\CMakeFiles\CMakeTmp\cmTC_d189e.vcxproj]



Performing C SOURCE FILE Test HAVE_NO_INTERPOSITION failed with the following output:
Change Dir: C:/Users/Owner/Documents/GitHub/spacex-api-wrapper/build/CMakeFiles/CMakeTmp

Run Build Command(s):C:/Program Files (x86)/Microsoft Visual Studio/2022/BuildTools/MSBuild/Current/Bin/amd64/MSBuild.exe cmTC_ca740.vcxproj /p:Configuration=Debug /p:Platform=x64 /p:VisualStudioVersion=17.0 /v:m && Microsoft (R) Build Engine version 17.2.1+52cd2da31 for .NET Framework
Copyright (C) Microsoft Corporation. All rights reserved.

  Microsoft (R) C/C++ Optimizing Compiler Version 19.32.31332 for x64
  src.c
  Copyright (C) Microsoft Corporation.  All rights reserved.
  cl /c /I"C:\Users\Owner\vcpkg\installed\x64-windows\include" /Zi /W3 /WX- /diagnostics:column /Od /Ob0 /D _MBCS /D WIN32 /D _WINDOWS /D HAVE_NO_INTERPOSITION /D "CMAKE_INTDIR=\"Debug\"" /Gm- /RTC1 /MDd /GS /fp:precise /Zc:wchar_t /Zc:forScope /Zc:inline /Fo"cmTC_ca740.dir\Debug\\" /Fd"cmTC_ca740.dir\Debug\vc143.pdb" /external:W3 /Gd /TC /errorReport:queue  -fno-semantic-interposition "C:\Users\Owner\Documents\GitHub\spacex-api-wrapper\build\CMakeFiles\CMakeTmp\src.c"
cl : command line warning D9002: ignoring unknown option '-fno-semantic-interposition' [C:\Users\Owner\Documents\GitHub\spacex-api-wrapper\build\CMakeFiles\CMakeTmp\cmTC_ca740.vcxproj]
  cmTC_ca740.vcxproj -> C:\Users\Owner\Documents\GitHub\spacex-api-wrapper\build\CMakeFiles\CMakeTmp\Debug\cmTC_ca740.exe


Source file was:
int main(void) { return 0; }
Performing C SOURCE FILE Test HAVE_ATTRIBUTE_VISIBILITY_HIDDEN failed with the following output:
Change Dir: C:/Users/Owner/Documents/GitHub/spacex-api-wrapper/build/CMakeFiles/CMakeTmp

Run Build Command(s):C:/Program Files (x86)/Microsoft Visual Studio/2022/BuildTools/MSBuild/Current/Bin/amd64/MSBuild.exe cmTC_071fd.vcxproj /p:Configuration=Debug /p:Platform=x64 /p:VisualStudioVersion=17.0 /v:m && Microsoft (R) Build Engine version 17.2.1+52cd2da31 for .NET Framework
Copyright (C) Microsoft Corporation. All rights reserved.

  Microsoft (R) C/C++ Optimizing Compiler Version 19.32.31332 for x64
  src.c
C:\Users\Owner\Documents\GitHub\spacex-api-wrapper\build\CMakeFiles\CMakeTmp\src.c(2,9): error C2143: syntax error: missing ')' before '(' [C:\Users\Owner\Documents\GitHub\spacex-api-wrapper\build\CMakeFiles\CMakeTmp\cmTC_071fd.vcxproj]
C:\Users\Owner\Documents\GitHub\spacex-api-wrapper\build\CMakeFiles\CMakeTmp\src.c(2,9): error C2091: function returns function [C:\Users\Owner\Documents\GitHub\spacex-api-wrapper\build\CMakeFiles\CMakeTmp\cmTC_071fd.vcxproj]
C:\Users\Owner\Documents\GitHub\spacex-api-wrapper\build\CMakeFiles\CMakeTmp\src.c(2,9): error C2143: syntax error: missing ')' before 'string' [C:\Users\Owner\Documents\GitHub\spacex-api-wrapper\build\CMakeFiles\CMakeTmp\cmTC_071fd.vcxproj]
C:\Users\Owner\Documents\GitHub\spacex-api-wrapper\build\CMakeFiles\CMakeTmp\src.c(2,9): error C2143: syntax error: missing '{' before 'string' [C:\Users\Owner\Documents\GitHub\spacex-api-wrapper\build\CMakeFiles\CMakeTmp\cmTC_071fd.vcxproj]
C:\Users\Owner\Documents\GitHub\spacex-api-wrapper\build\CMakeFiles\CMakeTmp\src.c(2,9): error C2059: syntax error: 'string' [C:\Users\Owner\Documents\GitHub\spacex-api-wrapper\build\CMakeFiles\CMakeTmp\cmTC_071fd.vcxproj]
C:\Users\Owner\Documents\GitHub\spacex-api-wrapper\build\CMakeFiles\CMakeTmp\src.c(2,9): error C2059: syntax error: ')' [C:\Users\Owner\Documents\GitHub\spacex-api-wrapper\build\CMakeFiles\CMakeTmp\cmTC_071fd.vcxproj]
  Copyright (C) Microsoft Corporation.  All rights reserved.
  cl /c /I"C:\Users\Owner\vcpkg\installed\x64-windows\include" /Zi /W3 /WX- /diagnostics:column /Od /Ob0 /D _MBCS /D WIN32 /D _WINDOWS /D HAVE_ATTRIBUTE_VISIBILITY_HIDDEN /D "CMAKE_INTDIR=\"Debug\"" /Gm- /RTC1 /MDd /GS /fp:precise /Zc:wchar_t /Zc:forScope /Zc:inline /Fo"cmTC_071fd.dir\Debug\\" /Fd"cmTC_071fd.dir\Debug\vc143.pdb" /external:W3 /Gd /TC /errorReport:queue "C:\Users\Owner\Documents\GitHub\spacex-api-wrapper\build\CMakeFiles\CMakeTmp\src.c"


Source file was:
#define Z_INTERNAL __attribute__((visibility ("hidden")))
    int Z_INTERNAL foo;
    int main() {
        return 0;
    }
Performing C SOURCE FILE Test HAVE_ATTRIBUTE_VISIBILITY_INTERNAL failed with the following output:
Change Dir: C:/Users/Owner/Documents/GitHub/spacex-api-wrapper/build/CMakeFiles/CMakeTmp

Run Build Command(s):C:/Program Files (x86)/Microsoft Visual Studio/2022/BuildTools/MSBuild/Current/Bin/amd64/MSBuild.exe cmTC_2f30b.vcxproj /p:Configuration=Debug /p:Platform=x64 /p:VisualStudioVersion=17.0 /v:m && Microsoft (R) Build Engine version 17.2.1+52cd2da31 for .NET Framework
Copyright (C) Microsoft Corporation. All rights reserved.

  Microsoft (R) C/C++ Optimizing Compiler Version 19.32.31332 for x64
  src.c
C:\Users\Owner\Documents\GitHub\spacex-api-wrapper\build\CMakeFiles\CMakeTmp\src.c(2,9): error C2143: syntax error: missing ')' before '(' [C:\Users\Owner\Documents\GitHub\spacex-api-wrapper\build\CMakeFiles\CMakeTmp\cmTC_2f30b.vcxproj]
C:\Users\Owner\Documents\GitHub\spacex-api-wrapper\build\CMakeFiles\CMakeTmp\src.c(2,9): error C2091: function returns function [C:\Users\Owner\Documents\GitHub\spacex-api-wrapper\build\CMakeFiles\CMakeTmp\cmTC_2f30b.vcxproj]
C:\Users\Owner\Documents\GitHub\spacex-api-wrapper\build\CMakeFiles\CMakeTmp\src.c(2,9): error C2143: syntax error: missing ')' before 'string' [C:\Users\Owner\Documents\GitHub\spacex-api-wrapper\build\CMakeFiles\CMakeTmp\cmTC_2f30b.vcxproj]
C:\Users\Owner\Documents\GitHub\spacex-api-wrapper\build\CMakeFiles\CMakeTmp\src.c(2,9): error C2143: syntax error: missing '{' before 'string' [C:\Users\Owner\Documents\GitHub\spacex-api-wrapper\build\CMakeFiles\CMakeTmp\cmTC_2f30b.vcxproj]
C:\Users\Owner\Documents\GitHub\spacex-api-wrapper\build\CMakeFiles\CMakeTmp\src.c(2,9): error C2059: syntax error: 'string' [C:\Users\Owner\Documents\GitHub\spacex-api-wrapper\build\CMakeFiles\CMakeTmp\cmTC_2f30b.vcxproj]
C:\Users\Owner\Documents\GitHub\spacex-api-wrapper\build\CMakeFiles\CMakeTmp\src.c(2,9): error C2059: syntax error: ')' [C:\Users\Owner\Documents\GitHub\spacex-api-wrapper\build\CMakeFiles\CMakeTmp\cmTC_2f30b.vcxproj]
  Copyright (C) Microsoft Corporation.  All rights reserved.
  cl /c /I"C:\Users\Owner\vcpkg\installed\x64-windows\include" /Zi /W3 /WX- /diagnostics:column /Od /Ob0 /D _MBCS /D WIN32 /D _WINDOWS /D HAVE_ATTRIBUTE_VISIBILITY_INTERNAL /D "CMAKE_INTDIR=\"Debug\"" /Gm- /RTC1 /MDd /GS /fp:precise /Zc:wchar_t /Zc:forScope /Zc:inline /Fo"cmTC_2f30b.dir\Debug\\" /Fd"cmTC_2f30b.dir\Debug\vc143.pdb" /external:W3 /Gd /TC /errorReport:queue "C:\Users\Owner\Documents\GitHub\spacex-api-wrapper\build\CMakeFiles\CMakeTmp\src.c"


Source file was:
#define Z_INTERNAL __attribute__((visibility ("internal")))
    int Z_INTERNAL foo;
    int main() {
        return 0;
    }
Performing C SOURCE FILE Test HAVE_BUILTIN_CTZ failed with the following output:
Change Dir: C:/Users/Owner/Documents/GitHub/spacex-api-wrapper/build/CMakeFiles/CMakeTmp

Run Build Command(s):C:/Program Files (x86)/Microsoft Visual Studio/2022/BuildTools/MSBuild/Current/Bin/amd64/MSBuild.exe cmTC_562b9.vcxproj /p:Configuration=Debug /p:Platform=x64 /p:VisualStudioVersion=17.0 /v:m && Microsoft (R) Build Engine version 17.2.1+52cd2da31 for .NET Framework
Copyright (C) Microsoft Corporation. All rights reserved.

  Microsoft (R) C/C++ Optimizing Compiler Version 19.32.31332 for x64
  src.c
C:\Users\Owner\Documents\GitHub\spacex-api-wrapper\build\CMakeFiles\CMakeTmp\src.c(3,21): warning C4013: '__builtin_ctz' undefined; assuming extern returning int [C:\Users\Owner\Documents\GitHub\spacex-api-wrapper\build\CMakeFiles\CMakeTmp\cmTC_562b9.vcxproj]
  Copyright (C) Microsoft Corporation.  All rights reserved.
  cl /c /I"C:\Users\Owner\vcpkg\installed\x64-windows\include" /Zi /W3 /WX- /diagnostics:column /Od /Ob0 /D _MBCS /D WIN32 /D _WINDOWS /D HAVE_BUILTIN_CTZ /D "CMAKE_INTDIR=\"Debug\"" /Gm- /RTC1 /MDd /GS /fp:precise /Zc:wchar_t /Zc:forScope /Zc:inline /Fo"cmTC_562b9.dir\Debug\\" /Fd"cmTC_562b9.dir\Debug\vc143.pdb" /external:W3 /Gd /TC /errorReport:queue "C:\Users\Owner\Documents\GitHub\spacex-api-wrapper\build\CMakeFiles\CMakeTmp\src.c"
src.obj : error LNK2019: unresolved external symbol __builtin_ctz referenced in function main [C:\Users\Owner\Documents\GitHub\spacex-api-wrapper\build\CMakeFiles\CMakeTmp\cmTC_562b9.vcxproj]
C:\Users\Owner\Documents\GitHub\spacex-api-wrapper\build\CMakeFiles\CMakeTmp\Debug\cmTC_562b9.exe : fatal error LNK1120: 1 unresolved externals [C:\Users\Owner\Documents\GitHub\spacex-api-wrapper\build\CMakeFiles\CMakeTmp\cmTC_562b9.vcxproj]


Source file was:
int main(void) {
        unsigned int zero = 0;
        long test = __builtin_ctz(zero);
        (void)test;
        return 0;
    }
Performing C SOURCE FILE Test HAVE_BUILTIN_CTZLL failed with the following output:
Change Dir: C:/Users/Owner/Documents/GitHub/spacex-api-wrapper/build/CMakeFiles/CMakeTmp

Run Build Command(s):C:/Program Files (x86)/Microsoft Visual Studio/2022/BuildTools/MSBuild/Current/Bin/amd64/MSBuild.exe cmTC_14281.vcxproj /p:Configuration=Debug /p:Platform=x64 /p:VisualStudioVersion=17.0 /v:m && Microsoft (R) Build Engine version 17.2.1+52cd2da31 for .NET Framework
Copyright (C) Microsoft Corporation. All rights reserved.

  Microsoft (R) C/C++ Optimizing Compiler Version 19.32.31332 for x64
  src.c
C:\Users\Owner\Documents\GitHub\spacex-api-wrapper\build\CMakeFiles\CMakeTmp\src.c(3,21): warning C4013: '__builtin_ctzll' undefined; assuming extern returning int [C:\Users\Owner\Documents\GitHub\spacex-api-wrapper\build\CMakeFiles\CMakeTmp\cmTC_14281.vcxproj]
  Copyright (C) Microsoft Corporation.  All rights reserved.
  cl /c /I"C:\Users\Owner\vcpkg\installed\x64-windows\include" /Zi /W3 /WX- /diagnostics:column /Od /Ob0 /D _MBCS /D WIN32 /D _WINDOWS /D HAVE_BUILTIN_CTZLL /D "CMAKE_INTDIR=\"Debug\"" /Gm- /RTC1 /MDd /GS /fp:precise /Zc:wchar_t /Zc:forScope /Zc:inline /Fo"cmTC_14281.dir\Debug\\" /Fd"cmTC_14281.dir\Debug\vc143.pdb" /external:W3 /Gd /TC /errorReport:queue "C:\Users\Owner\Documents\GitHub\spacex-api-wrapper\build\CMakeFiles\CMakeTmp\src.c"
src.obj : error LNK2019: unresolved external symbol __builtin_ctzll referenced in function main [C:\Users\Owner\Documents\GitHub\spacex-api-wrapper\build\CMakeFiles\CMakeTmp\cmTC_14281.vcxproj]
C:\Users\Owner\Documents\GitHub\spacex-api-wrapper\build\CMakeFiles\CMakeTmp\Debug\cmTC_14281.exe : fatal error LNK1120: 1 unresolved externals [C:\Users\Owner\Documents\GitHub\spacex-api-wrapper\build\CMakeFiles\CMakeTmp\cmTC_14281.vcxproj]


Source file was:
int main(void) {
        unsigned int zero = 0;
        long test = __builtin_ctzll(zero);
        (void)test;
        return 0;
    }
Performing C SOURCE FILE Test HAVE_SSE42CRC_INLINE_ASM failed with the following output:
Change Dir: C:/Users/Owner/Documents/GitHub/spacex-api-wrapper/build/CMakeFiles/CMakeTmp

Run Build Command(s):C:/Program Files (x86)/Microsoft Visual Studio/2022/BuildTools/MSBuild/Current/Bin/amd64/MSBuild.exe cmTC_7f812.vcxproj /p:Configuration=Debug /p:Platform=x64 /p:VisualStudioVersion=17.0 /v:m && Microsoft (R) Build Engine version 17.2.1+52cd2da31 for .NET Framework
Copyright (C) Microsoft Corporation. All rights reserved.

  Microsoft (R) C/C++ Optimizing Compiler Version 19.32.31332 for x64
  Copyright (C) Microsoft Corporation.  All rights reserved.
  src.c
C:\Users\Owner\Documents\GitHub\spacex-api-wrapper\build\CMakeFiles\CMakeTmp\src.c(4,15): error C4235: nonstandard extension used: '__asm' keyword not supported on this architecture [C:\Users\Owner\Documents\GitHub\spacex-api-wrapper\build\CMakeFiles\CMakeTmp\cmTC_7f812.vcxproj]
C:\Users\Owner\Documents\GitHub\spacex-api-wrapper\build\CMakeFiles\CMakeTmp\src.c(4,25): error C2065: 'mov': undeclared identifier [C:\Users\Owner\Documents\GitHub\spacex-api-wrapper\build\CMakeFiles\CMakeTmp\cmTC_7f812.vcxproj]
C:\Users\Owner\Documents\GitHub\spacex-api-wrapper\build\CMakeFiles\CMakeTmp\src.c(4,25): error C2146: syntax error: missing ';' before identifier 'edx' [C:\Users\Owner\Documents\GitHub\spacex-api-wrapper\build\CMakeFiles\CMakeTmp\cmTC_7f812.vcxproj]
C:\Users\Owner\Documents\GitHub\spacex-api-wrapper\build\CMakeFiles\CMakeTmp\src.c(4,28): error C2065: 'edx': undeclared identifier [C:\Users\Owner\Documents\GitHub\spacex-api-wrapper\build\CMakeFiles\CMakeTmp\cmTC_7f812.vcxproj]
C:\Users\Owner\Documents\GitHub\spacex-api-wrapper\build\CMakeFiles\CMakeTmp\src.c(4,32): error C4235: nonstandard extension used: '__asm' keyword not supported on this architecture [C:\Users\Owner\Documents\GitHub\spacex-api-wrapper\build\CMakeFiles\CMakeTmp\cmTC_7f812.vcxproj]
C:\Users\Owner\Documents\GitHub\spacex-api-wrapper\build\CMakeFiles\CMakeTmp\src.c(4,38): error C2146: syntax error: missing ';' before identifier 'mov' [C:\Users\Owner\Documents\GitHub\spacex-api-wrapper\build\CMakeFiles\CMakeTmp\cmTC_7f812.vcxproj]
C:\Users\Owner\Documents\GitHub\spacex-api-wrapper\build\CMakeFiles\CMakeTmp\src.c(4,42): error C2065: 'mov': undeclared identifier [C:\Users\Owner\Documents\GitHub\spacex-api-wrapper\build\CMakeFiles\CMakeTmp\cmTC_7f812.vcxproj]
C:\Users\Owner\Documents\GitHub\spacex-api-wrapper\build\CMakeFiles\CMakeTmp\src.c(4,42): error C2146: syntax error: missing ';' before identifier 'eax' [C:\Users\Owner\Documents\GitHub\spacex-api-wrapper\build\CMakeFiles\CMakeTmp\cmTC_7f812.vcxproj]
C:\Users\Owner\Documents\GitHub\spacex-api-wrapper\build\CMakeFiles\CMakeTmp\src.c(4,45): error C2065: 'eax': undeclared identifier [C:\Users\Owner\Documents\GitHub\spacex-api-wrapper\build\CMakeFiles\CMakeTmp\cmTC_7f812.vcxproj]
C:\Users\Owner\Documents\GitHub\spacex-api-wrapper\build\CMakeFiles\CMakeTmp\src.c(4,51): error C4235: nonstandard extension used: '__asm' keyword not supported on this architecture [C:\Users\Owner\Documents\GitHub\spacex-api-wrapper\build\CMakeFiles\CMakeTmp\cmTC_7f812.vcxproj]
C:\Users\Owner\Documents\GitHub\spacex-api-wrapper\build\CMakeFiles\CMakeTmp\src.c(4,57): error C2146: syntax error: missing ';' before identifier 'crc32' [C:\Users\Owner\Documents\GitHub\spacex-api-wrapper\build\CMakeFiles\CMakeTmp\cmTC_7f812.vcxproj]
C:\Users\Owner\Documents\GitHub\spacex-api-wrapper\build\CMakeFiles\CMakeTmp\src.c(4,63): error C2065: 'crc32': undeclared identifier [C:\Users\Owner\Documents\GitHub\spacex-api-wrapper\build\CMakeFiles\CMakeTmp\cmTC_7f812.vcxproj]
C:\Users\Owner\Documents\GitHub\spacex-api-wrapper\build\CMakeFiles\CMakeTmp\src.c(4,63): error C2146: syntax error: missing ';' before identifier 'eax' [C:\Users\Owner\Documents\GitHub\spacex-api-wrapper\build\CMakeFiles\CMakeTmp\cmTC_7f812.vcxproj]
C:\Users\Owner\Documents\GitHub\spacex-api-wrapper\build\CMakeFiles\CMakeTmp\src.c(4,66): error C2065: 'eax': undeclared identifier [C:\Users\Owner\Documents\GitHub\spacex-api-wrapper\build\CMakeFiles\CMakeTmp\cmTC_7f812.vcxproj]
C:\Users\Owner\Documents\GitHub\spacex-api-wrapper\build\CMakeFiles\CMakeTmp\src.c(4,72): error C4235: nonstandard extension used: '__asm' keyword not supported on this architecture [C:\Users\Owner\Documents\GitHub\spacex-api-wrapper\build\CMakeFiles\CMakeTmp\cmTC_7f812.vcxproj]
C:\Users\Owner\Documents\GitHub\spacex-api-wrapper\build\CMakeFiles\CMakeTmp\src.c(4,78): error C2065: 'edx': undeclared identifier [C:\Users\Owner\Documents\GitHub\spacex-api-wrapper\build\CMakeFiles\CMakeTmp\cmTC_7f812.vcxproj]
C:\Users\Owner\Documents\GitHub\spacex-api-wrapper\build\CMakeFiles\CMakeTmp\src.c(4,78): error C2146: syntax error: missing ';' before identifier 'mov' [C:\Users\Owner\Documents\GitHub\spacex-api-wrapper\build\CMakeFiles\CMakeTmp\cmTC_7f812.vcxproj]
C:\Users\Owner\Documents\GitHub\spacex-api-wrapper\build\CMakeFiles\CMakeTmp\src.c(4,82): error C2065: 'mov': undeclared identifier [C:\Users\Owner\Documents\GitHub\spacex-api-wrapper\build\CMakeFiles\CMakeTmp\cmTC_7f812.vcxproj]
C:\Users\Owner\Documents\GitHub\spacex-api-wrapper\build\CMakeFiles\CMakeTmp\src.c(4,82): error C2146: syntax error: missing ';' before identifier 'val' [C:\Users\Owner\Documents\GitHub\spacex-api-wrapper\build\CMakeFiles\CMakeTmp\cmTC_7f812.vcxproj]
C:\Users\Owner\Documents\GitHub\spacex-api-wrapper\build\CMakeFiles\CMakeTmp\src.c(4,91): error C2065: 'eax': undeclared identifier [C:\Users\Owner\Documents\GitHub\spacex-api-wrapper\build\CMakeFiles\CMakeTmp\cmTC_7f812.vcxproj]
C:\Users\Owner\Documents\GitHub\spacex-api-wrapper\build\CMakeFiles\CMakeTmp\src.c(4,91): error C2143: syntax error: missing ';' before '}' [C:\Users\Owner\Documents\GitHub\spacex-api-wrapper\build\CMakeFiles\CMakeTmp\cmTC_7f812.vcxproj]
  cl /c /I"C:\Users\Owner\vcpkg\installed\x64-windows\include" /Zi /W3 /WX- /diagnostics:column /Od /Ob0 /D _MBCS /D WIN32 /D _WINDOWS /D ZLIB_DEBUG /D HAVE_SSE42CRC_INLINE_ASM /D "CMAKE_INTDIR=\"Debug\"" /Gm- /RTC1 /MDd /GS /fp:precise /Zc:wchar_t /Zc:forScope /Zc:inline /Fo"cmTC_7f812.dir\Debug\\" /Fd"cmTC_7f812.dir\Debug\vc143.pdb" /external:W3 /Gd /TC /errorReport:queue "C:\Users\Owner\Documents\GitHub\spacex-api-wrapper\build\CMakeFiles\CMakeTmp\src.c"


Source file was:
int main(void) {
            unsigned val = 0, h = 0;
        #if defined(_MSC_VER)
            { __asm mov edx, h __asm mov eax, val __asm crc32 eax, edx __asm mov val, eax }
        #else
            __asm__ __volatile__ ( "crc32 %1,%0" : "+r" (h) : "r" (val) );
        #endif
            return (int)h;
        }
Performing C SOURCE FILE Test CMAKE_HAVE_LIBC_PTHREAD failed with the following output:
Change Dir: C:/Users/Owner/Documents/GitHub/spacex-api-wrapper/build/CMakeFiles/CMakeTmp

Run Build Command(s):C:/Program Files (x86)/Microsoft Visual Studio/2022/BuildTools/MSBuild/Current/Bin/amd64/MSBuild.exe cmTC_5f0b9.vcxproj /p:Configuration=Debug /p:Platform=x64 /p:VisualStudioVersion=17.0 /v:m && Microsoft (R) Build Engine version 17.2.1+52cd2da31 for .NET Framework
Copyright (C) Microsoft Corporation. All rights reserved.

  Microsoft (R) C/C++ Optimizing Compiler Version 19.32.31332 for x64
  src.c
  Copyright (C) Microsoft Corporation.  All rights reserved.
  cl /c /I"C:\Users\Owner\vcpkg\installed\x64-windows\include" /Zi /W1 /WX- /diagnostics:column /Od /Ob0 /D _MBCS /D WIN32 /D _WINDOWS /D _WIN32_WINNT=0x0600 /D _WINSOCKAPI_= /D CMAKE_HAVE_LIBC_PTHREAD /D "CMAKE_INTDIR=\"Debug\"" /Gm- /RTC1 /MDd /GS /fp:precise /Zc:wchar_t /Zc:forScope /Zc:inline /Fo"cmTC_5f0b9.dir\Debug\\" /Fd"cmTC_5f0b9.dir\Debug\vc143.pdb" /external:W1 /Gd /TC /errorReport:queue "C:\Users\Owner\Documents\GitHub\spacex-api-wrapper\build\CMakeFiles\CMakeTmp\src.c"
C:\Users\Owner\Documents\GitHub\spacex-api-wrapper\build\CMakeFiles\CMakeTmp\src.c(1,10): fatal error C1083: Cannot open include file: 'pthread.h': No such file or directory [C:\Users\Owner\Documents\GitHub\spacex-api-wrapper\build\CMakeFiles\CMakeTmp\cmTC_5f0b9.vcxproj]


Source file was:
#include <pthread.h>

static void* test_func(void* data)
{
  return data;
}

int main(void)
{
  pthread_t thread;
  pthread_create(&thread, NULL, test_func, NULL);
  pthread_detach(thread);
  pthread_cancel(thread);
  pthread_join(thread, NULL);
  pthread_atfork(NULL, NULL, NULL);
  pthread_exit(NULL);

  return 0;
}

Determining if the function pthread_create exists in the pthreads failed with the following output:
Change Dir: C:/Users/Owner/Documents/GitHub/spacex-api-wrapper/build/CMakeFiles/CMakeTmp

Run Build Command(s):C:/Program Files (x86)/Microsoft Visual Studio/2022/BuildTools/MSBuild/Current/Bin/amd64/MSBuild.exe cmTC_7d15b.vcxproj /p:Configuration=Debug /p:Platform=x64 /p:VisualStudioVersion=17.0 /v:m && Microsoft (R) Build Engine version 17.2.1+52cd2da31 for .NET Framework
Copyright (C) Microsoft Corporation. All rights reserved.

  Microsoft (R) C/C++ Optimizing Compiler Version 19.32.31332 for x64
  CheckFunctionExists.c
  Copyright (C) Microsoft Corporation.  All rights reserved.
  cl /c /I"C:\Users\Owner\vcpkg\installed\x64-windows\include" /Zi /W1 /WX- /diagnostics:column /Od /Ob0 /D _MBCS /D WIN32 /D _WINDOWS /D CHECK_FUNCTION_EXISTS=pthread_create /D _WIN32_WINNT=0x0600 /D _WINSOCKAPI_= /D "CMAKE_INTDIR=\"Debug\"" /Gm- /RTC1 /MDd /GS /fp:precise /Zc:wchar_t /Zc:forScope /Zc:inline /Fo"cmTC_7d15b.dir\Debug\\" /Fd"cmTC_7d15b.dir\Debug\vc143.pdb" /external:W1 /Gd /TC /errorReport:queue "C:\Program Files\CMake\share\cmake-3.24\Modules\CheckFunctionExists.c"
LINK : fatal error LNK1104: cannot open file 'pthreads.lib' [C:\Users\Owner\Documents\GitHub\spacex-api-wrapper\build\CMakeFiles\CMakeTmp\cmTC_7d15b.vcxproj]



Determining if the function pthread_create exists in the pthread failed with the following output:
Change Dir: C:/Users/Owner/Documents/GitHub/spacex-api-wrapper/build/CMakeFiles/CMakeTmp

Run Build Command(s):C:/Program Files (x86)/Microsoft Visual Studio/2022/BuildTools/MSBuild/Current/Bin/amd64/MSBuild.exe cmTC_35b40.vcxproj /p:Configuration=Debug /p:Platform=x64 /p:VisualStudioVersion=17.0 /v:m && Microsoft (R) Build Engine version 17.2.1+52cd2da31 for .NET Framework
Copyright (C) Microsoft Corporation. All rights reserved.

  Microsoft (R) C/C++ Optimizing Compiler Version 19.32.31332 for x64
  CheckFunctionExists.c
  Copyright (C) Microsoft Corporation.  All rights reserved.
  cl /c /I"C:\Users\Owner\vcpkg\installed\x64-windows\include" /Zi /W1 /WX- /diagnostics:column /Od /Ob0 /D _MBCS /D WIN32 /D _WINDOWS /D CHECK_FUNCTION_EXISTS=pthread_create /D _WIN32_WINNT=0x0600 /D _WINSOCKAPI_= /D "CMAKE_INTDIR=\"Debug\"" /Gm- /RTC1 /MDd /GS /fp:precise /Zc:wchar_t /Zc:forScope /Zc:inline /Fo"cmTC_35b40.dir\Debug\\" /Fd"cmTC_35b40.dir\Debug\vc143.pdb" /external:W1 /Gd /TC /errorReport:queue "C:\Program Files\CMake\share\cmake-3.24\Modules\CheckFunctionExists.c"
LINK : fatal error LNK1104: cannot open file 'pthread.lib' [C:\Users\Owner\Documents\GitHub\spacex-api-wrapper\build\CMakeFiles\CMakeTmp\cmTC_35b40.vcxproj]



Determining if files C:/Users/Owner/anaconda3/Library/include/libssh2.h;windows.h;winsock.h;ws2tcpip.h;winsock2.h;wincrypt.h;stdio.h;sys/filio.h exist failed with the following output:
Change Dir: C:/Users/Owner/Documents/GitHub/spacex-api-wrapper/build/CMakeFiles/CMakeTmp

Run Build Command(s):C:/Program Files (x86)/Microsoft Visual Studio/2022/BuildTools/MSBuild/Current/Bin/amd64/MSBuild.exe cmTC_3f062.vcxproj /p:Configuration=Debug /p:Platform=x64 /p:VisualStudioVersion=17.0 /v:m && Microsoft (R) Build Engine version 17.2.1+52cd2da31 for .NET Framework
Copyright (C) Microsoft Corporation. All rights reserved.

  Microsoft (R) C/C++ Optimizing Compiler Version 19.32.31332 for x64
  HAVE_SYS_FILIO_H.c
  Copyright (C) Microsoft Corporation.  All rights reserved.
  cl /c /IC:\Users\Owner\anaconda3\Library\include /I"C:\Users\Owner\vcpkg\installed\x64-windows\include" /Zi /W1 /WX- /diagnostics:column /Od /Ob0 /D _MBCS /D WIN32 /D _WINDOWS /D _WIN32_WINNT=0x0600 /D _WINSOCKAPI_= /D SECURITY_WIN32 /D "CMAKE_INTDIR=\"Debug\"" /Gm- /RTC1 /MDd /GS /fp:precise /Zc:wchar_t /Zc:forScope /Zc:inline /Fo"cmTC_3f062.dir\Debug\\" /Fd"cmTC_3f062.dir\Debug\vc143.pdb" /external:W1 /Gd /TC /errorReport:queue "C:\Users\Owner\Documents\GitHub\spacex-api-wrapper\build\CMakeFiles\CheckIncludeFiles\HAVE_SYS_FILIO_H.c"
C:\Users\Owner\Documents\GitHub\spacex-api-wrapper\build\CMakeFiles\CheckIncludeFiles\HAVE_SYS_FILIO_H.c(9,10): fatal error C1083: Cannot open include file: 'sys/filio.h': No such file or directory [C:\Users\Owner\Documents\GitHub\spacex-api-wrapper\build\CMakeFiles\CMakeTmp\cmTC_3f062.vcxproj]


Source:
/* */
#include <C:/Users/Owner/anaconda3/Library/include/libssh2.h>
#include <windows.h>
#include <winsock.h>
#include <ws2tcpip.h>
#include <winsock2.h>
#include <wincrypt.h>
#include <stdio.h>
#include <sys/filio.h>


int main(void){return 0;}

Determining if files C:/Users/Owner/anaconda3/Library/include/libssh2.h;windows.h;winsock.h;ws2tcpip.h;winsock2.h;wincrypt.h;stdio.h;sys/ioctl.h exist failed with the following output:
Change Dir: C:/Users/Owner/Documents/GitHub/spacex-api-wrapper/build/CMakeFiles/CMakeTmp

Run Build Command(s):C:/Program Files (x86)/Microsoft Visual Studio/2022/BuildTools/MSBuild/Current/Bin/amd64/MSBuild.exe cmTC_63f5a.vcxproj /p:Configuration=Debug /p:Platform=x64 /p:VisualStudioVersion=17.0 /v:m && Microsoft (R) Build Engine version 17.2.1+52cd2da31 for .NET Framework
Copyright (C) Microsoft Corporation. All rights reserved.

  Microsoft (R) C/C++ Optimizing Compiler Version 19.32.31332 for x64
  HAVE_SYS_IOCTL_H.c
  Copyright (C) Microsoft Corporation.  All rights reserved.
  cl /c /IC:\Users\Owner\anaconda3\Library\include /I"C:\Users\Owner\vcpkg\installed\x64-windows\include" /Zi /W1 /WX- /diagnostics:column /Od /Ob0 /D _MBCS /D WIN32 /D _WINDOWS /D _WIN32_WINNT=0x0600 /D _WINSOCKAPI_= /D SECURITY_WIN32 /D "CMAKE_INTDIR=\"Debug\"" /Gm- /RTC1 /MDd /GS /fp:precise /Zc:wchar_t /Zc:forScope /Zc:inline /Fo"cmTC_63f5a.dir\Debug\\" /Fd"cmTC_63f5a.dir\Debug\vc143.pdb" /external:W1 /Gd /TC /errorReport:queue "C:\Users\Owner\Documents\GitHub\spacex-api-wrapper\build\CMakeFiles\CheckIncludeFiles\HAVE_SYS_IOCTL_H.c"
C:\Users\Owner\Documents\GitHub\spacex-api-wrapper\build\CMakeFiles\CheckIncludeFiles\HAVE_SYS_IOCTL_H.c(9,10): fatal error C1083: Cannot open include file: 'sys/ioctl.h': No such file or directory [C:\Users\Owner\Documents\GitHub\spacex-api-wrapper\build\CMakeFiles\CMakeTmp\cmTC_63f5a.vcxproj]


Source:
/* */
#include <C:/Users/Owner/anaconda3/Library/include/libssh2.h>
#include <windows.h>
#include <winsock.h>
#include <ws2tcpip.h>
#include <winsock2.h>
#include <wincrypt.h>
#include <stdio.h>
#include <sys/ioctl.h>


int main(void){return 0;}

Determining if files C:/Users/Owner/anaconda3/Library/include/libssh2.h;windows.h;winsock.h;ws2tcpip.h;winsock2.h;wincrypt.h;stdio.h;sys/resource.h exist failed with the following output:
Change Dir: C:/Users/Owner/Documents/GitHub/spacex-api-wrapper/build/CMakeFiles/CMakeTmp

Run Build Command(s):C:/Program Files (x86)/Microsoft Visual Studio/2022/BuildTools/MSBuild/Current/Bin/amd64/MSBuild.exe cmTC_ce187.vcxproj /p:Configuration=Debug /p:Platform=x64 /p:VisualStudioVersion=17.0 /v:m && Microsoft (R) Build Engine version 17.2.1+52cd2da31 for .NET Framework
Copyright (C) Microsoft Corporation. All rights reserved.

  Microsoft (R) C/C++ Optimizing Compiler Version 19.32.31332 for x64
  HAVE_SYS_RESOURCE_H.c
  Copyright (C) Microsoft Corporation.  All rights reserved.
  cl /c /IC:\Users\Owner\anaconda3\Library\include /I"C:\Users\Owner\vcpkg\installed\x64-windows\include" /Zi /W1 /WX- /diagnostics:column /Od /Ob0 /D _MBCS /D WIN32 /D _WINDOWS /D _WIN32_WINNT=0x0600 /D _WINSOCKAPI_= /D SECURITY_WIN32 /D "CMAKE_INTDIR=\"Debug\"" /Gm- /RTC1 /MDd /GS /fp:precise /Zc:wchar_t /Zc:forScope /Zc:inline /Fo"cmTC_ce187.dir\Debug\\" /Fd"cmTC_ce187.dir\Debug\vc143.pdb" /external:W1 /Gd /TC /errorReport:queue "C:\Users\Owner\Documents\GitHub\spacex-api-wrapper\build\CMakeFiles\CheckIncludeFiles\HAVE_SYS_RESOURCE_H.c"
C:\Users\Owner\Documents\GitHub\spacex-api-wrapper\build\CMakeFiles\CheckIncludeFiles\HAVE_SYS_RESOURCE_H.c(9,10): fatal error C1083: Cannot open include file: 'sys/resource.h': No such file or directory [C:\Users\Owner\Documents\GitHub\spacex-api-wrapper\build\CMakeFiles\CMakeTmp\cmTC_ce187.vcxproj]


Source:
/* */
#include <C:/Users/Owner/anaconda3/Library/include/libssh2.h>
#include <windows.h>
#include <winsock.h>
#include <ws2tcpip.h>
#include <winsock2.h>
#include <wincrypt.h>
#include <stdio.h>
#include <sys/resource.h>


int main(void){return 0;}

Determining if files C:/Users/Owner/anaconda3/Library/include/libssh2.h;windows.h;winsock.h;ws2tcpip.h;winsock2.h;wincrypt.h;stdio.h;sys/stat.h;sys/types.h;sys/uio.h exist failed with the following output:
Change Dir: C:/Users/Owner/Documents/GitHub/spacex-api-wrapper/build/CMakeFiles/CMakeTmp

Run Build Command(s):C:/Program Files (x86)/Microsoft Visual Studio/2022/BuildTools/MSBuild/Current/Bin/amd64/MSBuild.exe cmTC_9806b.vcxproj /p:Configuration=Debug /p:Platform=x64 /p:VisualStudioVersion=17.0 /v:m && Microsoft (R) Build Engine version 17.2.1+52cd2da31 for .NET Framework
Copyright (C) Microsoft Corporation. All rights reserved.

  Microsoft (R) C/C++ Optimizing Compiler Version 19.32.31332 for x64
  HAVE_SYS_UIO_H.c
  Copyright (C) Microsoft Corporation.  All rights reserved.
  cl /c /IC:\Users\Owner\anaconda3\Library\include /I"C:\Users\Owner\vcpkg\installed\x64-windows\include" /Zi /W1 /WX- /diagnostics:column /Od /Ob0 /D _MBCS /D WIN32 /D _WINDOWS /D _WIN32_WINNT=0x0600 /D _WINSOCKAPI_= /D SECURITY_WIN32 /D "CMAKE_INTDIR=\"Debug\"" /Gm- /RTC1 /MDd /GS /fp:precise /Zc:wchar_t /Zc:forScope /Zc:inline /Fo"cmTC_9806b.dir\Debug\\" /Fd"cmTC_9806b.dir\Debug\vc143.pdb" /external:W1 /Gd /TC /errorReport:queue "C:\Users\Owner\Documents\GitHub\spacex-api-wrapper\build\CMakeFiles\CheckIncludeFiles\HAVE_SYS_UIO_H.c"
C:\Users\Owner\Documents\GitHub\spacex-api-wrapper\build\CMakeFiles\CheckIncludeFiles\HAVE_SYS_UIO_H.c(11,10): fatal error C1083: Cannot open include file: 'sys/uio.h': No such file or directory [C:\Users\Owner\Documents\GitHub\spacex-api-wrapper\build\CMakeFiles\CMakeTmp\cmTC_9806b.vcxproj]


Source:
/* */
#include <C:/Users/Owner/anaconda3/Library/include/libssh2.h>
#include <windows.h>
#include <winsock.h>
#include <ws2tcpip.h>
#include <winsock2.h>
#include <wincrypt.h>
#include <stdio.h>
#include <sys/stat.h>
#include <sys/types.h>
#include <sys/uio.h>


int main(void){return 0;}

Determining if files C:/Users/Owner/anaconda3/Library/include/libssh2.h;windows.h;winsock.h;ws2tcpip.h;winsock2.h;wincrypt.h;stdio.h;sys/stat.h;sys/types.h;sys/un.h exist failed with the following output:
Change Dir: C:/Users/Owner/Documents/GitHub/spacex-api-wrapper/build/CMakeFiles/CMakeTmp

Run Build Command(s):C:/Program Files (x86)/Microsoft Visual Studio/2022/BuildTools/MSBuild/Current/Bin/amd64/MSBuild.exe cmTC_fcb56.vcxproj /p:Configuration=Debug /p:Platform=x64 /p:VisualStudioVersion=17.0 /v:m && Microsoft (R) Build Engine version 17.2.1+52cd2da31 for .NET Framework
Copyright (C) Microsoft Corporation. All rights reserved.

  Microsoft (R) C/C++ Optimizing Compiler Version 19.32.31332 for x64
  Copyright (C) Microsoft Corporation.  All rights reserved.
  HAVE_SYS_UN_H.c
  cl /c /IC:\Users\Owner\anaconda3\Library\include /I"C:\Users\Owner\vcpkg\installed\x64-windows\include" /Zi /W1 /WX- /diagnostics:column /Od /Ob0 /D _MBCS /D WIN32 /D _WINDOWS /D _WIN32_WINNT=0x0600 /D _WINSOCKAPI_= /D SECURITY_WIN32 /D "CMAKE_INTDIR=\"Debug\"" /Gm- /RTC1 /MDd /GS /fp:precise /Zc:wchar_t /Zc:forScope /Zc:inline /Fo"cmTC_fcb56.dir\Debug\\" /Fd"cmTC_fcb56.dir\Debug\vc143.pdb" /external:W1 /Gd /TC /errorReport:queue "C:\Users\Owner\Documents\GitHub\spacex-api-wrapper\build\CMakeFiles\CheckIncludeFiles\HAVE_SYS_UN_H.c"
C:\Users\Owner\Documents\GitHub\spacex-api-wrapper\build\CMakeFiles\CheckIncludeFiles\HAVE_SYS_UN_H.c(11,10): fatal error C1083: Cannot open include file: 'sys/un.h': No such file or directory [C:\Users\Owner\Documents\GitHub\spacex-api-wrapper\build\CMakeFiles\CMakeTmp\cmTC_fcb56.vcxproj]


Source:
/* */
#include <C:/Users/Owner/anaconda3/Library/include/libssh2.h>
#include <windows.h>
#include <winsock.h>
#include <ws2tcpip.h>
#include <winsock2.h>
#include <wincrypt.h>
#include <stdio.h>
#include <sys/stat.h>
#include <sys/types.h>
#include <sys/un.h>


int main(void){return 0;}

Determining if files C:/Users/Owner/anaconda3/Library/include/libssh2.h;windows.h;winsock.h;ws2tcpip.h;winsock2.h;wincrypt.h;stdio.h;sys/stat.h;sys/types.h;sys/utime.h;sys/xattr.h exist failed with the following output:
Change Dir: C:/Users/Owner/Documents/GitHub/spacex-api-wrapper/build/CMakeFiles/CMakeTmp

Run Build Command(s):C:/Program Files (x86)/Microsoft Visual Studio/2022/BuildTools/MSBuild/Current/Bin/amd64/MSBuild.exe cmTC_64ac6.vcxproj /p:Configuration=Debug /p:Platform=x64 /p:VisualStudioVersion=17.0 /v:m && Microsoft (R) Build Engine version 17.2.1+52cd2da31 for .NET Framework
Copyright (C) Microsoft Corporation. All rights reserved.

  Microsoft (R) C/C++ Optimizing Compiler Version 19.32.31332 for x64
  HAVE_SYS_XATTR_H.c
  Copyright (C) Microsoft Corporation.  All rights reserved.
  cl /c /IC:\Users\Owner\anaconda3\Library\include /I"C:\Users\Owner\vcpkg\installed\x64-windows\include" /Zi /W1 /WX- /diagnostics:column /Od /Ob0 /D _MBCS /D WIN32 /D _WINDOWS /D _WIN32_WINNT=0x0600 /D _WINSOCKAPI_= /D SECURITY_WIN32 /D "CMAKE_INTDIR=\"Debug\"" /Gm- /RTC1 /MDd /GS /fp:precise /Zc:wchar_t /Zc:forScope /Zc:inline /Fo"cmTC_64ac6.dir\Debug\\" /Fd"cmTC_64ac6.dir\Debug\vc143.pdb" /external:W1 /Gd /TC /errorReport:queue "C:\Users\Owner\Documents\GitHub\spacex-api-wrapper\build\CMakeFiles\CheckIncludeFiles\HAVE_SYS_XATTR_H.c"
C:\Users\Owner\Documents\GitHub\spacex-api-wrapper\build\CMakeFiles\CheckIncludeFiles\HAVE_SYS_XATTR_H.c(12,10): fatal error C1083: Cannot open include file: 'sys/xattr.h': No such file or directory [C:\Users\Owner\Documents\GitHub\spacex-api-wrapper\build\CMakeFiles\CMakeTmp\cmTC_64ac6.vcxproj]


Source:
/* */
#include <C:/Users/Owner/anaconda3/Library/include/libssh2.h>
#include <windows.h>
#include <winsock.h>
#include <ws2tcpip.h>
#include <winsock2.h>
#include <wincrypt.h>
#include <stdio.h>
#include <sys/stat.h>
#include <sys/types.h>
#include <sys/utime.h>
#include <sys/xattr.h>


int main(void){return 0;}

Determining if files C:/Users/Owner/anaconda3/Library/include/libssh2.h;windows.h;winsock.h;ws2tcpip.h;winsock2.h;wincrypt.h;stdio.h;sys/stat.h;sys/types.h;sys/utime.h;arpa/tftp.h exist failed with the following output:
Change Dir: C:/Users/Owner/Documents/GitHub/spacex-api-wrapper/build/CMakeFiles/CMakeTmp

Run Build Command(s):C:/Program Files (x86)/Microsoft Visual Studio/2022/BuildTools/MSBuild/Current/Bin/amd64/MSBuild.exe cmTC_b136b.vcxproj /p:Configuration=Debug /p:Platform=x64 /p:VisualStudioVersion=17.0 /v:m && Microsoft (R) Build Engine version 17.2.1+52cd2da31 for .NET Framework
Copyright (C) Microsoft Corporation. All rights reserved.

  Microsoft (R) C/C++ Optimizing Compiler Version 19.32.31332 for x64
  HAVE_ARPA_TFTP_H.c
  Copyright (C) Microsoft Corporation.  All rights reserved.
  cl /c /IC:\Users\Owner\anaconda3\Library\include /I"C:\Users\Owner\vcpkg\installed\x64-windows\include" /Zi /W1 /WX- /diagnostics:column /Od /Ob0 /D _MBCS /D WIN32 /D _WINDOWS /D _WIN32_WINNT=0x0600 /D _WINSOCKAPI_= /D SECURITY_WIN32 /D "CMAKE_INTDIR=\"Debug\"" /Gm- /RTC1 /MDd /GS /fp:precise /Zc:wchar_t /Zc:forScope /Zc:inline /Fo"cmTC_b136b.dir\Debug\\" /Fd"cmTC_b136b.dir\Debug\vc143.pdb" /external:W1 /Gd /TC /errorReport:queue "C:\Users\Owner\Documents\GitHub\spacex-api-wrapper\build\CMakeFiles\CheckIncludeFiles\HAVE_ARPA_TFTP_H.c"
C:\Users\Owner\Documents\GitHub\spacex-api-wrapper\build\CMakeFiles\CheckIncludeFiles\HAVE_ARPA_TFTP_H.c(12,10): fatal error C1083: Cannot open include file: 'arpa/tftp.h': No such file or directory [C:\Users\Owner\Documents\GitHub\spacex-api-wrapper\build\CMakeFiles\CMakeTmp\cmTC_b136b.vcxproj]


Source:
/* */
#include <C:/Users/Owner/anaconda3/Library/include/libssh2.h>
#include <windows.h>
#include <winsock.h>
#include <ws2tcpip.h>
#include <winsock2.h>
#include <wincrypt.h>
#include <stdio.h>
#include <sys/stat.h>
#include <sys/types.h>
#include <sys/utime.h>
#include <arpa/tftp.h>


int main(void){return 0;}

Determining if files C:/Users/Owner/anaconda3/Library/include/libssh2.h;windows.h;winsock.h;ws2tcpip.h;winsock2.h;wincrypt.h;stdio.h;sys/stat.h;sys/types.h;sys/utime.h;assert.h;errno.h;fcntl.h;idn2.h exist failed with the following output:
Change Dir: C:/Users/Owner/Documents/GitHub/spacex-api-wrapper/build/CMakeFiles/CMakeTmp

Run Build Command(s):C:/Program Files (x86)/Microsoft Visual Studio/2022/BuildTools/MSBuild/Current/Bin/amd64/MSBuild.exe cmTC_44c3d.vcxproj /p:Configuration=Debug /p:Platform=x64 /p:VisualStudioVersion=17.0 /v:m && Microsoft (R) Build Engine version 17.2.1+52cd2da31 for .NET Framework
Copyright (C) Microsoft Corporation. All rights reserved.

  Microsoft (R) C/C++ Optimizing Compiler Version 19.32.31332 for x64
  HAVE_IDN2_H.c
  Copyright (C) Microsoft Corporation.  All rights reserved.
  cl /c /IC:\Users\Owner\anaconda3\Library\include /I"C:\Users\Owner\vcpkg\installed\x64-windows\include" /Zi /W1 /WX- /diagnostics:column /Od /Ob0 /D _MBCS /D WIN32 /D _WINDOWS /D _WIN32_WINNT=0x0600 /D _WINSOCKAPI_= /D SECURITY_WIN32 /D "CMAKE_INTDIR=\"Debug\"" /Gm- /RTC1 /MDd /GS /fp:precise /Zc:wchar_t /Zc:forScope /Zc:inline /Fo"cmTC_44c3d.dir\Debug\\" /Fd"cmTC_44c3d.dir\Debug\vc143.pdb" /external:W1 /Gd /TC /errorReport:queue "C:\Users\Owner\Documents\GitHub\spacex-api-wrapper\build\CMakeFiles\CheckIncludeFiles\HAVE_IDN2_H.c"
C:\Users\Owner\Documents\GitHub\spacex-api-wrapper\build\CMakeFiles\CheckIncludeFiles\HAVE_IDN2_H.c(15,10): fatal error C1083: Cannot open include file: 'idn2.h': No such file or directory [C:\Users\Owner\Documents\GitHub\spacex-api-wrapper\build\CMakeFiles\CMakeTmp\cmTC_44c3d.vcxproj]


Source:
/* */
#include <C:/Users/Owner/anaconda3/Library/include/libssh2.h>
#include <windows.h>
#include <winsock.h>
#include <ws2tcpip.h>
#include <winsock2.h>
#include <wincrypt.h>
#include <stdio.h>
#include <sys/stat.h>
#include <sys/types.h>
#include <sys/utime.h>
#include <assert.h>
#include <errno.h>
#include <fcntl.h>
#include <idn2.h>


int main(void){return 0;}

Determining if files C:/Users/Owner/anaconda3/Library/include/libssh2.h;windows.h;winsock.h;ws2tcpip.h;winsock2.h;wincrypt.h;stdio.h;sys/stat.h;sys/types.h;sys/utime.h;assert.h;errno.h;fcntl.h;ifaddrs.h exist failed with the following output:
Change Dir: C:/Users/Owner/Documents/GitHub/spacex-api-wrapper/build/CMakeFiles/CMakeTmp

Run Build Command(s):C:/Program Files (x86)/Microsoft Visual Studio/2022/BuildTools/MSBuild/Current/Bin/amd64/MSBuild.exe cmTC_c73ac.vcxproj /p:Configuration=Debug /p:Platform=x64 /p:VisualStudioVersion=17.0 /v:m && Microsoft (R) Build Engine version 17.2.1+52cd2da31 for .NET Framework
Copyright (C) Microsoft Corporation. All rights reserved.

  Microsoft (R) C/C++ Optimizing Compiler Version 19.32.31332 for x64
  HAVE_IFADDRS_H.c
  Copyright (C) Microsoft Corporation.  All rights reserved.
  cl /c /IC:\Users\Owner\anaconda3\Library\include /I"C:\Users\Owner\vcpkg\installed\x64-windows\include" /Zi /W1 /WX- /diagnostics:column /Od /Ob0 /D _MBCS /D WIN32 /D _WINDOWS /D _WIN32_WINNT=0x0600 /D _WINSOCKAPI_= /D SECURITY_WIN32 /D "CMAKE_INTDIR=\"Debug\"" /Gm- /RTC1 /MDd /GS /fp:precise /Zc:wchar_t /Zc:forScope /Zc:inline /Fo"cmTC_c73ac.dir\Debug\\" /Fd"cmTC_c73ac.dir\Debug\vc143.pdb" /external:W1 /Gd /TC /errorReport:queue "C:\Users\Owner\Documents\GitHub\spacex-api-wrapper\build\CMakeFiles\CheckIncludeFiles\HAVE_IFADDRS_H.c"
C:\Users\Owner\Documents\GitHub\spacex-api-wrapper\build\CMakeFiles\CheckIncludeFiles\HAVE_IFADDRS_H.c(15,10): fatal error C1083: Cannot open include file: 'ifaddrs.h': No such file or directory [C:\Users\Owner\Documents\GitHub\spacex-api-wrapper\build\CMakeFiles\CMakeTmp\cmTC_c73ac.vcxproj]


Source:
/* */
#include <C:/Users/Owner/anaconda3/Library/include/libssh2.h>
#include <windows.h>
#include <winsock.h>
#include <ws2tcpip.h>
#include <winsock2.h>
#include <wincrypt.h>
#include <stdio.h>
#include <sys/stat.h>
#include <sys/types.h>
#include <sys/utime.h>
#include <assert.h>
#include <errno.h>
#include <fcntl.h>
#include <ifaddrs.h>


int main(void){return 0;}

Determining if files C:/Users/Owner/anaconda3/Library/include/libssh2.h;windows.h;winsock.h;ws2tcpip.h;winsock2.h;wincrypt.h;stdio.h;sys/stat.h;sys/types.h;sys/utime.h;assert.h;errno.h;fcntl.h;io.h;krb.h exist failed with the following output:
Change Dir: C:/Users/Owner/Documents/GitHub/spacex-api-wrapper/build/CMakeFiles/CMakeTmp

Run Build Command(s):C:/Program Files (x86)/Microsoft Visual Studio/2022/BuildTools/MSBuild/Current/Bin/amd64/MSBuild.exe cmTC_41340.vcxproj /p:Configuration=Debug /p:Platform=x64 /p:VisualStudioVersion=17.0 /v:m && Microsoft (R) Build Engine version 17.2.1+52cd2da31 for .NET Framework
Copyright (C) Microsoft Corporation. All rights reserved.

  Microsoft (R) C/C++ Optimizing Compiler Version 19.32.31332 for x64
  HAVE_KRB_H.c
  Copyright (C) Microsoft Corporation.  All rights reserved.
  cl /c /IC:\Users\Owner\anaconda3\Library\include /I"C:\Users\Owner\vcpkg\installed\x64-windows\include" /Zi /W1 /WX- /diagnostics:column /Od /Ob0 /D _MBCS /D WIN32 /D _WINDOWS /D _WIN32_WINNT=0x0600 /D _WINSOCKAPI_= /D SECURITY_WIN32 /D "CMAKE_INTDIR=\"Debug\"" /Gm- /RTC1 /MDd /GS /fp:precise /Zc:wchar_t /Zc:forScope /Zc:inline /Fo"cmTC_41340.dir\Debug\\" /Fd"cmTC_41340.dir\Debug\vc143.pdb" /external:W1 /Gd /TC /errorReport:queue "C:\Users\Owner\Documents\GitHub\spacex-api-wrapper\build\CMakeFiles\CheckIncludeFiles\HAVE_KRB_H.c"
C:\Users\Owner\Documents\GitHub\spacex-api-wrapper\build\CMakeFiles\CheckIncludeFiles\HAVE_KRB_H.c(16,10): fatal error C1083: Cannot open include file: 'krb.h': No such file or directory [C:\Users\Owner\Documents\GitHub\spacex-api-wrapper\build\CMakeFiles\CMakeTmp\cmTC_41340.vcxproj]


Source:
/* */
#include <C:/Users/Owner/anaconda3/Library/include/libssh2.h>
#include <windows.h>
#include <winsock.h>
#include <ws2tcpip.h>
#include <winsock2.h>
#include <wincrypt.h>
#include <stdio.h>
#include <sys/stat.h>
#include <sys/types.h>
#include <sys/utime.h>
#include <assert.h>
#include <errno.h>
#include <fcntl.h>
#include <io.h>
#include <krb.h>


int main(void){return 0;}

Determining if files C:/Users/Owner/anaconda3/Library/include/libssh2.h;windows.h;winsock.h;ws2tcpip.h;winsock2.h;wincrypt.h;stdio.h;sys/stat.h;sys/types.h;sys/utime.h;assert.h;errno.h;fcntl.h;io.h;libgen.h exist failed with the following output:
Change Dir: C:/Users/Owner/Documents/GitHub/spacex-api-wrapper/build/CMakeFiles/CMakeTmp

Run Build Command(s):C:/Program Files (x86)/Microsoft Visual Studio/2022/BuildTools/MSBuild/Current/Bin/amd64/MSBuild.exe cmTC_b88d0.vcxproj /p:Configuration=Debug /p:Platform=x64 /p:VisualStudioVersion=17.0 /v:m && Microsoft (R) Build Engine version 17.2.1+52cd2da31 for .NET Framework
Copyright (C) Microsoft Corporation. All rights reserved.

  Microsoft (R) C/C++ Optimizing Compiler Version 19.32.31332 for x64
  HAVE_LIBGEN_H.c
  Copyright (C) Microsoft Corporation.  All rights reserved.
  cl /c /IC:\Users\Owner\anaconda3\Library\include /I"C:\Users\Owner\vcpkg\installed\x64-windows\include" /Zi /W1 /WX- /diagnostics:column /Od /Ob0 /D _MBCS /D WIN32 /D _WINDOWS /D _WIN32_WINNT=0x0600 /D _WINSOCKAPI_= /D SECURITY_WIN32 /D "CMAKE_INTDIR=\"Debug\"" /Gm- /RTC1 /MDd /GS /fp:precise /Zc:wchar_t /Zc:forScope /Zc:inline /Fo"cmTC_b88d0.dir\Debug\\" /Fd"cmTC_b88d0.dir\Debug\vc143.pdb" /external:W1 /Gd /TC /errorReport:queue "C:\Users\Owner\Documents\GitHub\spacex-api-wrapper\build\CMakeFiles\CheckIncludeFiles\HAVE_LIBGEN_H.c"
C:\Users\Owner\Documents\GitHub\spacex-api-wrapper\build\CMakeFiles\CheckIncludeFiles\HAVE_LIBGEN_H.c(16,10): fatal error C1083: Cannot open include file: 'libgen.h': No such file or directory [C:\Users\Owner\Documents\GitHub\spacex-api-wrapper\build\CMakeFiles\CMakeTmp\cmTC_b88d0.vcxproj]


Source:
/* */
#include <C:/Users/Owner/anaconda3/Library/include/libssh2.h>
#include <windows.h>
#include <winsock.h>
#include <ws2tcpip.h>
#include <winsock2.h>
#include <wincrypt.h>
#include <stdio.h>
#include <sys/stat.h>
#include <sys/types.h>
#include <sys/utime.h>
#include <assert.h>
#include <errno.h>
#include <fcntl.h>
#include <io.h>
#include <libgen.h>


int main(void){return 0;}

Determining if files C:/Users/Owner/anaconda3/Library/include/libssh2.h;windows.h;winsock.h;ws2tcpip.h;winsock2.h;wincrypt.h;stdio.h;sys/stat.h;sys/types.h;sys/utime.h;assert.h;errno.h;fcntl.h;io.h;locale.h;netinet/tcp.h exist failed with the following output:
Change Dir: C:/Users/Owner/Documents/GitHub/spacex-api-wrapper/build/CMakeFiles/CMakeTmp

Run Build Command(s):C:/Program Files (x86)/Microsoft Visual Studio/2022/BuildTools/MSBuild/Current/Bin/amd64/MSBuild.exe cmTC_cbcec.vcxproj /p:Configuration=Debug /p:Platform=x64 /p:VisualStudioVersion=17.0 /v:m && Microsoft (R) Build Engine version 17.2.1+52cd2da31 for .NET Framework
Copyright (C) Microsoft Corporation. All rights reserved.

  Microsoft (R) C/C++ Optimizing Compiler Version 19.32.31332 for x64
  HAVE_NETINET_TCP_H.c
  Copyright (C) Microsoft Corporation.  All rights reserved.
  cl /c /IC:\Users\Owner\anaconda3\Library\include /I"C:\Users\Owner\vcpkg\installed\x64-windows\include" /Zi /W1 /WX- /diagnostics:column /Od /Ob0 /D _MBCS /D WIN32 /D _WINDOWS /D _WIN32_WINNT=0x0600 /D _WINSOCKAPI_= /D SECURITY_WIN32 /D "CMAKE_INTDIR=\"Debug\"" /Gm- /RTC1 /MDd /GS /fp:precise /Zc:wchar_t /Zc:forScope /Zc:inline /Fo"cmTC_cbcec.dir\Debug\\" /Fd"cmTC_cbcec.dir\Debug\vc143.pdb" /external:W1 /Gd /TC /errorReport:queue "C:\Users\Owner\Documents\GitHub\spacex-api-wrapper\build\CMakeFiles\CheckIncludeFiles\HAVE_NETINET_TCP_H.c"
C:\Users\Owner\Documents\GitHub\spacex-api-wrapper\build\CMakeFiles\CheckIncludeFiles\HAVE_NETINET_TCP_H.c(17,10): fatal error C1083: Cannot open include file: 'netinet/tcp.h': No such file or directory [C:\Users\Owner\Documents\GitHub\spacex-api-wrapper\build\CMakeFiles\CMakeTmp\cmTC_cbcec.vcxproj]


Source:
/* */
#include <C:/Users/Owner/anaconda3/Library/include/libssh2.h>
#include <windows.h>
#include <winsock.h>
#include <ws2tcpip.h>
#include <winsock2.h>
#include <wincrypt.h>
#include <stdio.h>
#include <sys/stat.h>
#include <sys/types.h>
#include <sys/utime.h>
#include <assert.h>
#include <errno.h>
#include <fcntl.h>
#include <io.h>
#include <locale.h>
#include <netinet/tcp.h>


int main(void){return 0;}

Determining if the include file linux/tcp.h exists failed with the following output:
Change Dir: C:/Users/Owner/Documents/GitHub/spacex-api-wrapper/build/CMakeFiles/CMakeTmp

Run Build Command(s):C:/Program Files (x86)/Microsoft Visual Studio/2022/BuildTools/MSBuild/Current/Bin/amd64/MSBuild.exe cmTC_9d4ae.vcxproj /p:Configuration=Debug /p:Platform=x64 /p:VisualStudioVersion=17.0 /v:m && Microsoft (R) Build Engine version 17.2.1+52cd2da31 for .NET Framework
Copyright (C) Microsoft Corporation. All rights reserved.

  Microsoft (R) C/C++ Optimizing Compiler Version 19.32.31332 for x64
  Copyright (C) Microsoft Corporation.  All rights reserved.
  CheckIncludeFile.c
C:\Users\Owner\Documents\GitHub\spacex-api-wrapper\build\CMakeFiles\CMakeTmp\CheckIncludeFile.c(1,10): fatal error C1083: Cannot open include file: 'linux/tcp.h': No such file or directory [C:\Users\Owner\Documents\GitHub\spacex-api-wrapper\build\CMakeFiles\CMakeTmp\cmTC_9d4ae.vcxproj]
  cl /c /IC:\Users\Owner\anaconda3\Library\include /I"C:\Users\Owner\vcpkg\installed\x64-windows\include" /Zi /W1 /WX- /diagnostics:column /Od /Ob0 /D _MBCS /D WIN32 /D _WINDOWS /D _WIN32_WINNT=0x0600 /D _WINSOCKAPI_= /D SECURITY_WIN32 /D "CMAKE_INTDIR=\"Debug\"" /Gm- /RTC1 /MDd /GS /fp:precise /Zc:wchar_t /Zc:forScope /Zc:inline /Fo"cmTC_9d4ae.dir\Debug\\" /Fd"cmTC_9d4ae.dir\Debug\vc143.pdb" /external:W1 /Gd /TC /errorReport:queue "C:\Users\Owner\Documents\GitHub\spacex-api-wrapper\build\CMakeFiles\CMakeTmp\CheckIncludeFile.c"



Determining if files C:/Users/Owner/anaconda3/Library/include/libssh2.h;windows.h;winsock.h;ws2tcpip.h;winsock2.h;wincrypt.h;stdio.h;sys/stat.h;sys/types.h;sys/utime.h;assert.h;errno.h;fcntl.h;io.h;locale.h;pem.h exist failed with the following output:
Change Dir: C:/Users/Owner/Documents/GitHub/spacex-api-wrapper/build/CMakeFiles/CMakeTmp

Run Build Command(s):C:/Program Files (x86)/Microsoft Visual Studio/2022/BuildTools/MSBuild/Current/Bin/amd64/MSBuild.exe cmTC_add70.vcxproj /p:Configuration=Debug /p:Platform=x64 /p:VisualStudioVersion=17.0 /v:m && Microsoft (R) Build Engine version 17.2.1+52cd2da31 for .NET Framework
Copyright (C) Microsoft Corporation. All rights reserved.

  Microsoft (R) C/C++ Optimizing Compiler Version 19.32.31332 for x64
  HAVE_PEM_H.c
  Copyright (C) Microsoft Corporation.  All rights reserved.
  cl /c /IC:\Users\Owner\anaconda3\Library\include /I"C:\Users\Owner\vcpkg\installed\x64-windows\include" /Zi /W1 /WX- /diagnostics:column /Od /Ob0 /D _MBCS /D WIN32 /D _WINDOWS /D _WIN32_WINNT=0x0600 /D _WINSOCKAPI_= /D SECURITY_WIN32 /D "CMAKE_INTDIR=\"Debug\"" /Gm- /RTC1 /MDd /GS /fp:precise /Zc:wchar_t /Zc:forScope /Zc:inline /Fo"cmTC_add70.dir\Debug\\" /Fd"cmTC_add70.dir\Debug\vc143.pdb" /external:W1 /Gd /TC /errorReport:queue "C:\Users\Owner\Documents\GitHub\spacex-api-wrapper\build\CMakeFiles\CheckIncludeFiles\HAVE_PEM_H.c"
C:\Users\Owner\Documents\GitHub\spacex-api-wrapper\build\CMakeFiles\CheckIncludeFiles\HAVE_PEM_H.c(17,10): fatal error C1083: Cannot open include file: 'pem.h': No such file or directory [C:\Users\Owner\Documents\GitHub\spacex-api-wrapper\build\CMakeFiles\CMakeTmp\cmTC_add70.vcxproj]


Source:
/* */
#include <C:/Users/Owner/anaconda3/Library/include/libssh2.h>
#include <windows.h>
#include <winsock.h>
#include <ws2tcpip.h>
#include <winsock2.h>
#include <wincrypt.h>
#include <stdio.h>
#include <sys/stat.h>
#include <sys/types.h>
#include <sys/utime.h>
#include <assert.h>
#include <errno.h>
#include <fcntl.h>
#include <io.h>
#include <locale.h>
#include <pem.h>


int main(void){return 0;}

Determining if files C:/Users/Owner/anaconda3/Library/include/libssh2.h;windows.h;winsock.h;ws2tcpip.h;winsock2.h;wincrypt.h;stdio.h;sys/stat.h;sys/types.h;sys/utime.h;assert.h;errno.h;fcntl.h;io.h;locale.h;poll.h exist failed with the following output:
Change Dir: C:/Users/Owner/Documents/GitHub/spacex-api-wrapper/build/CMakeFiles/CMakeTmp

Run Build Command(s):C:/Program Files (x86)/Microsoft Visual Studio/2022/BuildTools/MSBuild/Current/Bin/amd64/MSBuild.exe cmTC_4f1e5.vcxproj /p:Configuration=Debug /p:Platform=x64 /p:VisualStudioVersion=17.0 /v:m && Microsoft (R) Build Engine version 17.2.1+52cd2da31 for .NET Framework
Copyright (C) Microsoft Corporation. All rights reserved.

  Microsoft (R) C/C++ Optimizing Compiler Version 19.32.31332 for x64
  HAVE_POLL_H.c
  Copyright (C) Microsoft Corporation.  All rights reserved.
  cl /c /IC:\Users\Owner\anaconda3\Library\include /I"C:\Users\Owner\vcpkg\installed\x64-windows\include" /Zi /W1 /WX- /diagnostics:column /Od /Ob0 /D _MBCS /D WIN32 /D _WINDOWS /D _WIN32_WINNT=0x0600 /D _WINSOCKAPI_= /D SECURITY_WIN32 /D "CMAKE_INTDIR=\"Debug\"" /Gm- /RTC1 /MDd /GS /fp:precise /Zc:wchar_t /Zc:forScope /Zc:inline /Fo"cmTC_4f1e5.dir\Debug\\" /Fd"cmTC_4f1e5.dir\Debug\vc143.pdb" /external:W1 /Gd /TC /errorReport:queue "C:\Users\Owner\Documents\GitHub\spacex-api-wrapper\build\CMakeFiles\CheckIncludeFiles\HAVE_POLL_H.c"
C:\Users\Owner\Documents\GitHub\spacex-api-wrapper\build\CMakeFiles\CheckIncludeFiles\HAVE_POLL_H.c(17,10): fatal error C1083: Cannot open include file: 'poll.h': No such file or directory [C:\Users\Owner\Documents\GitHub\spacex-api-wrapper\build\CMakeFiles\CMakeTmp\cmTC_4f1e5.vcxproj]


Source:
/* */
#include <C:/Users/Owner/anaconda3/Library/include/libssh2.h>
#include <windows.h>
#include <winsock.h>
#include <ws2tcpip.h>
#include <winsock2.h>
#include <wincrypt.h>
#include <stdio.h>
#include <sys/stat.h>
#include <sys/types.h>
#include <sys/utime.h>
#include <assert.h>
#include <errno.h>
#include <fcntl.h>
#include <io.h>
#include <locale.h>
#include <poll.h>


int main(void){return 0;}

Determining if files C:/Users/Owner/anaconda3/Library/include/libssh2.h;windows.h;winsock.h;ws2tcpip.h;winsock2.h;wincrypt.h;stdio.h;sys/stat.h;sys/types.h;sys/utime.h;assert.h;errno.h;fcntl.h;io.h;locale.h;setjmp.h;signal.h;ssl.h exist failed with the following output:
Change Dir: C:/Users/Owner/Documents/GitHub/spacex-api-wrapper/build/CMakeFiles/CMakeTmp

Run Build Command(s):C:/Program Files (x86)/Microsoft Visual Studio/2022/BuildTools/MSBuild/Current/Bin/amd64/MSBuild.exe cmTC_8cf73.vcxproj /p:Configuration=Debug /p:Platform=x64 /p:VisualStudioVersion=17.0 /v:m && Microsoft (R) Build Engine version 17.2.1+52cd2da31 for .NET Framework
Copyright (C) Microsoft Corporation. All rights reserved.

  Microsoft (R) C/C++ Optimizing Compiler Version 19.32.31332 for x64
  HAVE_SSL_H.c
  Copyright (C) Microsoft Corporation.  All rights reserved.
  cl /c /IC:\Users\Owner\anaconda3\Library\include /I"C:\Users\Owner\vcpkg\installed\x64-windows\include" /Zi /W1 /WX- /diagnostics:column /Od /Ob0 /D _MBCS /D WIN32 /D _WINDOWS /D _WIN32_WINNT=0x0600 /D _WINSOCKAPI_= /D SECURITY_WIN32 /D "CMAKE_INTDIR=\"Debug\"" /Gm- /RTC1 /MDd /GS /fp:precise /Zc:wchar_t /Zc:forScope /Zc:inline /Fo"cmTC_8cf73.dir\Debug\\" /Fd"cmTC_8cf73.dir\Debug\vc143.pdb" /external:W1 /Gd /TC /errorReport:queue "C:\Users\Owner\Documents\GitHub\spacex-api-wrapper\build\CMakeFiles\CheckIncludeFiles\HAVE_SSL_H.c"
C:\Users\Owner\Documents\GitHub\spacex-api-wrapper\build\CMakeFiles\CheckIncludeFiles\HAVE_SSL_H.c(19,10): fatal error C1083: Cannot open include file: 'ssl.h': No such file or directory [C:\Users\Owner\Documents\GitHub\spacex-api-wrapper\build\CMakeFiles\CMakeTmp\cmTC_8cf73.vcxproj]


Source:
/* */
#include <C:/Users/Owner/anaconda3/Library/include/libssh2.h>
#include <windows.h>
#include <winsock.h>
#include <ws2tcpip.h>
#include <winsock2.h>
#include <wincrypt.h>
#include <stdio.h>
#include <sys/stat.h>
#include <sys/types.h>
#include <sys/utime.h>
#include <assert.h>
#include <errno.h>
#include <fcntl.h>
#include <io.h>
#include <locale.h>
#include <setjmp.h>
#include <signal.h>
#include <ssl.h>


int main(void){return 0;}

Determining if files C:/Users/Owner/anaconda3/Library/include/libssh2.h;windows.h;winsock.h;ws2tcpip.h;winsock2.h;wincrypt.h;stdio.h;sys/stat.h;sys/types.h;sys/utime.h;assert.h;errno.h;fcntl.h;io.h;locale.h;setjmp.h;signal.h;stdbool.h;stdio.h;stdlib.h;string.h;stropts.h exist failed with the following output:
Change Dir: C:/Users/Owner/Documents/GitHub/spacex-api-wrapper/build/CMakeFiles/CMakeTmp

Run Build Command(s):C:/Program Files (x86)/Microsoft Visual Studio/2022/BuildTools/MSBuild/Current/Bin/amd64/MSBuild.exe cmTC_b975e.vcxproj /p:Configuration=Debug /p:Platform=x64 /p:VisualStudioVersion=17.0 /v:m && Microsoft (R) Build Engine version 17.2.1+52cd2da31 for .NET Framework
Copyright (C) Microsoft Corporation. All rights reserved.

  Microsoft (R) C/C++ Optimizing Compiler Version 19.32.31332 for x64
  HAVE_STROPTS_H.c
  Copyright (C) Microsoft Corporation.  All rights reserved.
  cl /c /IC:\Users\Owner\anaconda3\Library\include /I"C:\Users\Owner\vcpkg\installed\x64-windows\include" /Zi /W1 /WX- /diagnostics:column /Od /Ob0 /D _MBCS /D WIN32 /D _WINDOWS /D _WIN32_WINNT=0x0600 /D _WINSOCKAPI_= /D SECURITY_WIN32 /D "CMAKE_INTDIR=\"Debug\"" /Gm- /RTC1 /MDd /GS /fp:precise /Zc:wchar_t /Zc:forScope /Zc:inline /Fo"cmTC_b975e.dir\Debug\\" /Fd"cmTC_b975e.dir\Debug\vc143.pdb" /external:W1 /Gd /TC /errorReport:queue "C:\Users\Owner\Documents\GitHub\spacex-api-wrapper\build\CMakeFiles\CheckIncludeFiles\HAVE_STROPTS_H.c"
C:\Users\Owner\Documents\GitHub\spacex-api-wrapper\build\CMakeFiles\CheckIncludeFiles\HAVE_STROPTS_H.c(23,10): fatal error C1083: Cannot open include file: 'stropts.h': No such file or directory [C:\Users\Owner\Documents\GitHub\spacex-api-wrapper\build\CMakeFiles\CMakeTmp\cmTC_b975e.vcxproj]


Source:
/* */
#include <C:/Users/Owner/anaconda3/Library/include/libssh2.h>
#include <windows.h>
#include <winsock.h>
#include <ws2tcpip.h>
#include <winsock2.h>
#include <wincrypt.h>
#include <stdio.h>
#include <sys/stat.h>
#include <sys/types.h>
#include <sys/utime.h>
#include <assert.h>
#include <errno.h>
#include <fcntl.h>
#include <io.h>
#include <locale.h>
#include <setjmp.h>
#include <signal.h>
#include <stdbool.h>
#include <stdio.h>
#include <stdlib.h>
#include <string.h>
#include <stropts.h>


int main(void){return 0;}

Determining if files C:/Users/Owner/anaconda3/Library/include/libssh2.h;windows.h;winsock.h;ws2tcpip.h;winsock2.h;wincrypt.h;stdio.h;sys/stat.h;sys/types.h;sys/utime.h;assert.h;errno.h;fcntl.h;io.h;locale.h;setjmp.h;signal.h;stdbool.h;stdio.h;stdlib.h;string.h;time.h;process.h;stddef.h;malloc.h;memory.h;sys/utsname.h exist failed with the following output:
Change Dir: C:/Users/Owner/Documents/GitHub/spacex-api-wrapper/build/CMakeFiles/CMakeTmp

Run Build Command(s):C:/Program Files (x86)/Microsoft Visual Studio/2022/BuildTools/MSBuild/Current/Bin/amd64/MSBuild.exe cmTC_45e19.vcxproj /p:Configuration=Debug /p:Platform=x64 /p:VisualStudioVersion=17.0 /v:m && Microsoft (R) Build Engine version 17.2.1+52cd2da31 for .NET Framework
Copyright (C) Microsoft Corporation. All rights reserved.

  Microsoft (R) C/C++ Optimizing Compiler Version 19.32.31332 for x64
  HAVE_SYS_UTSNAME_H.c
  Copyright (C) Microsoft Corporation.  All rights reserved.
  cl /c /IC:\Users\Owner\anaconda3\Library\include /I"C:\Users\Owner\vcpkg\installed\x64-windows\include" /Zi /W1 /WX- /diagnostics:column /Od /Ob0 /D _MBCS /D WIN32 /D _WINDOWS /D _WIN32_WINNT=0x0600 /D _WINSOCKAPI_= /D SECURITY_WIN32 /D "CMAKE_INTDIR=\"Debug\"" /Gm- /RTC1 /MDd /GS /fp:precise /Zc:wchar_t /Zc:forScope /Zc:inline /Fo"cmTC_45e19.dir\Debug\\" /Fd"cmTC_45e19.dir\Debug\vc143.pdb" /external:W1 /Gd /TC /errorReport:queue "C:\Users\Owner\Documents\GitHub\spacex-api-wrapper\build\CMakeFiles\CheckIncludeFiles\HAVE_SYS_UTSNAME_H.c"
C:\Users\Owner\Documents\GitHub\spacex-api-wrapper\build\CMakeFiles\CheckIncludeFiles\HAVE_SYS_UTSNAME_H.c(28,10): fatal error C1083: Cannot open include file: 'sys/utsname.h': No such file or directory [C:\Users\Owner\Documents\GitHub\spacex-api-wrapper\build\CMakeFiles\CMakeTmp\cmTC_45e19.vcxproj]


Source:
/* */
#include <C:/Users/Owner/anaconda3/Library/include/libssh2.h>
#include <windows.h>
#include <winsock.h>
#include <ws2tcpip.h>
#include <winsock2.h>
#include <wincrypt.h>
#include <stdio.h>
#include <sys/stat.h>
#include <sys/types.h>
#include <sys/utime.h>
#include <assert.h>
#include <errno.h>
#include <fcntl.h>
#include <io.h>
#include <locale.h>
#include <setjmp.h>
#include <signal.h>
#include <stdbool.h>
#include <stdio.h>
#include <stdlib.h>
#include <string.h>
#include <time.h>
#include <process.h>
#include <stddef.h>
#include <malloc.h>
#include <memory.h>
#include <sys/utsname.h>


int main(void){return 0;}

Determining size of ssize_t failed with the following output:
Change Dir: C:/Users/Owner/Documents/GitHub/spacex-api-wrapper/build/CMakeFiles/CMakeTmp

Run Build Command(s):C:/Program Files (x86)/Microsoft Visual Studio/2022/BuildTools/MSBuild/Current/Bin/amd64/MSBuild.exe cmTC_25a99.vcxproj /p:Configuration=Debug /p:Platform=x64 /p:VisualStudioVersion=17.0 /v:m && Microsoft (R) Build Engine version 17.2.1+52cd2da31 for .NET Framework
Copyright (C) Microsoft Corporation. All rights reserved.

  Microsoft (R) C/C++ Optimizing Compiler Version 19.32.31332 for x64
  SIZEOF_SSIZE_T.c
C:\Users\Owner\Documents\GitHub\spacex-api-wrapper\build\CMakeFiles\CheckTypeSize\SIZEOF_SSIZE_T.c(28,12): error C2065: 'ssize_t': undeclared identifier [C:\Users\Owner\Documents\GitHub\spacex-api-wrapper\build\CMakeFiles\CMakeTmp\cmTC_25a99.vcxproj]
C:\Users\Owner\Documents\GitHub\spacex-api-wrapper\build\CMakeFiles\CheckTypeSize\SIZEOF_SSIZE_T.c(29,12): error C2065: 'ssize_t': undeclared identifier [C:\Users\Owner\Documents\GitHub\spacex-api-wrapper\build\CMakeFiles\CMakeTmp\cmTC_25a99.vcxproj]
C:\Users\Owner\Documents\GitHub\spacex-api-wrapper\build\CMakeFiles\CheckTypeSize\SIZEOF_SSIZE_T.c(30,12): error C2065: 'ssize_t': undeclared identifier [C:\Users\Owner\Documents\GitHub\spacex-api-wrapper\build\CMakeFiles\CMakeTmp\cmTC_25a99.vcxproj]
C:\Users\Owner\Documents\GitHub\spacex-api-wrapper\build\CMakeFiles\CheckTypeSize\SIZEOF_SSIZE_T.c(31,12): error C2065: 'ssize_t': undeclared identifier [C:\Users\Owner\Documents\GitHub\spacex-api-wrapper\build\CMakeFiles\CMakeTmp\cmTC_25a99.vcxproj]
C:\Users\Owner\Documents\GitHub\spacex-api-wrapper\build\CMakeFiles\CheckTypeSize\SIZEOF_SSIZE_T.c(32,12): error C2065: 'ssize_t': undeclared identifier [C:\Users\Owner\Documents\GitHub\spacex-api-wrapper\build\CMakeFiles\CMakeTmp\cmTC_25a99.vcxproj]
  Copyright (C) Microsoft Corporation.  All rights reserved.
  cl /c /IC:\Users\Owner\anaconda3\Library\include /I"C:\Users\Owner\vcpkg\installed\x64-windows\include" /Zi /W1 /WX- /diagnostics:column /Od /Ob0 /D _MBCS /D WIN32 /D _WINDOWS /D _WIN32_WINNT=0x0600 /D _WINSOCKAPI_= /D SECURITY_WIN32 /D "CMAKE_INTDIR=\"Debug\"" /Gm- /RTC1 /MDd /GS /fp:precise /Zc:wchar_t /Zc:forScope /Zc:inline /Fo"cmTC_25a99.dir\Debug\\" /Fd"cmTC_25a99.dir\Debug\vc143.pdb" /external:W1 /Gd /TC /errorReport:queue "C:\Users\Owner\Documents\GitHub\spacex-api-wrapper\build\CMakeFiles\CheckTypeSize\SIZEOF_SSIZE_T.c"


C:/Users/Owner/Documents/GitHub/spacex-api-wrapper/build/CMakeFiles/CheckTypeSize/SIZEOF_SSIZE_T.c:
#include <sys/types.h>
#include <stddef.h>


#undef KEY
#if defined(__i386)
# define KEY '_','_','i','3','8','6'
#elif defined(__x86_64)
# define KEY '_','_','x','8','6','_','6','4'
#elif defined(__PPC64__)
# define KEY '_','_','P','P','C','6','4','_','_'
#elif defined(__ppc64__)
# define KEY '_','_','p','p','c','6','4','_','_'
#elif defined(__PPC__)
# define KEY '_','_','P','P','C','_','_'
#elif defined(__ppc__)
# define KEY '_','_','p','p','c','_','_'
#elif defined(__aarch64__)
# define KEY '_','_','a','a','r','c','h','6','4','_','_'
#elif defined(__ARM_ARCH_7A__)
# define KEY '_','_','A','R','M','_','A','R','C','H','_','7','A','_','_'
#elif defined(__ARM_ARCH_7S__)
# define KEY '_','_','A','R','M','_','A','R','C','H','_','7','S','_','_'
#endif

#define SIZE (sizeof(ssize_t))
static char info_size[] =  {'I', 'N', 'F', 'O', ':', 's','i','z','e','[',
  ('0' + ((SIZE / 10000)%10)),
  ('0' + ((SIZE / 1000)%10)),
  ('0' + ((SIZE / 100)%10)),
  ('0' + ((SIZE / 10)%10)),
  ('0' +  (SIZE    % 10)),
  ']',
#ifdef KEY
  ' ','k','e','y','[', KEY, ']',
#endif
  '\0'};

#ifdef __CLASSIC_C__
int main(argc, argv) int argc; char *argv[];
#else
int main(int argc, char *argv[])
#endif
{
  int require = 0;
  require += info_size[argc];
  (void)argv;
  return require;
}


Determining if the basename exist failed with the following output:
Change Dir: C:/Users/Owner/Documents/GitHub/spacex-api-wrapper/build/CMakeFiles/CMakeTmp

Run Build Command(s):C:/Program Files (x86)/Microsoft Visual Studio/2022/BuildTools/MSBuild/Current/Bin/amd64/MSBuild.exe cmTC_7b7de.vcxproj /p:Configuration=Debug /p:Platform=x64 /p:VisualStudioVersion=17.0 /v:m && Microsoft (R) Build Engine version 17.2.1+52cd2da31 for .NET Framework
Copyright (C) Microsoft Corporation. All rights reserved.

  Microsoft (R) C/C++ Optimizing Compiler Version 19.32.31332 for x64
  CheckSymbolExists.c
  Copyright (C) Microsoft Corporation.  All rights reserved.
  cl /c /IC:\Users\Owner\anaconda3\Library\include /I"C:\Users\Owner\vcpkg\installed\x64-windows\include" /Zi /W1 /WX- /diagnostics:column /Od /Ob0 /D _MBCS /D WIN32 /D _WINDOWS /D _WIN32_WINNT=0x0600 /D _WINSOCKAPI_= /D SECURITY_WIN32 /D "CMAKE_INTDIR=\"Debug\"" /Gm- /RTC1 /MDd /GS /fp:precise /Zc:wchar_t /Zc:forScope /Zc:inline /Fo"cmTC_7b7de.dir\Debug\\" /Fd"cmTC_7b7de.dir\Debug\vc143.pdb" /external:W1 /Gd /TC /errorReport:queue "C:\Users\Owner\Documents\GitHub\spacex-api-wrapper\build\CMakeFiles\CMakeTmp\CheckSymbolExists.c"
C:\Users\Owner\Documents\GitHub\spacex-api-wrapper\build\CMakeFiles\CMakeTmp\CheckSymbolExists.c(33,27): error C2065: 'basename': undeclared identifier [C:\Users\Owner\Documents\GitHub\spacex-api-wrapper\build\CMakeFiles\CMakeTmp\cmTC_7b7de.vcxproj]


File C:/Users/Owner/Documents/GitHub/spacex-api-wrapper/build/CMakeFiles/CMakeTmp/CheckSymbolExists.c:
/* */
#include <C:/Users/Owner/anaconda3/Library/include/libssh2.h>
#include <windows.h>
#include <winsock.h>
#include <ws2tcpip.h>
#include <winsock2.h>
#include <wincrypt.h>
#include <stdio.h>
#include <sys/stat.h>
#include <sys/types.h>
#include <sys/utime.h>
#include <assert.h>
#include <errno.h>
#include <fcntl.h>
#include <io.h>
#include <locale.h>
#include <setjmp.h>
#include <signal.h>
#include <stdbool.h>
#include <stdio.h>
#include <stdlib.h>
#include <string.h>
#include <time.h>
#include <process.h>
#include <stddef.h>
#include <malloc.h>
#include <memory.h>

int main(int argc, char** argv)
{
  (void)argv;
#ifndef basename
  return ((int*)(&basename))[argc];
#else
  (void)argc;
  return 0;
#endif
}
Determining if the strncmpi exist failed with the following output:
Change Dir: C:/Users/Owner/Documents/GitHub/spacex-api-wrapper/build/CMakeFiles/CMakeTmp

Run Build Command(s):C:/Program Files (x86)/Microsoft Visual Studio/2022/BuildTools/MSBuild/Current/Bin/amd64/MSBuild.exe cmTC_21a19.vcxproj /p:Configuration=Debug /p:Platform=x64 /p:VisualStudioVersion=17.0 /v:m && Microsoft (R) Build Engine version 17.2.1+52cd2da31 for .NET Framework
Copyright (C) Microsoft Corporation. All rights reserved.

  Microsoft (R) C/C++ Optimizing Compiler Version 19.32.31332 for x64
  CheckSymbolExists.c
  Copyright (C) Microsoft Corporation.  All rights reserved.
  cl /c /IC:\Users\Owner\anaconda3\Library\include /I"C:\Users\Owner\vcpkg\installed\x64-windows\include" /Zi /W1 /WX- /diagnostics:column /Od /Ob0 /D _MBCS /D WIN32 /D _WINDOWS /D _WIN32_WINNT=0x0600 /D _WINSOCKAPI_= /D SECURITY_WIN32 /D "CMAKE_INTDIR=\"Debug\"" /Gm- /RTC1 /MDd /GS /fp:precise /Zc:wchar_t /Zc:forScope /Zc:inline /Fo"cmTC_21a19.dir\Debug\\" /Fd"cmTC_21a19.dir\Debug\vc143.pdb" /external:W1 /Gd /TC /errorReport:queue "C:\Users\Owner\Documents\GitHub\spacex-api-wrapper\build\CMakeFiles\CMakeTmp\CheckSymbolExists.c"
C:\Users\Owner\Documents\GitHub\spacex-api-wrapper\build\CMakeFiles\CMakeTmp\CheckSymbolExists.c(33,27): error C2065: 'strncmpi': undeclared identifier [C:\Users\Owner\Documents\GitHub\spacex-api-wrapper\build\CMakeFiles\CMakeTmp\cmTC_21a19.vcxproj]


File C:/Users/Owner/Documents/GitHub/spacex-api-wrapper/build/CMakeFiles/CMakeTmp/CheckSymbolExists.c:
/* */
#include <C:/Users/Owner/anaconda3/Library/include/libssh2.h>
#include <windows.h>
#include <winsock.h>
#include <ws2tcpip.h>
#include <winsock2.h>
#include <wincrypt.h>
#include <stdio.h>
#include <sys/stat.h>
#include <sys/types.h>
#include <sys/utime.h>
#include <assert.h>
#include <errno.h>
#include <fcntl.h>
#include <io.h>
#include <locale.h>
#include <setjmp.h>
#include <signal.h>
#include <stdbool.h>
#include <stdio.h>
#include <stdlib.h>
#include <string.h>
#include <time.h>
#include <process.h>
#include <stddef.h>
#include <malloc.h>
#include <memory.h>

int main(int argc, char** argv)
{
  (void)argv;
#ifndef strncmpi
  return ((int*)(&strncmpi))[argc];
#else
  (void)argc;
  return 0;
#endif
}
Determining if the alarm exist failed with the following output:
Change Dir: C:/Users/Owner/Documents/GitHub/spacex-api-wrapper/build/CMakeFiles/CMakeTmp

Run Build Command(s):C:/Program Files (x86)/Microsoft Visual Studio/2022/BuildTools/MSBuild/Current/Bin/amd64/MSBuild.exe cmTC_83450.vcxproj /p:Configuration=Debug /p:Platform=x64 /p:VisualStudioVersion=17.0 /v:m && Microsoft (R) Build Engine version 17.2.1+52cd2da31 for .NET Framework
Copyright (C) Microsoft Corporation. All rights reserved.

  Microsoft (R) C/C++ Optimizing Compiler Version 19.32.31332 for x64
  CheckSymbolExists.c
  Copyright (C) Microsoft Corporation.  All rights reserved.
  cl /c /IC:\Users\Owner\anaconda3\Library\include /I"C:\Users\Owner\vcpkg\installed\x64-windows\include" /Zi /W1 /WX- /diagnostics:column /Od /Ob0 /D _MBCS /D WIN32 /D _WINDOWS /D _WIN32_WINNT=0x0600 /D _WINSOCKAPI_= /D SECURITY_WIN32 /D "CMAKE_INTDIR=\"Debug\"" /Gm- /RTC1 /MDd /GS /fp:precise /Zc:wchar_t /Zc:forScope /Zc:inline /Fo"cmTC_83450.dir\Debug\\" /Fd"cmTC_83450.dir\Debug\vc143.pdb" /external:W1 /Gd /TC /errorReport:queue "C:\Users\Owner\Documents\GitHub\spacex-api-wrapper\build\CMakeFiles\CMakeTmp\CheckSymbolExists.c"
C:\Users\Owner\Documents\GitHub\spacex-api-wrapper\build\CMakeFiles\CMakeTmp\CheckSymbolExists.c(33,24): error C2065: 'alarm': undeclared identifier [C:\Users\Owner\Documents\GitHub\spacex-api-wrapper\build\CMakeFiles\CMakeTmp\cmTC_83450.vcxproj]


File C:/Users/Owner/Documents/GitHub/spacex-api-wrapper/build/CMakeFiles/CMakeTmp/CheckSymbolExists.c:
/* */
#include <C:/Users/Owner/anaconda3/Library/include/libssh2.h>
#include <windows.h>
#include <winsock.h>
#include <ws2tcpip.h>
#include <winsock2.h>
#include <wincrypt.h>
#include <stdio.h>
#include <sys/stat.h>
#include <sys/types.h>
#include <sys/utime.h>
#include <assert.h>
#include <errno.h>
#include <fcntl.h>
#include <io.h>
#include <locale.h>
#include <setjmp.h>
#include <signal.h>
#include <stdbool.h>
#include <stdio.h>
#include <stdlib.h>
#include <string.h>
#include <time.h>
#include <process.h>
#include <stddef.h>
#include <malloc.h>
#include <memory.h>

int main(int argc, char** argv)
{
  (void)argv;
#ifndef alarm
  return ((int*)(&alarm))[argc];
#else
  (void)argc;
  return 0;
#endif
}
Determining if the getppid exist failed with the following output:
Change Dir: C:/Users/Owner/Documents/GitHub/spacex-api-wrapper/build/CMakeFiles/CMakeTmp

Run Build Command(s):C:/Program Files (x86)/Microsoft Visual Studio/2022/BuildTools/MSBuild/Current/Bin/amd64/MSBuild.exe cmTC_89e10.vcxproj /p:Configuration=Debug /p:Platform=x64 /p:VisualStudioVersion=17.0 /v:m && Microsoft (R) Build Engine version 17.2.1+52cd2da31 for .NET Framework
Copyright (C) Microsoft Corporation. All rights reserved.

  Microsoft (R) C/C++ Optimizing Compiler Version 19.32.31332 for x64
  CheckSymbolExists.c
  Copyright (C) Microsoft Corporation.  All rights reserved.
  cl /c /IC:\Users\Owner\anaconda3\Library\include /I"C:\Users\Owner\vcpkg\installed\x64-windows\include" /Zi /W1 /WX- /diagnostics:column /Od /Ob0 /D _MBCS /D WIN32 /D _WINDOWS /D _WIN32_WINNT=0x0600 /D _WINSOCKAPI_= /D SECURITY_WIN32 /D "CMAKE_INTDIR=\"Debug\"" /Gm- /RTC1 /MDd /GS /fp:precise /Zc:wchar_t /Zc:forScope /Zc:inline /Fo"cmTC_89e10.dir\Debug\\" /Fd"cmTC_89e10.dir\Debug\vc143.pdb" /external:W1 /Gd /TC /errorReport:queue "C:\Users\Owner\Documents\GitHub\spacex-api-wrapper\build\CMakeFiles\CMakeTmp\CheckSymbolExists.c"
C:\Users\Owner\Documents\GitHub\spacex-api-wrapper\build\CMakeFiles\CMakeTmp\CheckSymbolExists.c(33,26): error C2065: 'getppid': undeclared identifier [C:\Users\Owner\Documents\GitHub\spacex-api-wrapper\build\CMakeFiles\CMakeTmp\cmTC_89e10.vcxproj]


File C:/Users/Owner/Documents/GitHub/spacex-api-wrapper/build/CMakeFiles/CMakeTmp/CheckSymbolExists.c:
/* */
#include <C:/Users/Owner/anaconda3/Library/include/libssh2.h>
#include <windows.h>
#include <winsock.h>
#include <ws2tcpip.h>
#include <winsock2.h>
#include <wincrypt.h>
#include <stdio.h>
#include <sys/stat.h>
#include <sys/types.h>
#include <sys/utime.h>
#include <assert.h>
#include <errno.h>
#include <fcntl.h>
#include <io.h>
#include <locale.h>
#include <setjmp.h>
#include <signal.h>
#include <stdbool.h>
#include <stdio.h>
#include <stdlib.h>
#include <string.h>
#include <time.h>
#include <process.h>
#include <stddef.h>
#include <malloc.h>
#include <memory.h>

int main(int argc, char** argv)
{
  (void)argv;
#ifndef getppid
  return ((int*)(&getppid))[argc];
#else
  (void)argc;
  return 0;
#endif
}
Determining if the utimes exist failed with the following output:
Change Dir: C:/Users/Owner/Documents/GitHub/spacex-api-wrapper/build/CMakeFiles/CMakeTmp

Run Build Command(s):C:/Program Files (x86)/Microsoft Visual Studio/2022/BuildTools/MSBuild/Current/Bin/amd64/MSBuild.exe cmTC_d5e3c.vcxproj /p:Configuration=Debug /p:Platform=x64 /p:VisualStudioVersion=17.0 /v:m && Microsoft (R) Build Engine version 17.2.1+52cd2da31 for .NET Framework
Copyright (C) Microsoft Corporation. All rights reserved.

  Microsoft (R) C/C++ Optimizing Compiler Version 19.32.31332 for x64
  CheckSymbolExists.c
  Copyright (C) Microsoft Corporation.  All rights reserved.
  cl /c /IC:\Users\Owner\anaconda3\Library\include /I"C:\Users\Owner\vcpkg\installed\x64-windows\include" /Zi /W1 /WX- /diagnostics:column /Od /Ob0 /D _MBCS /D WIN32 /D _WINDOWS /D _WIN32_WINNT=0x0600 /D _WINSOCKAPI_= /D SECURITY_WIN32 /D "CMAKE_INTDIR=\"Debug\"" /Gm- /RTC1 /MDd /GS /fp:precise /Zc:wchar_t /Zc:forScope /Zc:inline /Fo"cmTC_d5e3c.dir\Debug\\" /Fd"cmTC_d5e3c.dir\Debug\vc143.pdb" /external:W1 /Gd /TC /errorReport:queue "C:\Users\Owner\Documents\GitHub\spacex-api-wrapper\build\CMakeFiles\CMakeTmp\CheckSymbolExists.c"
C:\Users\Owner\Documents\GitHub\spacex-api-wrapper\build\CMakeFiles\CMakeTmp\CheckSymbolExists.c(33,25): error C2065: 'utimes': undeclared identifier [C:\Users\Owner\Documents\GitHub\spacex-api-wrapper\build\CMakeFiles\CMakeTmp\cmTC_d5e3c.vcxproj]


File C:/Users/Owner/Documents/GitHub/spacex-api-wrapper/build/CMakeFiles/CMakeTmp/CheckSymbolExists.c:
/* */
#include <C:/Users/Owner/anaconda3/Library/include/libssh2.h>
#include <windows.h>
#include <winsock.h>
#include <ws2tcpip.h>
#include <winsock2.h>
#include <wincrypt.h>
#include <stdio.h>
#include <sys/stat.h>
#include <sys/types.h>
#include <sys/utime.h>
#include <assert.h>
#include <errno.h>
#include <fcntl.h>
#include <io.h>
#include <locale.h>
#include <setjmp.h>
#include <signal.h>
#include <stdbool.h>
#include <stdio.h>
#include <stdlib.h>
#include <string.h>
#include <time.h>
#include <process.h>
#include <stddef.h>
#include <malloc.h>
#include <memory.h>

int main(int argc, char** argv)
{
  (void)argv;
#ifndef utimes
  return ((int*)(&utimes))[argc];
#else
  (void)argc;
  return 0;
#endif
}
Determining if the getpwuid_r exist failed with the following output:
Change Dir: C:/Users/Owner/Documents/GitHub/spacex-api-wrapper/build/CMakeFiles/CMakeTmp

Run Build Command(s):C:/Program Files (x86)/Microsoft Visual Studio/2022/BuildTools/MSBuild/Current/Bin/amd64/MSBuild.exe cmTC_54a83.vcxproj /p:Configuration=Debug /p:Platform=x64 /p:VisualStudioVersion=17.0 /v:m && Microsoft (R) Build Engine version 17.2.1+52cd2da31 for .NET Framework
Copyright (C) Microsoft Corporation. All rights reserved.

  Microsoft (R) C/C++ Optimizing Compiler Version 19.32.31332 for x64
  CheckSymbolExists.c
  Copyright (C) Microsoft Corporation.  All rights reserved.
  cl /c /IC:\Users\Owner\anaconda3\Library\include /I"C:\Users\Owner\vcpkg\installed\x64-windows\include" /Zi /W1 /WX- /diagnostics:column /Od /Ob0 /D _MBCS /D WIN32 /D _WINDOWS /D _WIN32_WINNT=0x0600 /D _WINSOCKAPI_= /D SECURITY_WIN32 /D "CMAKE_INTDIR=\"Debug\"" /Gm- /RTC1 /MDd /GS /fp:precise /Zc:wchar_t /Zc:forScope /Zc:inline /Fo"cmTC_54a83.dir\Debug\\" /Fd"cmTC_54a83.dir\Debug\vc143.pdb" /external:W1 /Gd /TC /errorReport:queue "C:\Users\Owner\Documents\GitHub\spacex-api-wrapper\build\CMakeFiles\CMakeTmp\CheckSymbolExists.c"
C:\Users\Owner\Documents\GitHub\spacex-api-wrapper\build\CMakeFiles\CMakeTmp\CheckSymbolExists.c(33,29): error C2065: 'getpwuid_r': undeclared identifier [C:\Users\Owner\Documents\GitHub\spacex-api-wrapper\build\CMakeFiles\CMakeTmp\cmTC_54a83.vcxproj]


File C:/Users/Owner/Documents/GitHub/spacex-api-wrapper/build/CMakeFiles/CMakeTmp/CheckSymbolExists.c:
/* */
#include <C:/Users/Owner/anaconda3/Library/include/libssh2.h>
#include <windows.h>
#include <winsock.h>
#include <ws2tcpip.h>
#include <winsock2.h>
#include <wincrypt.h>
#include <stdio.h>
#include <sys/stat.h>
#include <sys/types.h>
#include <sys/utime.h>
#include <assert.h>
#include <errno.h>
#include <fcntl.h>
#include <io.h>
#include <locale.h>
#include <setjmp.h>
#include <signal.h>
#include <stdbool.h>
#include <stdio.h>
#include <stdlib.h>
#include <string.h>
#include <time.h>
#include <process.h>
#include <stddef.h>
#include <malloc.h>
#include <memory.h>

int main(int argc, char** argv)
{
  (void)argv;
#ifndef getpwuid_r
  return ((int*)(&getpwuid_r))[argc];
#else
  (void)argc;
  return 0;
#endif
}
Determining if the usleep exist failed with the following output:
Change Dir: C:/Users/Owner/Documents/GitHub/spacex-api-wrapper/build/CMakeFiles/CMakeTmp

Run Build Command(s):C:/Program Files (x86)/Microsoft Visual Studio/2022/BuildTools/MSBuild/Current/Bin/amd64/MSBuild.exe cmTC_8b559.vcxproj /p:Configuration=Debug /p:Platform=x64 /p:VisualStudioVersion=17.0 /v:m && Microsoft (R) Build Engine version 17.2.1+52cd2da31 for .NET Framework
Copyright (C) Microsoft Corporation. All rights reserved.

  Microsoft (R) C/C++ Optimizing Compiler Version 19.32.31332 for x64
  CheckSymbolExists.c
  Copyright (C) Microsoft Corporation.  All rights reserved.
  cl /c /IC:\Users\Owner\anaconda3\Library\include /I"C:\Users\Owner\vcpkg\installed\x64-windows\include" /Zi /W1 /WX- /diagnostics:column /Od /Ob0 /D _MBCS /D WIN32 /D _WINDOWS /D _WIN32_WINNT=0x0600 /D _WINSOCKAPI_= /D SECURITY_WIN32 /D "CMAKE_INTDIR=\"Debug\"" /Gm- /RTC1 /MDd /GS /fp:precise /Zc:wchar_t /Zc:forScope /Zc:inline /Fo"cmTC_8b559.dir\Debug\\" /Fd"cmTC_8b559.dir\Debug\vc143.pdb" /external:W1 /Gd /TC /errorReport:queue "C:\Users\Owner\Documents\GitHub\spacex-api-wrapper\build\CMakeFiles\CMakeTmp\CheckSymbolExists.c"
C:\Users\Owner\Documents\GitHub\spacex-api-wrapper\build\CMakeFiles\CMakeTmp\CheckSymbolExists.c(33,25): error C2065: 'usleep': undeclared identifier [C:\Users\Owner\Documents\GitHub\spacex-api-wrapper\build\CMakeFiles\CMakeTmp\cmTC_8b559.vcxproj]


File C:/Users/Owner/Documents/GitHub/spacex-api-wrapper/build/CMakeFiles/CMakeTmp/CheckSymbolExists.c:
/* */
#include <C:/Users/Owner/anaconda3/Library/include/libssh2.h>
#include <windows.h>
#include <winsock.h>
#include <ws2tcpip.h>
#include <winsock2.h>
#include <wincrypt.h>
#include <stdio.h>
#include <sys/stat.h>
#include <sys/types.h>
#include <sys/utime.h>
#include <assert.h>
#include <errno.h>
#include <fcntl.h>
#include <io.h>
#include <locale.h>
#include <setjmp.h>
#include <signal.h>
#include <stdbool.h>
#include <stdio.h>
#include <stdlib.h>
#include <string.h>
#include <time.h>
#include <process.h>
#include <stddef.h>
#include <malloc.h>
#include <memory.h>

int main(int argc, char** argv)
{
  (void)argv;
#ifndef usleep
  return ((int*)(&usleep))[argc];
#else
  (void)argc;
  return 0;
#endif
}
Determining if the strerror_r exist failed with the following output:
Change Dir: C:/Users/Owner/Documents/GitHub/spacex-api-wrapper/build/CMakeFiles/CMakeTmp

Run Build Command(s):C:/Program Files (x86)/Microsoft Visual Studio/2022/BuildTools/MSBuild/Current/Bin/amd64/MSBuild.exe cmTC_eafc1.vcxproj /p:Configuration=Debug /p:Platform=x64 /p:VisualStudioVersion=17.0 /v:m && Microsoft (R) Build Engine version 17.2.1+52cd2da31 for .NET Framework
Copyright (C) Microsoft Corporation. All rights reserved.

  Microsoft (R) C/C++ Optimizing Compiler Version 19.32.31332 for x64
  Copyright (C) Microsoft Corporation.  All rights reserved.
  CheckSymbolExists.c
  cl /c /IC:\Users\Owner\anaconda3\Library\include /I"C:\Users\Owner\vcpkg\installed\x64-windows\include" /Zi /W1 /WX- /diagnostics:column /Od /Ob0 /D _MBCS /D WIN32 /D _WINDOWS /D _WIN32_WINNT=0x0600 /D _WINSOCKAPI_= /D SECURITY_WIN32 /D "CMAKE_INTDIR=\"Debug\"" /Gm- /RTC1 /MDd /GS /fp:precise /Zc:wchar_t /Zc:forScope /Zc:inline /Fo"cmTC_eafc1.dir\Debug\\" /Fd"cmTC_eafc1.dir\Debug\vc143.pdb" /external:W1 /Gd /TC /errorReport:queue "C:\Users\Owner\Documents\GitHub\spacex-api-wrapper\build\CMakeFiles\CMakeTmp\CheckSymbolExists.c"
C:\Users\Owner\Documents\GitHub\spacex-api-wrapper\build\CMakeFiles\CMakeTmp\CheckSymbolExists.c(33,29): error C2065: 'strerror_r': undeclared identifier [C:\Users\Owner\Documents\GitHub\spacex-api-wrapper\build\CMakeFiles\CMakeTmp\cmTC_eafc1.vcxproj]


File C:/Users/Owner/Documents/GitHub/spacex-api-wrapper/build/CMakeFiles/CMakeTmp/CheckSymbolExists.c:
/* */
#include <C:/Users/Owner/anaconda3/Library/include/libssh2.h>
#include <windows.h>
#include <winsock.h>
#include <ws2tcpip.h>
#include <winsock2.h>
#include <wincrypt.h>
#include <stdio.h>
#include <sys/stat.h>
#include <sys/types.h>
#include <sys/utime.h>
#include <assert.h>
#include <errno.h>
#include <fcntl.h>
#include <io.h>
#include <locale.h>
#include <setjmp.h>
#include <signal.h>
#include <stdbool.h>
#include <stdio.h>
#include <stdlib.h>
#include <string.h>
#include <time.h>
#include <process.h>
#include <stddef.h>
#include <malloc.h>
#include <memory.h>

int main(int argc, char** argv)
{
  (void)argv;
#ifndef strerror_r
  return ((int*)(&strerror_r))[argc];
#else
  (void)argc;
  return 0;
#endif
}
Determining if the siginterrupt exist failed with the following output:
Change Dir: C:/Users/Owner/Documents/GitHub/spacex-api-wrapper/build/CMakeFiles/CMakeTmp

Run Build Command(s):C:/Program Files (x86)/Microsoft Visual Studio/2022/BuildTools/MSBuild/Current/Bin/amd64/MSBuild.exe cmTC_cf976.vcxproj /p:Configuration=Debug /p:Platform=x64 /p:VisualStudioVersion=17.0 /v:m && Microsoft (R) Build Engine version 17.2.1+52cd2da31 for .NET Framework
Copyright (C) Microsoft Corporation. All rights reserved.

  Microsoft (R) C/C++ Optimizing Compiler Version 19.32.31332 for x64
  CheckSymbolExists.c
  Copyright (C) Microsoft Corporation.  All rights reserved.
  cl /c /IC:\Users\Owner\anaconda3\Library\include /I"C:\Users\Owner\vcpkg\installed\x64-windows\include" /Zi /W1 /WX- /diagnostics:column /Od /Ob0 /D _MBCS /D WIN32 /D _WINDOWS /D _WIN32_WINNT=0x0600 /D _WINSOCKAPI_= /D SECURITY_WIN32 /D "CMAKE_INTDIR=\"Debug\"" /Gm- /RTC1 /MDd /GS /fp:precise /Zc:wchar_t /Zc:forScope /Zc:inline /Fo"cmTC_cf976.dir\Debug\\" /Fd"cmTC_cf976.dir\Debug\vc143.pdb" /external:W1 /Gd /TC /errorReport:queue "C:\Users\Owner\Documents\GitHub\spacex-api-wrapper\build\CMakeFiles\CMakeTmp\CheckSymbolExists.c"
C:\Users\Owner\Documents\GitHub\spacex-api-wrapper\build\CMakeFiles\CMakeTmp\CheckSymbolExists.c(33,31): error C2065: 'siginterrupt': undeclared identifier [C:\Users\Owner\Documents\GitHub\spacex-api-wrapper\build\CMakeFiles\CMakeTmp\cmTC_cf976.vcxproj]


File C:/Users/Owner/Documents/GitHub/spacex-api-wrapper/build/CMakeFiles/CMakeTmp/CheckSymbolExists.c:
/* */
#include <C:/Users/Owner/anaconda3/Library/include/libssh2.h>
#include <windows.h>
#include <winsock.h>
#include <ws2tcpip.h>
#include <winsock2.h>
#include <wincrypt.h>
#include <stdio.h>
#include <sys/stat.h>
#include <sys/types.h>
#include <sys/utime.h>
#include <assert.h>
#include <errno.h>
#include <fcntl.h>
#include <io.h>
#include <locale.h>
#include <setjmp.h>
#include <signal.h>
#include <stdbool.h>
#include <stdio.h>
#include <stdlib.h>
#include <string.h>
#include <time.h>
#include <process.h>
#include <stddef.h>
#include <malloc.h>
#include <memory.h>

int main(int argc, char** argv)
{
  (void)argv;
#ifndef siginterrupt
  return ((int*)(&siginterrupt))[argc];
#else
  (void)argc;
  return 0;
#endif
}
Determining if the pipe exist failed with the following output:
Change Dir: C:/Users/Owner/Documents/GitHub/spacex-api-wrapper/build/CMakeFiles/CMakeTmp

Run Build Command(s):C:/Program Files (x86)/Microsoft Visual Studio/2022/BuildTools/MSBuild/Current/Bin/amd64/MSBuild.exe cmTC_7bee3.vcxproj /p:Configuration=Debug /p:Platform=x64 /p:VisualStudioVersion=17.0 /v:m && Microsoft (R) Build Engine version 17.2.1+52cd2da31 for .NET Framework
Copyright (C) Microsoft Corporation. All rights reserved.

  Microsoft (R) C/C++ Optimizing Compiler Version 19.32.31332 for x64
  CheckSymbolExists.c
  Copyright (C) Microsoft Corporation.  All rights reserved.
  cl /c /IC:\Users\Owner\anaconda3\Library\include /I"C:\Users\Owner\vcpkg\installed\x64-windows\include" /Zi /W1 /WX- /diagnostics:column /Od /Ob0 /D _MBCS /D WIN32 /D _WINDOWS /D _WIN32_WINNT=0x0600 /D _WINSOCKAPI_= /D SECURITY_WIN32 /D "CMAKE_INTDIR=\"Debug\"" /Gm- /RTC1 /MDd /GS /fp:precise /Zc:wchar_t /Zc:forScope /Zc:inline /Fo"cmTC_7bee3.dir\Debug\\" /Fd"cmTC_7bee3.dir\Debug\vc143.pdb" /external:W1 /Gd /TC /errorReport:queue "C:\Users\Owner\Documents\GitHub\spacex-api-wrapper\build\CMakeFiles\CMakeTmp\CheckSymbolExists.c"
C:\Users\Owner\Documents\GitHub\spacex-api-wrapper\build\CMakeFiles\CMakeTmp\CheckSymbolExists.c(33,23): error C2065: 'pipe': undeclared identifier [C:\Users\Owner\Documents\GitHub\spacex-api-wrapper\build\CMakeFiles\CMakeTmp\cmTC_7bee3.vcxproj]


File C:/Users/Owner/Documents/GitHub/spacex-api-wrapper/build/CMakeFiles/CMakeTmp/CheckSymbolExists.c:
/* */
#include <C:/Users/Owner/anaconda3/Library/include/libssh2.h>
#include <windows.h>
#include <winsock.h>
#include <ws2tcpip.h>
#include <winsock2.h>
#include <wincrypt.h>
#include <stdio.h>
#include <sys/stat.h>
#include <sys/types.h>
#include <sys/utime.h>
#include <assert.h>
#include <errno.h>
#include <fcntl.h>
#include <io.h>
#include <locale.h>
#include <setjmp.h>
#include <signal.h>
#include <stdbool.h>
#include <stdio.h>
#include <stdlib.h>
#include <string.h>
#include <time.h>
#include <process.h>
#include <stddef.h>
#include <malloc.h>
#include <memory.h>

int main(int argc, char** argv)
{
  (void)argv;
#ifndef pipe
  return ((int*)(&pipe))[argc];
#else
  (void)argc;
  return 0;
#endif
}
Determining if the ftruncate exist failed with the following output:
Change Dir: C:/Users/Owner/Documents/GitHub/spacex-api-wrapper/build/CMakeFiles/CMakeTmp

Run Build Command(s):C:/Program Files (x86)/Microsoft Visual Studio/2022/BuildTools/MSBuild/Current/Bin/amd64/MSBuild.exe cmTC_2733e.vcxproj /p:Configuration=Debug /p:Platform=x64 /p:VisualStudioVersion=17.0 /v:m && Microsoft (R) Build Engine version 17.2.1+52cd2da31 for .NET Framework
Copyright (C) Microsoft Corporation. All rights reserved.

  Microsoft (R) C/C++ Optimizing Compiler Version 19.32.31332 for x64
  CheckSymbolExists.c
  Copyright (C) Microsoft Corporation.  All rights reserved.
  cl /c /IC:\Users\Owner\anaconda3\Library\include /I"C:\Users\Owner\vcpkg\installed\x64-windows\include" /Zi /W1 /WX- /diagnostics:column /Od /Ob0 /D _MBCS /D WIN32 /D _WINDOWS /D _WIN32_WINNT=0x0600 /D _WINSOCKAPI_= /D SECURITY_WIN32 /D "CMAKE_INTDIR=\"Debug\"" /Gm- /RTC1 /MDd /GS /fp:precise /Zc:wchar_t /Zc:forScope /Zc:inline /Fo"cmTC_2733e.dir\Debug\\" /Fd"cmTC_2733e.dir\Debug\vc143.pdb" /external:W1 /Gd /TC /errorReport:queue "C:\Users\Owner\Documents\GitHub\spacex-api-wrapper\build\CMakeFiles\CMakeTmp\CheckSymbolExists.c"
C:\Users\Owner\Documents\GitHub\spacex-api-wrapper\build\CMakeFiles\CMakeTmp\CheckSymbolExists.c(33,28): error C2065: 'ftruncate': undeclared identifier [C:\Users\Owner\Documents\GitHub\spacex-api-wrapper\build\CMakeFiles\CMakeTmp\cmTC_2733e.vcxproj]


File C:/Users/Owner/Documents/GitHub/spacex-api-wrapper/build/CMakeFiles/CMakeTmp/CheckSymbolExists.c:
/* */
#include <C:/Users/Owner/anaconda3/Library/include/libssh2.h>
#include <windows.h>
#include <winsock.h>
#include <ws2tcpip.h>
#include <winsock2.h>
#include <wincrypt.h>
#include <stdio.h>
#include <sys/stat.h>
#include <sys/types.h>
#include <sys/utime.h>
#include <assert.h>
#include <errno.h>
#include <fcntl.h>
#include <io.h>
#include <locale.h>
#include <setjmp.h>
#include <signal.h>
#include <stdbool.h>
#include <stdio.h>
#include <stdlib.h>
#include <string.h>
#include <time.h>
#include <process.h>
#include <stddef.h>
#include <malloc.h>
#include <memory.h>

int main(int argc, char** argv)
{
  (void)argv;
#ifndef ftruncate
  return ((int*)(&ftruncate))[argc];
#else
  (void)argc;
  return 0;
#endif
}
Determining if the if_nametoindex exist failed with the following output:
Change Dir: C:/Users/Owner/Documents/GitHub/spacex-api-wrapper/build/CMakeFiles/CMakeTmp

Run Build Command(s):C:/Program Files (x86)/Microsoft Visual Studio/2022/BuildTools/MSBuild/Current/Bin/amd64/MSBuild.exe cmTC_ddfbd.vcxproj /p:Configuration=Debug /p:Platform=x64 /p:VisualStudioVersion=17.0 /v:m && Microsoft (R) Build Engine version 17.2.1+52cd2da31 for .NET Framework
Copyright (C) Microsoft Corporation. All rights reserved.

  Microsoft (R) C/C++ Optimizing Compiler Version 19.32.31332 for x64
  CheckSymbolExists.c
  Copyright (C) Microsoft Corporation.  All rights reserved.
  cl /c /IC:\Users\Owner\anaconda3\Library\include /I"C:\Users\Owner\vcpkg\installed\x64-windows\include" /Zi /W1 /WX- /diagnostics:column /Od /Ob0 /D _MBCS /D WIN32 /D _WINDOWS /D _WIN32_WINNT=0x0600 /D _WINSOCKAPI_= /D SECURITY_WIN32 /D "CMAKE_INTDIR=\"Debug\"" /Gm- /RTC1 /MDd /GS /fp:precise /Zc:wchar_t /Zc:forScope /Zc:inline /Fo"cmTC_ddfbd.dir\Debug\\" /Fd"cmTC_ddfbd.dir\Debug\vc143.pdb" /external:W1 /Gd /TC /errorReport:queue "C:\Users\Owner\Documents\GitHub\spacex-api-wrapper\build\CMakeFiles\CMakeTmp\CheckSymbolExists.c"
C:\Users\Owner\Documents\GitHub\spacex-api-wrapper\build\CMakeFiles\CMakeTmp\CheckSymbolExists.c(33,33): error C2065: 'if_nametoindex': undeclared identifier [C:\Users\Owner\Documents\GitHub\spacex-api-wrapper\build\CMakeFiles\CMakeTmp\cmTC_ddfbd.vcxproj]


File C:/Users/Owner/Documents/GitHub/spacex-api-wrapper/build/CMakeFiles/CMakeTmp/CheckSymbolExists.c:
/* */
#include <C:/Users/Owner/anaconda3/Library/include/libssh2.h>
#include <windows.h>
#include <winsock.h>
#include <ws2tcpip.h>
#include <winsock2.h>
#include <wincrypt.h>
#include <stdio.h>
#include <sys/stat.h>
#include <sys/types.h>
#include <sys/utime.h>
#include <assert.h>
#include <errno.h>
#include <fcntl.h>
#include <io.h>
#include <locale.h>
#include <setjmp.h>
#include <signal.h>
#include <stdbool.h>
#include <stdio.h>
#include <stdlib.h>
#include <string.h>
#include <time.h>
#include <process.h>
#include <stddef.h>
#include <malloc.h>
#include <memory.h>

int main(int argc, char** argv)
{
  (void)argv;
#ifndef if_nametoindex
  return ((int*)(&if_nametoindex))[argc];
#else
  (void)argc;
  return 0;
#endif
}
Determining if the getrlimit exist failed with the following output:
Change Dir: C:/Users/Owner/Documents/GitHub/spacex-api-wrapper/build/CMakeFiles/CMakeTmp

Run Build Command(s):C:/Program Files (x86)/Microsoft Visual Studio/2022/BuildTools/MSBuild/Current/Bin/amd64/MSBuild.exe cmTC_267fb.vcxproj /p:Configuration=Debug /p:Platform=x64 /p:VisualStudioVersion=17.0 /v:m && Microsoft (R) Build Engine version 17.2.1+52cd2da31 for .NET Framework
Copyright (C) Microsoft Corporation. All rights reserved.

  Microsoft (R) C/C++ Optimizing Compiler Version 19.32.31332 for x64
  CheckSymbolExists.c
  Copyright (C) Microsoft Corporation.  All rights reserved.
  cl /c /IC:\Users\Owner\anaconda3\Library\include /I"C:\Users\Owner\vcpkg\installed\x64-windows\include" /Zi /W1 /WX- /diagnostics:column /Od /Ob0 /D _MBCS /D WIN32 /D _WINDOWS /D _WIN32_WINNT=0x0600 /D _WINSOCKAPI_= /D SECURITY_WIN32 /D "CMAKE_INTDIR=\"Debug\"" /Gm- /RTC1 /MDd /GS /fp:precise /Zc:wchar_t /Zc:forScope /Zc:inline /Fo"cmTC_267fb.dir\Debug\\" /Fd"cmTC_267fb.dir\Debug\vc143.pdb" /external:W1 /Gd /TC /errorReport:queue "C:\Users\Owner\Documents\GitHub\spacex-api-wrapper\build\CMakeFiles\CMakeTmp\CheckSymbolExists.c"
C:\Users\Owner\Documents\GitHub\spacex-api-wrapper\build\CMakeFiles\CMakeTmp\CheckSymbolExists.c(33,28): error C2065: 'getrlimit': undeclared identifier [C:\Users\Owner\Documents\GitHub\spacex-api-wrapper\build\CMakeFiles\CMakeTmp\cmTC_267fb.vcxproj]


File C:/Users/Owner/Documents/GitHub/spacex-api-wrapper/build/CMakeFiles/CMakeTmp/CheckSymbolExists.c:
/* */
#include <C:/Users/Owner/anaconda3/Library/include/libssh2.h>
#include <windows.h>
#include <winsock.h>
#include <ws2tcpip.h>
#include <winsock2.h>
#include <wincrypt.h>
#include <stdio.h>
#include <sys/stat.h>
#include <sys/types.h>
#include <sys/utime.h>
#include <assert.h>
#include <errno.h>
#include <fcntl.h>
#include <io.h>
#include <locale.h>
#include <setjmp.h>
#include <signal.h>
#include <stdbool.h>
#include <stdio.h>
#include <stdlib.h>
#include <string.h>
#include <time.h>
#include <process.h>
#include <stddef.h>
#include <malloc.h>
#include <memory.h>

int main(int argc, char** argv)
{
  (void)argv;
#ifndef getrlimit
  return ((int*)(&getrlimit))[argc];
#else
  (void)argc;
  return 0;
#endif
}
Determining if the setrlimit exist failed with the following output:
Change Dir: C:/Users/Owner/Documents/GitHub/spacex-api-wrapper/build/CMakeFiles/CMakeTmp

Run Build Command(s):C:/Program Files (x86)/Microsoft Visual Studio/2022/BuildTools/MSBuild/Current/Bin/amd64/MSBuild.exe cmTC_1b33b.vcxproj /p:Configuration=Debug /p:Platform=x64 /p:VisualStudioVersion=17.0 /v:m && Microsoft (R) Build Engine version 17.2.1+52cd2da31 for .NET Framework
Copyright (C) Microsoft Corporation. All rights reserved.

  Microsoft (R) C/C++ Optimizing Compiler Version 19.32.31332 for x64
  CheckSymbolExists.c
  Copyright (C) Microsoft Corporation.  All rights reserved.
  cl /c /IC:\Users\Owner\anaconda3\Library\include /I"C:\Users\Owner\vcpkg\installed\x64-windows\include" /Zi /W1 /WX- /diagnostics:column /Od /Ob0 /D _MBCS /D WIN32 /D _WINDOWS /D _WIN32_WINNT=0x0600 /D _WINSOCKAPI_= /D SECURITY_WIN32 /D "CMAKE_INTDIR=\"Debug\"" /Gm- /RTC1 /MDd /GS /fp:precise /Zc:wchar_t /Zc:forScope /Zc:inline /Fo"cmTC_1b33b.dir\Debug\\" /Fd"cmTC_1b33b.dir\Debug\vc143.pdb" /external:W1 /Gd /TC /errorReport:queue "C:\Users\Owner\Documents\GitHub\spacex-api-wrapper\build\CMakeFiles\CMakeTmp\CheckSymbolExists.c"
C:\Users\Owner\Documents\GitHub\spacex-api-wrapper\build\CMakeFiles\CMakeTmp\CheckSymbolExists.c(33,28): error C2065: 'setrlimit': undeclared identifier [C:\Users\Owner\Documents\GitHub\spacex-api-wrapper\build\CMakeFiles\CMakeTmp\cmTC_1b33b.vcxproj]


File C:/Users/Owner/Documents/GitHub/spacex-api-wrapper/build/CMakeFiles/CMakeTmp/CheckSymbolExists.c:
/* */
#include <C:/Users/Owner/anaconda3/Library/include/libssh2.h>
#include <windows.h>
#include <winsock.h>
#include <ws2tcpip.h>
#include <winsock2.h>
#include <wincrypt.h>
#include <stdio.h>
#include <sys/stat.h>
#include <sys/types.h>
#include <sys/utime.h>
#include <assert.h>
#include <errno.h>
#include <fcntl.h>
#include <io.h>
#include <locale.h>
#include <setjmp.h>
#include <signal.h>
#include <stdbool.h>
#include <stdio.h>
#include <stdlib.h>
#include <string.h>
#include <time.h>
#include <process.h>
#include <stddef.h>
#include <malloc.h>
#include <memory.h>

int main(int argc, char** argv)
{
  (void)argv;
#ifndef setrlimit
  return ((int*)(&setrlimit))[argc];
#else
  (void)argc;
  return 0;
#endif
}
Determining if the fcntl exist failed with the following output:
Change Dir: C:/Users/Owner/Documents/GitHub/spacex-api-wrapper/build/CMakeFiles/CMakeTmp

Run Build Command(s):C:/Program Files (x86)/Microsoft Visual Studio/2022/BuildTools/MSBuild/Current/Bin/amd64/MSBuild.exe cmTC_62556.vcxproj /p:Configuration=Debug /p:Platform=x64 /p:VisualStudioVersion=17.0 /v:m && Microsoft (R) Build Engine version 17.2.1+52cd2da31 for .NET Framework
Copyright (C) Microsoft Corporation. All rights reserved.

  Microsoft (R) C/C++ Optimizing Compiler Version 19.32.31332 for x64
  CheckSymbolExists.c
  Copyright (C) Microsoft Corporation.  All rights reserved.
  cl /c /IC:\Users\Owner\anaconda3\Library\include /I"C:\Users\Owner\vcpkg\installed\x64-windows\include" /Zi /W1 /WX- /diagnostics:column /Od /Ob0 /D _MBCS /D WIN32 /D _WINDOWS /D _WIN32_WINNT=0x0600 /D _WINSOCKAPI_= /D SECURITY_WIN32 /D "CMAKE_INTDIR=\"Debug\"" /Gm- /RTC1 /MDd /GS /fp:precise /Zc:wchar_t /Zc:forScope /Zc:inline /Fo"cmTC_62556.dir\Debug\\" /Fd"cmTC_62556.dir\Debug\vc143.pdb" /external:W1 /Gd /TC /errorReport:queue "C:\Users\Owner\Documents\GitHub\spacex-api-wrapper\build\CMakeFiles\CMakeTmp\CheckSymbolExists.c"
C:\Users\Owner\Documents\GitHub\spacex-api-wrapper\build\CMakeFiles\CMakeTmp\CheckSymbolExists.c(33,24): error C2065: 'fcntl': undeclared identifier [C:\Users\Owner\Documents\GitHub\spacex-api-wrapper\build\CMakeFiles\CMakeTmp\cmTC_62556.vcxproj]


File C:/Users/Owner/Documents/GitHub/spacex-api-wrapper/build/CMakeFiles/CMakeTmp/CheckSymbolExists.c:
/* */
#include <C:/Users/Owner/anaconda3/Library/include/libssh2.h>
#include <windows.h>
#include <winsock.h>
#include <ws2tcpip.h>
#include <winsock2.h>
#include <wincrypt.h>
#include <stdio.h>
#include <sys/stat.h>
#include <sys/types.h>
#include <sys/utime.h>
#include <assert.h>
#include <errno.h>
#include <fcntl.h>
#include <io.h>
#include <locale.h>
#include <setjmp.h>
#include <signal.h>
#include <stdbool.h>
#include <stdio.h>
#include <stdlib.h>
#include <string.h>
#include <time.h>
#include <process.h>
#include <stddef.h>
#include <malloc.h>
#include <memory.h>

int main(int argc, char** argv)
{
  (void)argv;
#ifndef fcntl
  return ((int*)(&fcntl))[argc];
#else
  (void)argc;
  return 0;
#endif
}
Determining if the ioctl exist failed with the following output:
Change Dir: C:/Users/Owner/Documents/GitHub/spacex-api-wrapper/build/CMakeFiles/CMakeTmp

Run Build Command(s):C:/Program Files (x86)/Microsoft Visual Studio/2022/BuildTools/MSBuild/Current/Bin/amd64/MSBuild.exe cmTC_9c305.vcxproj /p:Configuration=Debug /p:Platform=x64 /p:VisualStudioVersion=17.0 /v:m && Microsoft (R) Build Engine version 17.2.1+52cd2da31 for .NET Framework
Copyright (C) Microsoft Corporation. All rights reserved.

  Microsoft (R) C/C++ Optimizing Compiler Version 19.32.31332 for x64
  CheckSymbolExists.c
  Copyright (C) Microsoft Corporation.  All rights reserved.
  cl /c /IC:\Users\Owner\anaconda3\Library\include /I"C:\Users\Owner\vcpkg\installed\x64-windows\include" /Zi /W1 /WX- /diagnostics:column /Od /Ob0 /D _MBCS /D WIN32 /D _WINDOWS /D _WIN32_WINNT=0x0600 /D _WINSOCKAPI_= /D SECURITY_WIN32 /D "CMAKE_INTDIR=\"Debug\"" /Gm- /RTC1 /MDd /GS /fp:precise /Zc:wchar_t /Zc:forScope /Zc:inline /Fo"cmTC_9c305.dir\Debug\\" /Fd"cmTC_9c305.dir\Debug\vc143.pdb" /external:W1 /Gd /TC /errorReport:queue "C:\Users\Owner\Documents\GitHub\spacex-api-wrapper\build\CMakeFiles\CMakeTmp\CheckSymbolExists.c"
C:\Users\Owner\Documents\GitHub\spacex-api-wrapper\build\CMakeFiles\CMakeTmp\CheckSymbolExists.c(33,24): error C2065: 'ioctl': undeclared identifier [C:\Users\Owner\Documents\GitHub\spacex-api-wrapper\build\CMakeFiles\CMakeTmp\cmTC_9c305.vcxproj]


File C:/Users/Owner/Documents/GitHub/spacex-api-wrapper/build/CMakeFiles/CMakeTmp/CheckSymbolExists.c:
/* */
#include <C:/Users/Owner/anaconda3/Library/include/libssh2.h>
#include <windows.h>
#include <winsock.h>
#include <ws2tcpip.h>
#include <winsock2.h>
#include <wincrypt.h>
#include <stdio.h>
#include <sys/stat.h>
#include <sys/types.h>
#include <sys/utime.h>
#include <assert.h>
#include <errno.h>
#include <fcntl.h>
#include <io.h>
#include <locale.h>
#include <setjmp.h>
#include <signal.h>
#include <stdbool.h>
#include <stdio.h>
#include <stdlib.h>
#include <string.h>
#include <time.h>
#include <process.h>
#include <stddef.h>
#include <malloc.h>
#include <memory.h>

int main(int argc, char** argv)
{
  (void)argv;
#ifndef ioctl
  return ((int*)(&ioctl))[argc];
#else
  (void)argc;
  return 0;
#endif
}
Determining if the function mach_absolute_time exists failed with the following output:
Change Dir: C:/Users/Owner/Documents/GitHub/spacex-api-wrapper/build/CMakeFiles/CMakeTmp

Run Build Command(s):C:/Program Files (x86)/Microsoft Visual Studio/2022/BuildTools/MSBuild/Current/Bin/amd64/MSBuild.exe cmTC_7fa03.vcxproj /p:Configuration=Debug /p:Platform=x64 /p:VisualStudioVersion=17.0 /v:m && Microsoft (R) Build Engine version 17.2.1+52cd2da31 for .NET Framework
Copyright (C) Microsoft Corporation. All rights reserved.

  Microsoft (R) C/C++ Optimizing Compiler Version 19.32.31332 for x64
  CheckFunctionExists.c
  Copyright (C) Microsoft Corporation.  All rights reserved.
  cl /c /IC:\Users\Owner\anaconda3\Library\include /I"C:\Users\Owner\vcpkg\installed\x64-windows\include" /Zi /W1 /WX- /diagnostics:column /Od /Ob0 /D _MBCS /D WIN32 /D _WINDOWS /D CHECK_FUNCTION_EXISTS=mach_absolute_time /D _WIN32_WINNT=0x0600 /D _WINSOCKAPI_= /D SECURITY_WIN32 /D "CMAKE_INTDIR=\"Debug\"" /Gm- /RTC1 /MDd /GS /fp:precise /Zc:wchar_t /Zc:forScope /Zc:inline /Fo"cmTC_7fa03.dir\Debug\\" /Fd"cmTC_7fa03.dir\Debug\vc143.pdb" /external:W1 /Gd /TC /errorReport:queue "C:\Program Files\CMake\share\cmake-3.24\Modules\CheckFunctionExists.c"
CheckFunctionExists.obj : error LNK2019: unresolved external symbol mach_absolute_time referenced in function main [C:\Users\Owner\Documents\GitHub\spacex-api-wrapper\build\CMakeFiles\CMakeTmp\cmTC_7fa03.vcxproj]
C:\Users\Owner\Documents\GitHub\spacex-api-wrapper\build\CMakeFiles\CMakeTmp\Debug\cmTC_7fa03.exe : fatal error LNK1120: 1 unresolved externals [C:\Users\Owner\Documents\GitHub\spacex-api-wrapper\build\CMakeFiles\CMakeTmp\cmTC_7fa03.vcxproj]



Determining if the fsetxattr exist failed with the following output:
Change Dir: C:/Users/Owner/Documents/GitHub/spacex-api-wrapper/build/CMakeFiles/CMakeTmp

Run Build Command(s):C:/Program Files (x86)/Microsoft Visual Studio/2022/BuildTools/MSBuild/Current/Bin/amd64/MSBuild.exe cmTC_6b3d9.vcxproj /p:Configuration=Debug /p:Platform=x64 /p:VisualStudioVersion=17.0 /v:m && Microsoft (R) Build Engine version 17.2.1+52cd2da31 for .NET Framework
Copyright (C) Microsoft Corporation. All rights reserved.

  Microsoft (R) C/C++ Optimizing Compiler Version 19.32.31332 for x64
  CheckSymbolExists.c
  Copyright (C) Microsoft Corporation.  All rights reserved.
  cl /c /IC:\Users\Owner\anaconda3\Library\include /I"C:\Users\Owner\vcpkg\installed\x64-windows\include" /Zi /W1 /WX- /diagnostics:column /Od /Ob0 /D _MBCS /D WIN32 /D _WINDOWS /D _WIN32_WINNT=0x0600 /D _WINSOCKAPI_= /D SECURITY_WIN32 /D "CMAKE_INTDIR=\"Debug\"" /Gm- /RTC1 /MDd /GS /fp:precise /Zc:wchar_t /Zc:forScope /Zc:inline /Fo"cmTC_6b3d9.dir\Debug\\" /Fd"cmTC_6b3d9.dir\Debug\vc143.pdb" /external:W1 /Gd /TC /errorReport:queue "C:\Users\Owner\Documents\GitHub\spacex-api-wrapper\build\CMakeFiles\CMakeTmp\CheckSymbolExists.c"
C:\Users\Owner\Documents\GitHub\spacex-api-wrapper\build\CMakeFiles\CMakeTmp\CheckSymbolExists.c(33,28): error C2065: 'fsetxattr': undeclared identifier [C:\Users\Owner\Documents\GitHub\spacex-api-wrapper\build\CMakeFiles\CMakeTmp\cmTC_6b3d9.vcxproj]


File C:/Users/Owner/Documents/GitHub/spacex-api-wrapper/build/CMakeFiles/CMakeTmp/CheckSymbolExists.c:
/* */
#include <C:/Users/Owner/anaconda3/Library/include/libssh2.h>
#include <windows.h>
#include <winsock.h>
#include <ws2tcpip.h>
#include <winsock2.h>
#include <wincrypt.h>
#include <stdio.h>
#include <sys/stat.h>
#include <sys/types.h>
#include <sys/utime.h>
#include <assert.h>
#include <errno.h>
#include <fcntl.h>
#include <io.h>
#include <locale.h>
#include <setjmp.h>
#include <signal.h>
#include <stdbool.h>
#include <stdio.h>
#include <stdlib.h>
#include <string.h>
#include <time.h>
#include <process.h>
#include <stddef.h>
#include <malloc.h>
#include <memory.h>

int main(int argc, char** argv)
{
  (void)argv;
#ifndef fsetxattr
  return ((int*)(&fsetxattr))[argc];
#else
  (void)argc;
  return 0;
#endif
}
Determining size of sa_family_t failed with the following output:
Change Dir: C:/Users/Owner/Documents/GitHub/spacex-api-wrapper/build/CMakeFiles/CMakeTmp

Run Build Command(s):C:/Program Files (x86)/Microsoft Visual Studio/2022/BuildTools/MSBuild/Current/Bin/amd64/MSBuild.exe cmTC_42de2.vcxproj /p:Configuration=Debug /p:Platform=x64 /p:VisualStudioVersion=17.0 /v:m && Microsoft (R) Build Engine version 17.2.1+52cd2da31 for .NET Framework
Copyright (C) Microsoft Corporation. All rights reserved.

  Microsoft (R) C/C++ Optimizing Compiler Version 19.32.31332 for x64
  SIZEOF_SA_FAMILY_T.c
C:\Users\Owner\Documents\GitHub\spacex-api-wrapper\build\CMakeFiles\CheckTypeSize\SIZEOF_SA_FAMILY_T.c(3,10): fatal error C1083: Cannot open include file: 'sys/socket.h': No such file or directory [C:\Users\Owner\Documents\GitHub\spacex-api-wrapper\build\CMakeFiles\CMakeTmp\cmTC_42de2.vcxproj]
  Copyright (C) Microsoft Corporation.  All rights reserved.
  cl /c /IC:\Users\Owner\anaconda3\Library\include /I"C:\Users\Owner\vcpkg\installed\x64-windows\include" /Zi /W1 /WX- /diagnostics:column /Od /Ob0 /D _MBCS /D WIN32 /D _WINDOWS /D _WIN32_WINNT=0x0600 /D _WINSOCKAPI_= /D SECURITY_WIN32 /D "CMAKE_INTDIR=\"Debug\"" /Gm- /RTC1 /MDd /GS /fp:precise /Zc:wchar_t /Zc:forScope /Zc:inline /Fo"cmTC_42de2.dir\Debug\\" /Fd"cmTC_42de2.dir\Debug\vc143.pdb" /external:W1 /Gd /TC /errorReport:queue "C:\Users\Owner\Documents\GitHub\spacex-api-wrapper\build\CMakeFiles\CheckTypeSize\SIZEOF_SA_FAMILY_T.c"


C:/Users/Owner/Documents/GitHub/spacex-api-wrapper/build/CMakeFiles/CheckTypeSize/SIZEOF_SA_FAMILY_T.c:
#include <sys/types.h>
#include <stddef.h>
#include "sys/socket.h"


#undef KEY
#if defined(__i386)
# define KEY '_','_','i','3','8','6'
#elif defined(__x86_64)
# define KEY '_','_','x','8','6','_','6','4'
#elif defined(__PPC64__)
# define KEY '_','_','P','P','C','6','4','_','_'
#elif defined(__ppc64__)
# define KEY '_','_','p','p','c','6','4','_','_'
#elif defined(__PPC__)
# define KEY '_','_','P','P','C','_','_'
#elif defined(__ppc__)
# define KEY '_','_','p','p','c','_','_'
#elif defined(__aarch64__)
# define KEY '_','_','a','a','r','c','h','6','4','_','_'
#elif defined(__ARM_ARCH_7A__)
# define KEY '_','_','A','R','M','_','A','R','C','H','_','7','A','_','_'
#elif defined(__ARM_ARCH_7S__)
# define KEY '_','_','A','R','M','_','A','R','C','H','_','7','S','_','_'
#endif

#define SIZE (sizeof(sa_family_t))
static char info_size[] =  {'I', 'N', 'F', 'O', ':', 's','i','z','e','[',
  ('0' + ((SIZE / 10000)%10)),
  ('0' + ((SIZE / 1000)%10)),
  ('0' + ((SIZE / 100)%10)),
  ('0' + ((SIZE / 10)%10)),
  ('0' +  (SIZE    % 10)),
  ']',
#ifdef KEY
  ' ','k','e','y','[', KEY, ']',
#endif
  '\0'};

#ifdef __CLASSIC_C__
int main(argc, argv) int argc; char *argv[];
#else
int main(int argc, char *argv[])
#endif
{
  int require = 0;
  require += info_size[argc];
  (void)argv;
  return require;
}


Determining size of ADDRESS_FAMILY failed with the following output:
Change Dir: C:/Users/Owner/Documents/GitHub/spacex-api-wrapper/build/CMakeFiles/CMakeTmp

Run Build Command(s):C:/Program Files (x86)/Microsoft Visual Studio/2022/BuildTools/MSBuild/Current/Bin/amd64/MSBuild.exe cmTC_add75.vcxproj /p:Configuration=Debug /p:Platform=x64 /p:VisualStudioVersion=17.0 /v:m && Microsoft (R) Build Engine version 17.2.1+52cd2da31 for .NET Framework
Copyright (C) Microsoft Corporation. All rights reserved.

  Microsoft (R) C/C++ Optimizing Compiler Version 19.32.31332 for x64
  SIZEOF_ADDRESS_FAMILY.c
  Copyright (C) Microsoft Corporation.  All rights reserved.
  cl /c /IC:\Users\Owner\anaconda3\Library\include /I"C:\Users\Owner\vcpkg\installed\x64-windows\include" /Zi /W1 /WX- /diagnostics:column /Od /Ob0 /D _MBCS /D WIN32 /D _WINDOWS /D _WIN32_WINNT=0x0600 /D _WINSOCKAPI_= /D SECURITY_WIN32 /D "CMAKE_INTDIR=\"Debug\"" /Gm- /RTC1 /MDd /GS /fp:precise /Zc:wchar_t /Zc:forScope /Zc:inline /Fo"cmTC_add75.dir\Debug\\" /Fd"cmTC_add75.dir\Debug\vc143.pdb" /external:W1 /Gd /TC /errorReport:queue "C:\Users\Owner\Documents\GitHub\spacex-api-wrapper\build\CMakeFiles\CheckTypeSize\SIZEOF_ADDRESS_FAMILY.c"
C:\Program Files (x86)\Windows Kits\10\Include\10.0.19041.0\shared\ws2def.h(47,1): fatal error C1189: #error:  Do not include winsock.h and ws2def.h in the same module. Instead include only winsock2.h. [C:\Users\Owner\Documents\GitHub\spacex-api-wrapper\build\CMakeFiles\CMakeTmp\cmTC_add75.vcxproj]


C:/Users/Owner/Documents/GitHub/spacex-api-wrapper/build/CMakeFiles/CheckTypeSize/SIZEOF_ADDRESS_FAMILY.c:
#include <sys/types.h>
#include <stddef.h>
#include "ws2def.h"


#undef KEY
#if defined(__i386)
# define KEY '_','_','i','3','8','6'
#elif defined(__x86_64)
# define KEY '_','_','x','8','6','_','6','4'
#elif defined(__PPC64__)
# define KEY '_','_','P','P','C','6','4','_','_'
#elif defined(__ppc64__)
# define KEY '_','_','p','p','c','6','4','_','_'
#elif defined(__PPC__)
# define KEY '_','_','P','P','C','_','_'
#elif defined(__ppc__)
# define KEY '_','_','p','p','c','_','_'
#elif defined(__aarch64__)
# define KEY '_','_','a','a','r','c','h','6','4','_','_'
#elif defined(__ARM_ARCH_7A__)
# define KEY '_','_','A','R','M','_','A','R','C','H','_','7','A','_','_'
#elif defined(__ARM_ARCH_7S__)
# define KEY '_','_','A','R','M','_','A','R','C','H','_','7','S','_','_'
#endif

#define SIZE (sizeof(ADDRESS_FAMILY))
static char info_size[] =  {'I', 'N', 'F', 'O', ':', 's','i','z','e','[',
  ('0' + ((SIZE / 10000)%10)),
  ('0' + ((SIZE / 1000)%10)),
  ('0' + ((SIZE / 100)%10)),
  ('0' + ((SIZE / 10)%10)),
  ('0' +  (SIZE    % 10)),
  ']',
#ifdef KEY
  ' ','k','e','y','[', KEY, ']',
#endif
  '\0'};

#ifdef __CLASSIC_C__
int main(argc, argv) int argc; char *argv[];
#else
int main(int argc, char *argv[])
#endif
{
  int require = 0;
  require += info_size[argc];
  (void)argv;
  return require;
}


Performing Curl Test HAVE_FCNTL_O_NONBLOCK failed with the following output:
Change Dir: C:/Users/Owner/Documents/GitHub/spacex-api-wrapper/build/CMakeFiles/CMakeTmp

Run Build Command(s):C:/Program Files (x86)/Microsoft Visual Studio/2022/BuildTools/MSBuild/Current/Bin/amd64/MSBuild.exe cmTC_27d6a.vcxproj /p:Configuration=Debug /p:Platform=x64 /p:VisualStudioVersion=17.0 /v:m && Microsoft (R) Build Engine version 17.2.1+52cd2da31 for .NET Framework
Copyright (C) Microsoft Corporation. All rights reserved.

  Microsoft (R) C/C++ Optimizing Compiler Version 19.32.31332 for x64
  CurlTests.c
  Copyright (C) Microsoft Corporation.  All rights reserved.
  cl /c /I"C:\Users\Owner\vcpkg\installed\x64-windows\include" /Zi /W1 /WX- /diagnostics:column /Od /Ob0 /D _MBCS /D WIN32 /D _WINDOWS /D HAVE_FCNTL_O_NONBLOCK /D HAVE_LIBSSH2_H /D HAVE_WINDOWS_H /D HAVE_WINSOCK_H /D HAVE_WS2TCPIP_H /D HAVE_WINSOCK2_H /D HAVE_WINCRYPT_H /D HAVE_STDIO_H /D HAVE_SYS_STAT_H /D HAVE_SYS_TYPES_H /D HAVE_SYS_UTIME_H /D HAVE_ASSERT_H /D HAVE_ERRNO_H /D HAVE_FCNTL_H /D HAVE_IO_H /D HAVE_LOCALE_H /D HAVE_SETJMP_H /D HAVE_SIGNAL_H /D HAVE_STDBOOL_H /D HAVE_STDLIB_H /D HAVE_STRING_H /D HAVE_TIME_H /D HAVE_PROCESS_H /D HAVE_STDDEF_H /D HAVE_MALLOC_H /D HAVE_MEMORY_H /D "CMAKE_INTDIR=\"Debug\"" /Gm- /RTC1 /MDd /GS /fp:precise /Zc:wchar_t /Zc:forScope /Zc:inline /Fo"cmTC_27d6a.dir\Debug\\" /Fd"cmTC_27d6a.dir\Debug\vc143.pdb" /external:W1 /Gd /TC /errorReport:queue "C:\Users\Owner\Documents\GitHub\spacex-api-wrapper\build\_deps\curl-src\CMake\CurlTests.c"
C:\Users\Owner\Documents\GitHub\spacex-api-wrapper\build\_deps\curl-src\CMake\CurlTests.c(44,10): fatal error C1083: Cannot open include file: 'unistd.h': No such file or directory [C:\Users\Owner\Documents\GitHub\spacex-api-wrapper\build\CMakeFiles\CMakeTmp\cmTC_27d6a.vcxproj]


Performing Curl Test HAVE_IOCTLSOCKET_CAMEL failed with the following output:
Change Dir: C:/Users/Owner/Documents/GitHub/spacex-api-wrapper/build/CMakeFiles/CMakeTmp

Run Build Command(s):C:/Program Files (x86)/Microsoft Visual Studio/2022/BuildTools/MSBuild/Current/Bin/amd64/MSBuild.exe cmTC_3c701.vcxproj /p:Configuration=Debug /p:Platform=x64 /p:VisualStudioVersion=17.0 /v:m && Microsoft (R) Build Engine version 17.2.1+52cd2da31 for .NET Framework
Copyright (C) Microsoft Corporation. All rights reserved.

  Microsoft (R) C/C++ Optimizing Compiler Version 19.32.31332 for x64
  CurlTests.c
  Copyright (C) Microsoft Corporation.  All rights reserved.
  cl /c /I"C:\Users\Owner\vcpkg\installed\x64-windows\include" /Zi /W1 /WX- /diagnostics:column /Od /Ob0 /D _MBCS /D WIN32 /D _WINDOWS /D HAVE_IOCTLSOCKET_CAMEL /D HAVE_LIBSSH2_H /D HAVE_WINDOWS_H /D HAVE_WINSOCK_H /D HAVE_WS2TCPIP_H /D HAVE_WINSOCK2_H /D HAVE_WINCRYPT_H /D HAVE_STDIO_H /D HAVE_SYS_STAT_H /D HAVE_SYS_TYPES_H /D HAVE_SYS_UTIME_H /D HAVE_ASSERT_H /D HAVE_ERRNO_H /D HAVE_FCNTL_H /D HAVE_IO_H /D HAVE_LOCALE_H /D HAVE_SETJMP_H /D HAVE_SIGNAL_H /D HAVE_STDBOOL_H /D HAVE_STDLIB_H /D HAVE_STRING_H /D HAVE_TIME_H /D HAVE_PROCESS_H /D HAVE_STDDEF_H /D HAVE_MALLOC_H /D HAVE_MEMORY_H /D "CMAKE_INTDIR=\"Debug\"" /Gm- /RTC1 /MDd /GS /fp:precise /Zc:wchar_t /Zc:forScope /Zc:inline /Fo"cmTC_3c701.dir\Debug\\" /Fd"cmTC_3c701.dir\Debug\vc143.pdb" /external:W1 /Gd /TC /errorReport:queue "C:\Users\Owner\Documents\GitHub\spacex-api-wrapper\build\_deps\curl-src\CMake\CurlTests.c"
CurlTests.obj : error LNK2019: unresolved external symbol IoctlSocket referenced in function main [C:\Users\Owner\Documents\GitHub\spacex-api-wrapper\build\CMakeFiles\CMakeTmp\cmTC_3c701.vcxproj]
C:\Users\Owner\Documents\GitHub\spacex-api-wrapper\build\CMakeFiles\CMakeTmp\Debug\cmTC_3c701.exe : fatal error LNK1120: 1 unresolved externals [C:\Users\Owner\Documents\GitHub\spacex-api-wrapper\build\CMakeFiles\CMakeTmp\cmTC_3c701.vcxproj]


Performing Curl Test HAVE_IOCTLSOCKET_CAMEL_FIONBIO failed with the following output:
Change Dir: C:/Users/Owner/Documents/GitHub/spacex-api-wrapper/build/CMakeFiles/CMakeTmp

Run Build Command(s):C:/Program Files (x86)/Microsoft Visual Studio/2022/BuildTools/MSBuild/Current/Bin/amd64/MSBuild.exe cmTC_3c1dc.vcxproj /p:Configuration=Debug /p:Platform=x64 /p:VisualStudioVersion=17.0 /v:m && Microsoft (R) Build Engine version 17.2.1+52cd2da31 for .NET Framework
Copyright (C) Microsoft Corporation. All rights reserved.

  Microsoft (R) C/C++ Optimizing Compiler Version 19.32.31332 for x64
  CurlTests.c
  Copyright (C) Microsoft Corporation.  All rights reserved.
  cl /c /I"C:\Users\Owner\vcpkg\installed\x64-windows\include" /Zi /W1 /WX- /diagnostics:column /Od /Ob0 /D _MBCS /D WIN32 /D _WINDOWS /D HAVE_IOCTLSOCKET_CAMEL_FIONBIO /D HAVE_LIBSSH2_H /D HAVE_WINDOWS_H /D HAVE_WINSOCK_H /D HAVE_WS2TCPIP_H /D HAVE_WINSOCK2_H /D HAVE_WINCRYPT_H /D HAVE_STDIO_H /D HAVE_SYS_STAT_H /D HAVE_SYS_TYPES_H /D HAVE_SYS_UTIME_H /D HAVE_ASSERT_H /D HAVE_ERRNO_H /D HAVE_FCNTL_H /D HAVE_IO_H /D HAVE_LOCALE_H /D HAVE_SETJMP_H /D HAVE_SIGNAL_H /D HAVE_STDBOOL_H /D HAVE_STDLIB_H /D HAVE_STRING_H /D HAVE_TIME_H /D HAVE_PROCESS_H /D HAVE_STDDEF_H /D HAVE_MALLOC_H /D HAVE_MEMORY_H /D "CMAKE_INTDIR=\"Debug\"" /Gm- /RTC1 /MDd /GS /fp:precise /Zc:wchar_t /Zc:forScope /Zc:inline /Fo"cmTC_3c1dc.dir\Debug\\" /Fd"cmTC_3c1dc.dir\Debug\vc143.pdb" /external:W1 /Gd /TC /errorReport:queue "C:\Users\Owner\Documents\GitHub\spacex-api-wrapper\build\_deps\curl-src\CMake\CurlTests.c"
CurlTests.obj : error LNK2019: unresolved external symbol IoctlSocket referenced in function main [C:\Users\Owner\Documents\GitHub\spacex-api-wrapper\build\CMakeFiles\CMakeTmp\cmTC_3c1dc.vcxproj]
C:\Users\Owner\Documents\GitHub\spacex-api-wrapper\build\CMakeFiles\CMakeTmp\Debug\cmTC_3c1dc.exe : fatal error LNK1120: 1 unresolved externals [C:\Users\Owner\Documents\GitHub\spacex-api-wrapper\build\CMakeFiles\CMakeTmp\cmTC_3c1dc.vcxproj]


Performing Curl Test HAVE_IOCTL_FIONBIO failed with the following output:
Change Dir: C:/Users/Owner/Documents/GitHub/spacex-api-wrapper/build/CMakeFiles/CMakeTmp

Run Build Command(s):C:/Program Files (x86)/Microsoft Visual Studio/2022/BuildTools/MSBuild/Current/Bin/amd64/MSBuild.exe cmTC_8eb29.vcxproj /p:Configuration=Debug /p:Platform=x64 /p:VisualStudioVersion=17.0 /v:m && Microsoft (R) Build Engine version 17.2.1+52cd2da31 for .NET Framework
Copyright (C) Microsoft Corporation. All rights reserved.

  Microsoft (R) C/C++ Optimizing Compiler Version 19.32.31332 for x64
  CurlTests.c
C:\Users\Owner\Documents\GitHub\spacex-api-wrapper\build\_deps\curl-src\CMake\CurlTests.c(359,33): error C2065: 'FIONBIO': undeclared identifier [C:\Users\Owner\Documents\GitHub\spacex-api-wrapper\build\CMakeFiles\CMakeTmp\cmTC_8eb29.vcxproj]
  Copyright (C) Microsoft Corporation.  All rights reserved.
  cl /c /I"C:\Users\Owner\vcpkg\installed\x64-windows\include" /Zi /W1 /WX- /diagnostics:column /Od /Ob0 /D _MBCS /D WIN32 /D _WINDOWS /D HAVE_IOCTL_FIONBIO /D HAVE_LIBSSH2_H /D HAVE_WINDOWS_H /D HAVE_WINSOCK_H /D HAVE_WS2TCPIP_H /D HAVE_WINSOCK2_H /D HAVE_WINCRYPT_H /D HAVE_STDIO_H /D HAVE_SYS_STAT_H /D HAVE_SYS_TYPES_H /D HAVE_SYS_UTIME_H /D HAVE_ASSERT_H /D HAVE_ERRNO_H /D HAVE_FCNTL_H /D HAVE_IO_H /D HAVE_LOCALE_H /D HAVE_SETJMP_H /D HAVE_SIGNAL_H /D HAVE_STDBOOL_H /D HAVE_STDLIB_H /D HAVE_STRING_H /D HAVE_TIME_H /D HAVE_PROCESS_H /D HAVE_STDDEF_H /D HAVE_MALLOC_H /D HAVE_MEMORY_H /D "CMAKE_INTDIR=\"Debug\"" /Gm- /RTC1 /MDd /GS /fp:precise /Zc:wchar_t /Zc:forScope /Zc:inline /Fo"cmTC_8eb29.dir\Debug\\" /Fd"cmTC_8eb29.dir\Debug\vc143.pdb" /external:W1 /Gd /TC /errorReport:queue "C:\Users\Owner\Documents\GitHub\spacex-api-wrapper\build\_deps\curl-src\CMake\CurlTests.c"


Performing Curl Test HAVE_IOCTL_SIOCGIFADDR failed with the following output:
Change Dir: C:/Users/Owner/Documents/GitHub/spacex-api-wrapper/build/CMakeFiles/CMakeTmp

Run Build Command(s):C:/Program Files (x86)/Microsoft Visual Studio/2022/BuildTools/MSBuild/Current/Bin/amd64/MSBuild.exe cmTC_16617.vcxproj /p:Configuration=Debug /p:Platform=x64 /p:VisualStudioVersion=17.0 /v:m && Microsoft (R) Build Engine version 17.2.1+52cd2da31 for .NET Framework
Copyright (C) Microsoft Corporation. All rights reserved.

  Microsoft (R) C/C++ Optimizing Compiler Version 19.32.31332 for x64
  CurlTests.c
C:\Users\Owner\Documents\GitHub\spacex-api-wrapper\build\_deps\curl-src\CMake\CurlTests.c(384,10): fatal error C1083: Cannot open include file: 'net/if.h': No such file or directory [C:\Users\Owner\Documents\GitHub\spacex-api-wrapper\build\CMakeFiles\CMakeTmp\cmTC_16617.vcxproj]
  Copyright (C) Microsoft Corporation.  All rights reserved.
  cl /c /I"C:\Users\Owner\vcpkg\installed\x64-windows\include" /Zi /W1 /WX- /diagnostics:column /Od /Ob0 /D _MBCS /D WIN32 /D _WINDOWS /D HAVE_IOCTL_SIOCGIFADDR /D HAVE_LIBSSH2_H /D HAVE_WINDOWS_H /D HAVE_WINSOCK_H /D HAVE_WS2TCPIP_H /D HAVE_WINSOCK2_H /D HAVE_WINCRYPT_H /D HAVE_STDIO_H /D HAVE_SYS_STAT_H /D HAVE_SYS_TYPES_H /D HAVE_SYS_UTIME_H /D HAVE_ASSERT_H /D HAVE_ERRNO_H /D HAVE_FCNTL_H /D HAVE_IO_H /D HAVE_LOCALE_H /D HAVE_SETJMP_H /D HAVE_SIGNAL_H /D HAVE_STDBOOL_H /D HAVE_STDLIB_H /D HAVE_STRING_H /D HAVE_TIME_H /D HAVE_PROCESS_H /D HAVE_STDDEF_H /D HAVE_MALLOC_H /D HAVE_MEMORY_H /D "CMAKE_INTDIR=\"Debug\"" /Gm- /RTC1 /MDd /GS /fp:precise /Zc:wchar_t /Zc:forScope /Zc:inline /Fo"cmTC_16617.dir\Debug\\" /Fd"cmTC_16617.dir\Debug\vc143.pdb" /external:W1 /Gd /TC /errorReport:queue "C:\Users\Owner\Documents\GitHub\spacex-api-wrapper\build\_deps\curl-src\CMake\CurlTests.c"


Performing Curl Test HAVE_SETSOCKOPT_SO_NONBLOCK failed with the following output:
Change Dir: C:/Users/Owner/Documents/GitHub/spacex-api-wrapper/build/CMakeFiles/CMakeTmp

Run Build Command(s):C:/Program Files (x86)/Microsoft Visual Studio/2022/BuildTools/MSBuild/Current/Bin/amd64/MSBuild.exe cmTC_2a432.vcxproj /p:Configuration=Debug /p:Platform=x64 /p:VisualStudioVersion=17.0 /v:m && Microsoft (R) Build Engine version 17.2.1+52cd2da31 for .NET Framework
Copyright (C) Microsoft Corporation. All rights reserved.

  Microsoft (R) C/C++ Optimizing Compiler Version 19.32.31332 for x64
  CurlTests.c
  Copyright (C) Microsoft Corporation.  All rights reserved.
  cl /c /I"C:\Users\Owner\vcpkg\installed\x64-windows\include" /Zi /W1 /WX- /diagnostics:column /Od /Ob0 /D _MBCS /D WIN32 /D _WINDOWS /D HAVE_SETSOCKOPT_SO_NONBLOCK /D HAVE_LIBSSH2_H /D HAVE_WINDOWS_H /D HAVE_WINSOCK_H /D HAVE_WS2TCPIP_H /D HAVE_WINSOCK2_H /D HAVE_WINCRYPT_H /D HAVE_STDIO_H /D HAVE_SYS_STAT_H /D HAVE_SYS_TYPES_H /D HAVE_SYS_UTIME_H /D HAVE_ASSERT_H /D HAVE_ERRNO_H /D HAVE_FCNTL_H /D HAVE_IO_H /D HAVE_LOCALE_H /D HAVE_SETJMP_H /D HAVE_SIGNAL_H /D HAVE_STDBOOL_H /D HAVE_STDLIB_H /D HAVE_STRING_H /D HAVE_TIME_H /D HAVE_PROCESS_H /D HAVE_STDDEF_H /D HAVE_MALLOC_H /D HAVE_MEMORY_H /D "CMAKE_INTDIR=\"Debug\"" /Gm- /RTC1 /MDd /GS /fp:precise /Zc:wchar_t /Zc:forScope /Zc:inline /Fo"cmTC_2a432.dir\Debug\\" /Fd"cmTC_2a432.dir\Debug\vc143.pdb" /external:W1 /Gd /TC /errorReport:queue "C:\Users\Owner\Documents\GitHub\spacex-api-wrapper\build\_deps\curl-src\CMake\CurlTests.c"
C:\Users\Owner\Documents\GitHub\spacex-api-wrapper\build\_deps\curl-src\CMake\CurlTests.c(424,54): error C2065: 'SO_NONBLOCK': undeclared identifier [C:\Users\Owner\Documents\GitHub\spacex-api-wrapper\build\CMakeFiles\CMakeTmp\cmTC_2a432.vcxproj]


Performing Curl Test HAVE_SOCKADDR_IN6_SIN6_SCOPE_ID failed with the following output:
Change Dir: C:/Users/Owner/Documents/GitHub/spacex-api-wrapper/build/CMakeFiles/CMakeTmp

Run Build Command(s):C:/Program Files (x86)/Microsoft Visual Studio/2022/BuildTools/MSBuild/Current/Bin/amd64/MSBuild.exe cmTC_48b7d.vcxproj /p:Configuration=Debug /p:Platform=x64 /p:VisualStudioVersion=17.0 /v:m && Microsoft (R) Build Engine version 17.2.1+52cd2da31 for .NET Framework
Copyright (C) Microsoft Corporation. All rights reserved.

  Microsoft (R) C/C++ Optimizing Compiler Version 19.32.31332 for x64
  CurlTests.c
  Copyright (C) Microsoft Corporation.  All rights reserved.
  cl /c /I"C:\Users\Owner\vcpkg\installed\x64-windows\include" /Zi /W1 /WX- /diagnostics:column /Od /Ob0 /D _MBCS /D WIN32 /D _WINDOWS /D HAVE_SOCKADDR_IN6_SIN6_SCOPE_ID /D HAVE_LIBSSH2_H /D HAVE_WINDOWS_H /D HAVE_WINSOCK_H /D HAVE_WS2TCPIP_H /D HAVE_WINSOCK2_H /D HAVE_WINCRYPT_H /D HAVE_STDIO_H /D HAVE_SYS_STAT_H /D HAVE_SYS_TYPES_H /D HAVE_SYS_UTIME_H /D HAVE_ASSERT_H /D HAVE_ERRNO_H /D HAVE_FCNTL_H /D HAVE_IO_H /D HAVE_LOCALE_H /D HAVE_SETJMP_H /D HAVE_SIGNAL_H /D HAVE_STDBOOL_H /D HAVE_STDLIB_H /D HAVE_STRING_H /D HAVE_TIME_H /D HAVE_PROCESS_H /D HAVE_STDDEF_H /D HAVE_MALLOC_H /D HAVE_MEMORY_H /D "CMAKE_INTDIR=\"Debug\"" /Gm- /RTC1 /MDd /GS /fp:precise /Zc:wchar_t /Zc:forScope /Zc:inline /Fo"cmTC_48b7d.dir\Debug\\" /Fd"cmTC_48b7d.dir\Debug\vc143.pdb" /external:W1 /Gd /TC /errorReport:queue "C:\Users\Owner\Documents\GitHub\spacex-api-wrapper\build\_deps\curl-src\CMake\CurlTests.c"
MSVCRTD.lib(exe_main.obj) : error LNK2019: unresolved external symbol main referenced in function "int __cdecl invoke_main(void)" (?invoke_main@@YAHXZ) [C:\Users\Owner\Documents\GitHub\spacex-api-wrapper\build\CMakeFiles\CMakeTmp\cmTC_48b7d.vcxproj]
C:\Users\Owner\Documents\GitHub\spacex-api-wrapper\build\CMakeFiles\CMakeTmp\Debug\cmTC_48b7d.exe : fatal error LNK1120: 1 unresolved externals [C:\Users\Owner\Documents\GitHub\spacex-api-wrapper\build\CMakeFiles\CMakeTmp\cmTC_48b7d.vcxproj]


Performing Curl Test HAVE_FILE_OFFSET_BITS failed with the following output:
Change Dir: C:/Users/Owner/Documents/GitHub/spacex-api-wrapper/build/CMakeFiles/CMakeTmp

Run Build Command(s):C:/Program Files (x86)/Microsoft Visual Studio/2022/BuildTools/MSBuild/Current/Bin/amd64/MSBuild.exe cmTC_b4059.vcxproj /p:Configuration=Debug /p:Platform=x64 /p:VisualStudioVersion=17.0 /v:m && Microsoft (R) Build Engine version 17.2.1+52cd2da31 for .NET Framework
Copyright (C) Microsoft Corporation. All rights reserved.

  Microsoft (R) C/C++ Optimizing Compiler Version 19.32.31332 for x64
  CurlTests.c
C:\Users\Owner\Documents\GitHub\spacex-api-wrapper\build\_deps\curl-src\CMake\CurlTests.c(218,23): warning C4293: '<<': shift count negative or too big, undefined behavior [C:\Users\Owner\Documents\GitHub\spacex-api-wrapper\build\CMakeFiles\CMakeTmp\cmTC_b4059.vcxproj]
C:\Users\Owner\Documents\GitHub\spacex-api-wrapper\build\_deps\curl-src\CMake\CurlTests.c(219,27): warning C4293: '<<': shift count negative or too big, undefined behavior [C:\Users\Owner\Documents\GitHub\spacex-api-wrapper\build\CMakeFiles\CMakeTmp\cmTC_b4059.vcxproj]
C:\Users\Owner\Documents\GitHub\spacex-api-wrapper\build\_deps\curl-src\CMake\CurlTests.c(220,31): error C2118: negative subscript [C:\Users\Owner\Documents\GitHub\spacex-api-wrapper\build\CMakeFiles\CMakeTmp\cmTC_b4059.vcxproj]
  Copyright (C) Microsoft Corporation.  All rights reserved.
  cl /c /I"C:\Users\Owner\vcpkg\installed\x64-windows\include" /Zi /W1 /WX- /diagnostics:column /Od /Ob0 /D _MBCS /D WIN32 /D _WINDOWS /D HAVE_FILE_OFFSET_BITS /D HAVE_LIBSSH2_H /D HAVE_WINDOWS_H /D HAVE_WINSOCK_H /D HAVE_WS2TCPIP_H /D HAVE_WINSOCK2_H /D HAVE_WINCRYPT_H /D HAVE_STDIO_H /D HAVE_SYS_STAT_H /D HAVE_SYS_TYPES_H /D HAVE_SYS_UTIME_H /D HAVE_ASSERT_H /D HAVE_ERRNO_H /D HAVE_FCNTL_H /D HAVE_IO_H /D HAVE_LOCALE_H /D HAVE_SETJMP_H /D HAVE_SIGNAL_H /D HAVE_STDBOOL_H /D HAVE_STDLIB_H /D HAVE_STRING_H /D HAVE_TIME_H /D HAVE_PROCESS_H /D HAVE_STDDEF_H /D HAVE_MALLOC_H /D HAVE_MEMORY_H /D "CMAKE_INTDIR=\"Debug\"" /Gm- /RTC1 /MDd /GS /fp:precise /Zc:wchar_t /Zc:forScope /Zc:inline /Fo"cmTC_b4059.dir\Debug\\" /Fd"cmTC_b4059.dir\Debug\vc143.pdb" /external:W1 /Gd /TC /errorReport:queue "C:\Users\Owner\Documents\GitHub\spacex-api-wrapper\build\_deps\curl-src\CMake\CurlTests.c"


Performing Curl Test HAVE_VARIADIC_MACROS_GCC failed with the following output:
Change Dir: C:/Users/Owner/Documents/GitHub/spacex-api-wrapper/build/CMakeFiles/CMakeTmp

Run Build Command(s):C:/Program Files (x86)/Microsoft Visual Studio/2022/BuildTools/MSBuild/Current/Bin/amd64/MSBuild.exe cmTC_b7d84.vcxproj /p:Configuration=Debug /p:Platform=x64 /p:VisualStudioVersion=17.0 /v:m && Microsoft (R) Build Engine version 17.2.1+52cd2da31 for .NET Framework
Copyright (C) Microsoft Corporation. All rights reserved.

  Microsoft (R) C/C++ Optimizing Compiler Version 19.32.31332 for x64
  CurlTests.c
C:\Users\Owner\Documents\GitHub\spacex-api-wrapper\build\_deps\curl-src\CMake\CurlTests.c(515,1): error C2010: '.': unexpected in macro parameter list [C:\Users\Owner\Documents\GitHub\spacex-api-wrapper\build\CMakeFiles\CMakeTmp\cmTC_b7d84.vcxproj]
C:\Users\Owner\Documents\GitHub\spacex-api-wrapper\build\_deps\curl-src\CMake\CurlTests.c(516,1): error C2010: '.': unexpected in macro parameter list [C:\Users\Owner\Documents\GitHub\spacex-api-wrapper\build\CMakeFiles\CMakeTmp\cmTC_b7d84.vcxproj]
  Copyright (C) Microsoft Corporation.  All rights reserved.
  cl /c /I"C:\Users\Owner\vcpkg\installed\x64-windows\include" /Zi /W1 /WX- /diagnostics:column /Od /Ob0 /D _MBCS /D WIN32 /D _WINDOWS /D HAVE_VARIADIC_MACROS_GCC /D HAVE_LIBSSH2_H /D HAVE_WINDOWS_H /D HAVE_WINSOCK_H /D HAVE_WS2TCPIP_H /D HAVE_WINSOCK2_H /D HAVE_WINCRYPT_H /D HAVE_STDIO_H /D HAVE_SYS_STAT_H /D HAVE_SYS_TYPES_H /D HAVE_SYS_UTIME_H /D HAVE_ASSERT_H /D HAVE_ERRNO_H /D HAVE_FCNTL_H /D HAVE_IO_H /D HAVE_LOCALE_H /D HAVE_SETJMP_H /D HAVE_SIGNAL_H /D HAVE_STDBOOL_H /D HAVE_STDLIB_H /D HAVE_STRING_H /D HAVE_TIME_H /D HAVE_PROCESS_H /D HAVE_STDDEF_H /D HAVE_MALLOC_H /D HAVE_MEMORY_H /D "CMAKE_INTDIR=\"Debug\"" /Gm- /RTC1 /MDd /GS /fp:precise /Zc:wchar_t /Zc:forScope /Zc:inline /Fo"cmTC_b7d84.dir\Debug\\" /Fd"cmTC_b7d84.dir\Debug\vc143.pdb" /external:W1 /Gd /TC /errorReport:queue "C:\Users\Owner\Documents\GitHub\spacex-api-wrapper\build\_deps\curl-src\CMake\CurlTests.c"


Performing Curl Test HAVE_GLIBC_STRERROR_R failed with the following output:
Change Dir: C:/Users/Owner/Documents/GitHub/spacex-api-wrapper/build/CMakeFiles/CMakeTmp

Run Build Command(s):C:/Program Files (x86)/Microsoft Visual Studio/2022/BuildTools/MSBuild/Current/Bin/amd64/MSBuild.exe cmTC_4b253.vcxproj /p:Configuration=Debug /p:Platform=x64 /p:VisualStudioVersion=17.0 /v:m && Microsoft (R) Build Engine version 17.2.1+52cd2da31 for .NET Framework
Copyright (C) Microsoft Corporation. All rights reserved.

  Microsoft (R) C/C++ Optimizing Compiler Version 19.32.31332 for x64
  CurlTests.c
C:\Users\Owner\Documents\GitHub\spacex-api-wrapper\build\_deps\curl-src\CMake\CurlTests.c(440,53): error C2109: subscript requires array or pointer type [C:\Users\Owner\Documents\GitHub\spacex-api-wrapper\build\CMakeFiles\CMakeTmp\cmTC_4b253.vcxproj]
C:\Users\Owner\Documents\GitHub\spacex-api-wrapper\build\_deps\curl-src\CMake\CurlTests.c(440,3): error C2198: 'check': too few arguments for call [C:\Users\Owner\Documents\GitHub\spacex-api-wrapper\build\CMakeFiles\CMakeTmp\cmTC_4b253.vcxproj]
  Copyright (C) Microsoft Corporation.  All rights reserved.
  cl /c /I"C:\Users\Owner\vcpkg\installed\x64-windows\include" /Zi /W1 /WX- /diagnostics:column /Od /Ob0 /D _MBCS /D WIN32 /D _WINDOWS /D HAVE_GLIBC_STRERROR_R /D HAVE_LIBSSH2_H /D HAVE_WINDOWS_H /D HAVE_WINSOCK_H /D HAVE_WS2TCPIP_H /D HAVE_WINSOCK2_H /D HAVE_WINCRYPT_H /D HAVE_STDIO_H /D HAVE_SYS_STAT_H /D HAVE_SYS_TYPES_H /D HAVE_SYS_UTIME_H /D HAVE_ASSERT_H /D HAVE_ERRNO_H /D HAVE_FCNTL_H /D HAVE_IO_H /D HAVE_LOCALE_H /D HAVE_SETJMP_H /D HAVE_SIGNAL_H /D HAVE_STDBOOL_H /D HAVE_STDLIB_H /D HAVE_STRING_H /D HAVE_TIME_H /D HAVE_PROCESS_H /D HAVE_STDDEF_H /D HAVE_MALLOC_H /D HAVE_MEMORY_H /D "CMAKE_INTDIR=\"Debug\"" /Gm- /RTC1 /MDd /GS /fp:precise /Zc:wchar_t /Zc:forScope /Zc:inline /Fo"cmTC_4b253.dir\Debug\\" /Fd"cmTC_4b253.dir\Debug\vc143.pdb" /external:W1 /Gd /TC /errorReport:queue "C:\Users\Owner\Documents\GitHub\spacex-api-wrapper\build\_deps\curl-src\CMake\CurlTests.c"


Performing Curl Test HAVE_POSIX_STRERROR_R failed with the following output:
Change Dir: C:/Users/Owner/Documents/GitHub/spacex-api-wrapper/build/CMakeFiles/CMakeTmp

Run Build Command(s):C:/Program Files (x86)/Microsoft Visual Studio/2022/BuildTools/MSBuild/Current/Bin/amd64/MSBuild.exe cmTC_ce91d.vcxproj /p:Configuration=Debug /p:Platform=x64 /p:VisualStudioVersion=17.0 /v:m && Microsoft (R) Build Engine version 17.2.1+52cd2da31 for .NET Framework
Copyright (C) Microsoft Corporation. All rights reserved.

  Microsoft (R) C/C++ Optimizing Compiler Version 19.32.31332 for x64
  CurlTests.c
  Copyright (C) Microsoft Corporation.  All rights reserved.
  cl /c /I"C:\Users\Owner\vcpkg\installed\x64-windows\include" /Zi /W1 /WX- /diagnostics:column /Od /Ob0 /D _MBCS /D WIN32 /D _WINDOWS /D HAVE_POSIX_STRERROR_R /D HAVE_LIBSSH2_H /D HAVE_WINDOWS_H /D HAVE_WINSOCK_H /D HAVE_WS2TCPIP_H /D HAVE_WINSOCK2_H /D HAVE_WINCRYPT_H /D HAVE_STDIO_H /D HAVE_SYS_STAT_H /D HAVE_SYS_TYPES_H /D HAVE_SYS_UTIME_H /D HAVE_ASSERT_H /D HAVE_ERRNO_H /D HAVE_FCNTL_H /D HAVE_IO_H /D HAVE_LOCALE_H /D HAVE_SETJMP_H /D HAVE_SIGNAL_H /D HAVE_STDBOOL_H /D HAVE_STDLIB_H /D HAVE_STRING_H /D HAVE_TIME_H /D HAVE_PROCESS_H /D HAVE_STDDEF_H /D HAVE_MALLOC_H /D HAVE_MEMORY_H /D "CMAKE_INTDIR=\"Debug\"" /Gm- /RTC1 /MDd /GS /fp:precise /Zc:wchar_t /Zc:forScope /Zc:inline /Fo"cmTC_ce91d.dir\Debug\\" /Fd"cmTC_ce91d.dir\Debug\vc143.pdb" /external:W1 /Gd /TC /errorReport:queue "C:\Users\Owner\Documents\GitHub\spacex-api-wrapper\build\_deps\curl-src\CMake\CurlTests.c"
CurlTests.obj : error LNK2019: unresolved external symbol strerror_r referenced in function main [C:\Users\Owner\Documents\GitHub\spacex-api-wrapper\build\CMakeFiles\CMakeTmp\cmTC_ce91d.vcxproj]
C:\Users\Owner\Documents\GitHub\spacex-api-wrapper\build\CMakeFiles\CMakeTmp\Debug\cmTC_ce91d.exe : fatal error LNK1120: 1 unresolved externals [C:\Users\Owner\Documents\GitHub\spacex-api-wrapper\build\CMakeFiles\CMakeTmp\cmTC_ce91d.vcxproj]


Performing Curl Test HAVE_CLOCK_GETTIME_MONOTONIC failed with the following output:
Change Dir: C:/Users/Owner/Documents/GitHub/spacex-api-wrapper/build/CMakeFiles/CMakeTmp

Run Build Command(s):C:/Program Files (x86)/Microsoft Visual Studio/2022/BuildTools/MSBuild/Current/Bin/amd64/MSBuild.exe cmTC_1cc21.vcxproj /p:Configuration=Debug /p:Platform=x64 /p:VisualStudioVersion=17.0 /v:m && Microsoft (R) Build Engine version 17.2.1+52cd2da31 for .NET Framework
Copyright (C) Microsoft Corporation. All rights reserved.

  Microsoft (R) C/C++ Optimizing Compiler Version 19.32.31332 for x64
  CurlTests.c
C:\Users\Owner\Documents\GitHub\spacex-api-wrapper\build\_deps\curl-src\CMake\CurlTests.c(480,32): error C2065: 'CLOCK_MONOTONIC': undeclared identifier [C:\Users\Owner\Documents\GitHub\spacex-api-wrapper\build\CMakeFiles\CMakeTmp\cmTC_1cc21.vcxproj]
  Copyright (C) Microsoft Corporation.  All rights reserved.
  cl /c /I"C:\Users\Owner\vcpkg\installed\x64-windows\include" /Zi /W1 /WX- /diagnostics:column /Od /Ob0 /D _MBCS /D WIN32 /D _WINDOWS /D HAVE_CLOCK_GETTIME_MONOTONIC /D HAVE_LIBSSH2_H /D HAVE_WINDOWS_H /D HAVE_WINSOCK_H /D HAVE_WS2TCPIP_H /D HAVE_WINSOCK2_H /D HAVE_WINCRYPT_H /D HAVE_STDIO_H /D HAVE_SYS_STAT_H /D HAVE_SYS_TYPES_H /D HAVE_SYS_UTIME_H /D HAVE_ASSERT_H /D HAVE_ERRNO_H /D HAVE_FCNTL_H /D HAVE_IO_H /D HAVE_LOCALE_H /D HAVE_SETJMP_H /D HAVE_SIGNAL_H /D HAVE_STDBOOL_H /D HAVE_STDLIB_H /D HAVE_STRING_H /D HAVE_TIME_H /D HAVE_PROCESS_H /D HAVE_STDDEF_H /D HAVE_MALLOC_H /D HAVE_MEMORY_H /D "CMAKE_INTDIR=\"Debug\"" /Gm- /RTC1 /MDd /GS /fp:precise /Zc:wchar_t /Zc:forScope /Zc:inline /Fo"cmTC_1cc21.dir\Debug\\" /Fd"cmTC_1cc21.dir\Debug\vc143.pdb" /external:W1 /Gd /TC /errorReport:queue "C:\Users\Owner\Documents\GitHub\spacex-api-wrapper\build\_deps\curl-src\CMake\CurlTests.c"


Performing Curl Test HAVE_BUILTIN_AVAILABLE failed with the following output:
Change Dir: C:/Users/Owner/Documents/GitHub/spacex-api-wrapper/build/CMakeFiles/CMakeTmp

Run Build Command(s):C:/Program Files (x86)/Microsoft Visual Studio/2022/BuildTools/MSBuild/Current/Bin/amd64/MSBuild.exe cmTC_b32a3.vcxproj /p:Configuration=Debug /p:Platform=x64 /p:VisualStudioVersion=17.0 /v:m && Microsoft (R) Build Engine version 17.2.1+52cd2da31 for .NET Framework
Copyright (C) Microsoft Corporation. All rights reserved.

  Microsoft (R) C/C++ Optimizing Compiler Version 19.32.31332 for x64
  CurlTests.c
C:\Users\Owner\Documents\GitHub\spacex-api-wrapper\build\_deps\curl-src\CMake\CurlTests.c(487,32): error C2065: 'macOS': undeclared identifier [C:\Users\Owner\Documents\GitHub\spacex-api-wrapper\build\CMakeFiles\CMakeTmp\cmTC_b32a3.vcxproj]
C:\Users\Owner\Documents\GitHub\spacex-api-wrapper\build\_deps\curl-src\CMake\CurlTests.c(487,32): error C2143: syntax error: missing ')' before 'constant' [C:\Users\Owner\Documents\GitHub\spacex-api-wrapper\build\CMakeFiles\CMakeTmp\cmTC_b32a3.vcxproj]
C:\Users\Owner\Documents\GitHub\spacex-api-wrapper\build\_deps\curl-src\CMake\CurlTests.c(487,40): error C2059: syntax error: ')' [C:\Users\Owner\Documents\GitHub\spacex-api-wrapper\build\CMakeFiles\CMakeTmp\cmTC_b32a3.vcxproj]
C:\Users\Owner\Documents\GitHub\spacex-api-wrapper\build\_deps\curl-src\CMake\CurlTests.c(487,41): error C2059: syntax error: ')' [C:\Users\Owner\Documents\GitHub\spacex-api-wrapper\build\CMakeFiles\CMakeTmp\cmTC_b32a3.vcxproj]
  Copyright (C) Microsoft Corporation.  All rights reserved.
  cl /c /I"C:\Users\Owner\vcpkg\installed\x64-windows\include" /Zi /W1 /WX- /diagnostics:column /Od /Ob0 /D _MBCS /D WIN32 /D _WINDOWS /D HAVE_BUILTIN_AVAILABLE /D HAVE_LIBSSH2_H /D HAVE_WINDOWS_H /D HAVE_WINSOCK_H /D HAVE_WS2TCPIP_H /D HAVE_WINSOCK2_H /D HAVE_WINCRYPT_H /D HAVE_STDIO_H /D HAVE_SYS_STAT_H /D HAVE_SYS_TYPES_H /D HAVE_SYS_UTIME_H /D HAVE_ASSERT_H /D HAVE_ERRNO_H /D HAVE_FCNTL_H /D HAVE_IO_H /D HAVE_LOCALE_H /D HAVE_SETJMP_H /D HAVE_SIGNAL_H /D HAVE_STDBOOL_H /D HAVE_STDLIB_H /D HAVE_STRING_H /D HAVE_TIME_H /D HAVE_PROCESS_H /D HAVE_STDDEF_H /D HAVE_MALLOC_H /D HAVE_MEMORY_H /D "CMAKE_INTDIR=\"Debug\"" /Gm- /RTC1 /MDd /GS /fp:precise /Zc:wchar_t /Zc:forScope /Zc:inline /Fo"cmTC_b32a3.dir\Debug\\" /Fd"cmTC_b32a3.dir\Debug\vc143.pdb" /external:W1 /Gd /TC /errorReport:queue "C:\Users\Owner\Documents\GitHub\spacex-api-wrapper\build\_deps\curl-src\CMake\CurlTests.c"


Performing C SOURCE FILE Test HAVE_MSG_NOSIGNAL failed with the following output:
Change Dir: C:/Users/Owner/Documents/GitHub/spacex-api-wrapper/build/CMakeFiles/CMakeTmp

Run Build Command(s):C:/Program Files (x86)/Microsoft Visual Studio/2022/BuildTools/MSBuild/Current/Bin/amd64/MSBuild.exe cmTC_b7ec2.vcxproj /p:Configuration=Debug /p:Platform=x64 /p:VisualStudioVersion=17.0 /v:m && Microsoft (R) Build Engine version 17.2.1+52cd2da31 for .NET Framework
Copyright (C) Microsoft Corporation. All rights reserved.

  Microsoft (R) C/C++ Optimizing Compiler Version 19.32.31332 for x64
  src.c
  Copyright (C) Microsoft Corporation.  All rights reserved.
  cl /c /I"C:\Users\Owner\Documents\GitHub\spacex-api-wrapper\build\_deps\curl-src\include" /I"C:\Users\Owner\vcpkg\installed\x64-windows\include" /Zi /W1 /WX- /diagnostics:column /Od /Ob0 /D _MBCS /D WIN32 /D _WINDOWS /D _WIN32_WINNT=0x0600 /D _WINSOCKAPI_= /D SECURITY_WIN32 /D HAVE_MSG_NOSIGNAL /D "CMAKE_INTDIR=\"Debug\"" /Gm- /RTC1 /MDd /GS /fp:precise /Zc:wchar_t /Zc:forScope /Zc:inline /Fo"cmTC_b7ec2.dir\Debug\\" /Fd"C:\Users\Owner\Documents\GitHub\spacex-api-wrapper\build\CMakeFiles\CMakeTmp\Debug\cmTC_b7ec2.pdb" /external:W1 /Gd /TC /errorReport:queue "C:\Users\Owner\Documents\GitHub\spacex-api-wrapper\build\CMakeFiles\CMakeTmp\src.c"
C:\Users\Owner\Documents\GitHub\spacex-api-wrapper\build\CMakeFiles\CMakeTmp\src.c(9,28): error C2065: 'MSG_NOSIGNAL': undeclared identifier [C:\Users\Owner\Documents\GitHub\spacex-api-wrapper\build\CMakeFiles\CMakeTmp\cmTC_b7ec2.vcxproj]


Source file was:
#undef inline
#include <winsock2.h>
#include <windows.h>
#include <winsock.h>
#ifndef WIN32_LEAN_AND_MEAN
#define WIN32_LEAN_AND_MEAN
#endif
  int main(void) {
    int flag = MSG_NOSIGNAL;
    (void)flag;
    return 0;
  }
Performing C SOURCE FILE Test HAVE_POLL_FINE failed with the following compile output:
Change Dir: C:/Users/Owner/Documents/GitHub/spacex-api-wrapper/build/CMakeFiles/CMakeTmp

Run Build Command(s):C:/Program Files (x86)/Microsoft Visual Studio/2022/BuildTools/MSBuild/Current/Bin/amd64/MSBuild.exe cmTC_6be60.vcxproj /p:Configuration=Debug /p:Platform=x64 /p:VisualStudioVersion=17.0 /v:m && Microsoft (R) Build Engine version 17.2.1+52cd2da31 for .NET Framework
Copyright (C) Microsoft Corporation. All rights reserved.

  Microsoft (R) C/C++ Optimizing Compiler Version 19.32.31332 for x64
  src.c
C:\Users\Owner\Documents\GitHub\spacex-api-wrapper\build\CMakeFiles\CMakeTmp\src.c(3,14): fatal error C1083: Cannot open include file: 'sys/time.h': No such file or directory [C:\Users\Owner\Documents\GitHub\spacex-api-wrapper\build\CMakeFiles\CMakeTmp\cmTC_6be60.vcxproj]
  Copyright (C) Microsoft Corporation.  All rights reserved.
  cl /c /I"C:\Users\Owner\Documents\GitHub\spacex-api-wrapper\build\_deps\curl-src\include" /I"C:\Users\Owner\vcpkg\installed\x64-windows\include" /Zi /W1 /WX- /diagnostics:column /Od /Ob0 /D _MBCS /D WIN32 /D _WINDOWS /D _WIN32_WINNT=0x0600 /D _WINSOCKAPI_= /D SECURITY_WIN32 /D HAVE_POLL_FINE /D "CMAKE_INTDIR=\"Debug\"" /Gm- /RTC1 /MDd /GS /fp:precise /Zc:wchar_t /Zc:forScope /Zc:inline /Fo"cmTC_6be60.dir\Debug\\" /Fd"cmTC_6be60.dir\Debug\vc143.pdb" /external:W1 /Gd /TC /errorReport:queue "C:\Users\Owner\Documents\GitHub\spacex-api-wrapper\build\CMakeFiles\CMakeTmp\src.c"


...and run output:

Return value: 1
Source file was:

    #include <stdlib.h>
    #include <sys/time.h>

    #ifdef HAVE_SYS_POLL_H
    #  include <sys/poll.h>
    #elif  HAVE_POLL_H
    #  include <poll.h>
    #endif

    int main(void)
    {
        if(0 != poll(0, 0, 10)) {
          return 1; /* fail */
        }
        else {
          /* detect the 10.12 poll() breakage */
          struct timeval before, after;
          int rc;
          size_t us;

          gettimeofday(&before, NULL);
          rc = poll(NULL, 0, 500);
          gettimeofday(&after, NULL);

          us = (after.tv_sec - before.tv_sec) * 1000000 +
            (after.tv_usec - before.tv_usec);

          if(us < 400000) {
            return 1;
          }
        }
        return 0;
    }
